# JRE version: OpenJDK Runtime Environment Temurin-21.0.12.1+1 (21.0.12.1+1) (build 21.0.12.1+1-LTS)
# Java VM: OpenJDK 64-Bit Server VM Temurin-21.0.12.1+1 (21.0.12.1+1-LTS, mixed mode, sharing, tiered, compressed oops, compressed class ptrs, g1 gc, windows-amd64)
GC Precious Log:
 CardTable entry size: 512
 Card Set container configuration: InlinePtr #cards 5 size 8 Array Of Cards #cards 12 size 40 Howl #buckets 4 coarsen threshold 1843 Howl Bitmap #cards 512 size 80 coarsen threshold 460 Card regions per heap region 1 cards per card region 2048
 CPUs: 12 total, 12 available
 Memory: 7832M
 Large Page Support: Disabled
 NUMA Support: Disabled
 Compressed Oops: Enabled (32-bit)
 Heap Region Size: 1M
 Heap Min Capacity: 8M
 Heap Initial Capacity: 124M
 Heap Max Capacity: 2G
 Pre-touch: Disabled
 Parallel Workers: 10
 Concurrent Workers: 3
 Concurrent Refinement Workers: 10
 Periodic GC: Disabled
Heap:
 garbage-first heap   total 119808K, used 96914K [0x0000000080000000, 0x0000000100000000)
  region size 1024K, 51 young (52224K), 8 survivors (8192K)
 Metaspace       used 68924K, committed 70976K, reserved 491520K
  class space    used 10147K, committed 11136K, reserved 425984K
GC Heap History (20 events):
Event: 22.336 GC heap before
{Heap before GC invocations=6 (full 0):
 garbage-first heap   total 89088K, used 86796K [0x0000000080000000, 0x0000000100000000)
  region size 1024K, 64 young (65536K), 3 survivors (3072K)
 Metaspace       used 31275K, committed 32192K, reserved 491520K
  class space    used 4501K, committed 4928K, reserved 425984K
}
Event: 22.345 GC heap after
{Heap after GC invocations=7 (full 0):
 garbage-first heap   total 96256K, used 29487K [0x0000000080000000, 0x0000000100000000)
  region size 1024K, 7 young (7168K), 7 survivors (7168K)
 Metaspace       used 31275K, committed 32192K, reserved 491520K
  class space    used 4501K, committed 4928K, reserved 425984K
}
Event: 23.444 GC heap before
{Heap before GC invocations=7 (full 0):
 garbage-first heap   total 96256K, used 80687K [0x0000000080000000, 0x0000000100000000)
  region size 1024K, 56 young (57344K), 7 survivors (7168K)
 Metaspace       used 34029K, committed 35072K, reserved 491520K
  class space    used 4764K, committed 5248K, reserved 425984K
}
Event: 23.451 GC heap after
{Heap after GC invocations=8 (full 0):
 garbage-first heap   total 96256K, used 31788K [0x0000000080000000, 0x0000000100000000)
  region size 1024K, 3 young (3072K), 3 survivors (3072K)
 Metaspace       used 34029K, committed 35072K, reserved 491520K
  class space    used 4764K, committed 5248K, reserved 425984K
}
Event: 39.913 GC heap before
{Heap before GC invocations=8 (full 0):
 garbage-first heap   total 96256K, used 45100K [0x0000000080000000, 0x0000000100000000)
  region size 1024K, 17 young (17408K), 3 survivors (3072K)
 Metaspace       used 34889K, committed 35968K, reserved 491520K
  class space    used 4904K, committed 5440K, reserved 425984K
}
Event: 39.953 GC heap after
{Heap after GC invocations=9 (full 0):
 garbage-first heap   total 96256K, used 31757K [0x0000000080000000, 0x0000000100000000)
  region size 1024K, 3 young (3072K), 3 survivors (3072K)
 Metaspace       used 34889K, committed 35968K, reserved 491520K
  class space    used 4904K, committed 5440K, reserved 425984K
}
Event: 56.456 GC heap before
{Heap before GC invocations=10 (full 0):
 garbage-first heap   total 96256K, used 83981K [0x0000000080000000, 0x0000000100000000)
  region size 1024K, 54 young (55296K), 3 survivors (3072K)
 Metaspace       used 40795K, committed 42368K, reserved 491520K
  class space    used 5913K, committed 6656K, reserved 425984K
}
Event: 56.476 GC heap after
{Heap after GC invocations=11 (full 0):
 garbage-first heap   total 115712K, used 34372K [0x0000000080000000, 0x0000000100000000)
  region size 1024K, 6 young (6144K), 6 survivors (6144K)
 Metaspace       used 40795K, committed 42368K, reserved 491520K
  class space    used 5913K, committed 6656K, reserved 425984K
}
Event: 69.830 GC heap before
{Heap before GC invocations=11 (full 0):
 garbage-first heap   total 115712K, used 96836K [0x0000000080000000, 0x0000000100000000)
  region size 1024K, 67 young (68608K), 6 survivors (6144K)
 Metaspace       used 45087K, committed 46784K, reserved 491520K
  class space    used 6653K, committed 7488K, reserved 425984K
}
Event: 69.849 GC heap after
{Heap after GC invocations=12 (full 0):
 garbage-first heap   total 115712K, used 36376K [0x0000000080000000, 0x0000000100000000)
  region size 1024K, 6 young (6144K), 6 survivors (6144K)
 Metaspace       used 45087K, committed 46784K, reserved 491520K
  class space    used 6653K, committed 7488K, reserved 425984K
}
Event: 77.778 GC heap before
{Heap before GC invocations=12 (full 0):
 garbage-first heap   total 115712K, used 97816K [0x0000000080000000, 0x0000000100000000)
  region size 1024K, 67 young (68608K), 6 survivors (6144K)
 Metaspace       used 49156K, committed 50944K, reserved 491520K
  class space    used 7244K, committed 8128K, reserved 425984K
}
Event: 77.796 GC heap after
{Heap after GC invocations=13 (full 0):
 garbage-first heap   total 115712K, used 42354K [0x0000000080000000, 0x0000000100000000)
  region size 1024K, 9 young (9216K), 9 survivors (9216K)
 Metaspace       used 49156K, committed 50944K, reserved 491520K
  class space    used 7244K, committed 8128K, reserved 425984K
}
Event: 85.267 GC heap before
{Heap before GC invocations=13 (full 0):
 garbage-first heap   total 115712K, used 104818K [0x0000000080000000, 0x0000000100000000)
  region size 1024K, 66 young (67584K), 9 survivors (9216K)
 Metaspace       used 54852K, committed 56768K, reserved 491520K
  class space    used 8166K, committed 9088K, reserved 425984K
}
Event: 85.298 GC heap after
{Heap after GC invocations=14 (full 0):
 garbage-first heap   total 115712K, used 47166K [0x0000000080000000, 0x0000000100000000)
  region size 1024K, 4 young (4096K), 4 survivors (4096K)
 Metaspace       used 54852K, committed 56768K, reserved 491520K
  class space    used 8166K, committed 9088K, reserved 425984K
}
Event: 89.891 GC heap before
{Heap before GC invocations=14 (full 0):
 garbage-first heap   total 115712K, used 73790K [0x0000000080000000, 0x0000000100000000)
  region size 1024K, 31 young (31744K), 4 survivors (4096K)
 Metaspace       used 58245K, committed 60096K, reserved 491520K
  class space    used 8595K, committed 9536K, reserved 425984K
}
Event: 89.930 GC heap after
{Heap after GC invocations=15 (full 0):
 garbage-first heap   total 115712K, used 47786K [0x0000000080000000, 0x0000000100000000)
  region size 1024K, 5 young (5120K), 5 survivors (5120K)
 Metaspace       used 58245K, committed 60096K, reserved 491520K
  class space    used 8595K, committed 9536K, reserved 425984K
}
Event: 93.969 GC heap before
{Heap before GC invocations=16 (full 0):
 garbage-first heap   total 115712K, used 104106K [0x0000000080000000, 0x0000000100000000)
  region size 1024K, 60 young (61440K), 5 survivors (5120K)
 Metaspace       used 62595K, committed 64512K, reserved 491520K
  class space    used 9230K, committed 10176K, reserved 425984K
}
Event: 93.985 GC heap after
{Heap after GC invocations=17 (full 0):
 garbage-first heap   total 115712K, used 49799K [0x0000000080000000, 0x0000000100000000)
  region size 1024K, 7 young (7168K), 7 survivors (7168K)
 Metaspace       used 62595K, committed 64512K, reserved 491520K
  class space    used 9230K, committed 10176K, reserved 425984K
}
Event: 101.810 GC heap before
{Heap before GC invocations=17 (full 0):
 garbage-first heap   total 115712K, used 105095K [0x0000000080000000, 0x0000000100000000)
  region size 1024K, 61 young (62464K), 7 survivors (7168K)
 Metaspace       used 65843K, committed 67776K, reserved 491520K
  class space    used 9690K, committed 10624K, reserved 425984K
}
Event: 101.828 GC heap after
{Heap after GC invocations=18 (full 0):
 garbage-first heap   total 119808K, used 53906K [0x0000000080000000, 0x0000000100000000)
  region size 1024K, 8 young (8192K), 8 survivors (8192K)
 Metaspace       used 65843K, committed 67776K, reserved 491520K
  class space    used 9690K, committed 10624K, reserved 425984K
}

