# JRE version: OpenJDK Runtime Environment Temurin-25.0.4.1+1 (25.0.4.1+1) (build 25.0.4.1+1-LTS)
# Java VM: OpenJDK 64-Bit Server VM Temurin-25.0.4.1+1 (25.0.4.1+1-LTS, mixed mode, sharing, tiered, compressed oops, compressed class ptrs, g1 gc, windows-amd64)
GC Precious Log:
 CardTable entry size: 512
 Card Set container configuration: InlinePtr #cards 5 size 8 Array Of Cards #cards 10 size 36 Howl #buckets 4 coarsen threshold 1843 Howl Bitmap #cards 512 size 80 coarsen threshold 460 Card regions per heap region 1 cards per card region 2048
 CPUs: 12 total, 12 available
 Memory: 7832M
 Large Page Support: Disabled
 NUMA Support: Disabled
 Compressed Oops: Enabled (32-bit)
 Heap Region Size: 1M
 Heap Min Capacity: 8M
 Heap Initial Capacity: 124M
 Heap Max Capacity: 2G
 Pre-touch: Disabled
 Parallel Workers: 10
 Concurrent Workers: 3
 Concurrent Refinement Workers: 10
 Periodic GC: Disabled
Heap:
 garbage-first heap   total reserved 2097152K, committed 100352K, used 78664K [0x0000000080000000, 0x0000000100000000)
  region size 1024K, 43 young (44032K), 4 survivors (4096K)
GC Heap Usage History (20 events):
Event: 626.459 {heap Before GC invocations=26 (full 0):
 garbage-first heap   total reserved 2097152K, committed 100352K, used 93339K [0x0000000080000000, 0x0000000100000000)
  region size 1024K, 57 young (58368K), 4 survivors (4096K)
}
Event: 626.486 {heap After GC invocations=27 (full 0):
 garbage-first heap   total reserved 2097152K, committed 100352K, used 38857K [0x0000000080000000, 0x0000000100000000)
  region size 1024K, 4 young (4096K), 4 survivors (4096K)
}
Event: 699.136 {heap Before GC invocations=27 (full 0):
 garbage-first heap   total reserved 2097152K, committed 100352K, used 92105K [0x0000000080000000, 0x0000000100000000)
  region size 1024K, 57 young (58368K), 4 survivors (4096K)
}
Event: 699.186 {heap After GC invocations=28 (full 0):
 garbage-first heap   total reserved 2097152K, committed 100352K, used 39418K [0x0000000080000000, 0x0000000100000000)
  region size 1024K, 4 young (4096K), 4 survivors (4096K)
}
Event: 737.417 {heap Before GC invocations=28 (full 0):
 garbage-first heap   total reserved 2097152K, committed 100352K, used 93690K [0x0000000080000000, 0x0000000100000000)
  region size 1024K, 57 young (58368K), 4 survivors (4096K)
}
Event: 737.696 {heap After GC invocations=29 (full 0):
 garbage-first heap   total reserved 2097152K, committed 100352K, used 39159K [0x0000000080000000, 0x0000000100000000)
  region size 1024K, 4 young (4096K), 4 survivors (4096K)
}
Event: 801.466 {heap Before GC invocations=29 (full 0):
 garbage-first heap   total reserved 2097152K, committed 100352K, used 93431K [0x0000000080000000, 0x0000000100000000)
  region size 1024K, 57 young (58368K), 4 survivors (4096K)
}
Event: 801.548 {heap After GC invocations=30 (full 0):
 garbage-first heap   total reserved 2097152K, committed 100352K, used 38240K [0x0000000080000000, 0x0000000100000000)
  region size 1024K, 3 young (3072K), 3 survivors (3072K)
}
Event: 830.358 {heap Before GC invocations=30 (full 0):
 garbage-first heap   total reserved 2097152K, committed 100352K, used 92512K [0x0000000080000000, 0x0000000100000000)
  region size 1024K, 56 young (57344K), 3 survivors (3072K)
}
Event: 830.373 {heap After GC invocations=31 (full 0):
 garbage-first heap   total reserved 2097152K, committed 100352K, used 39557K [0x0000000080000000, 0x0000000100000000)
  region size 1024K, 4 young (4096K), 4 survivors (4096K)
}
Event: 853.160 {heap Before GC invocations=31 (full 0):
 garbage-first heap   total reserved 2097152K, committed 100352K, used 92805K [0x0000000080000000, 0x0000000100000000)
  region size 1024K, 56 young (57344K), 4 survivors (4096K)
}
Event: 853.191 {heap After GC invocations=32 (full 0):
 garbage-first heap   total reserved 2097152K, committed 100352K, used 39788K [0x0000000080000000, 0x0000000100000000)
  region size 1024K, 4 young (4096K), 4 survivors (4096K)
}
Event: 896.489 {heap Before GC invocations=32 (full 0):
 garbage-first heap   total reserved 2097152K, committed 100352K, used 93036K [0x0000000080000000, 0x0000000100000000)
  region size 1024K, 56 young (57344K), 4 survivors (4096K)
}
Event: 896.557 {heap After GC invocations=33 (full 0):
 garbage-first heap   total reserved 2097152K, committed 100352K, used 39664K [0x0000000080000000, 0x0000000100000000)
  region size 1024K, 4 young (4096K), 4 survivors (4096K)
}
Event: 927.819 {heap Before GC invocations=33 (full 0):
 garbage-first heap   total reserved 2097152K, committed 100352K, used 92912K [0x0000000080000000, 0x0000000100000000)
  region size 1024K, 56 young (57344K), 4 survivors (4096K)
}
Event: 927.841 {heap After GC invocations=34 (full 0):
 garbage-first heap   total reserved 2097152K, committed 100352K, used 39289K [0x0000000080000000, 0x0000000100000000)
  region size 1024K, 4 young (4096K), 4 survivors (4096K)
}
Event: 970.119 {heap Before GC invocations=34 (full 0):
 garbage-first heap   total reserved 2097152K, committed 100352K, used 92537K [0x0000000080000000, 0x0000000100000000)
  region size 1024K, 56 young (57344K), 4 survivors (4096K)
}
Event: 970.165 {heap After GC invocations=35 (full 0):
 garbage-first heap   total reserved 2097152K, committed 100352K, used 39586K [0x0000000080000000, 0x0000000100000000)
  region size 1024K, 4 young (4096K), 4 survivors (4096K)
}
Event: 998.987 {heap Before GC invocations=35 (full 0):
 garbage-first heap   total reserved 2097152K, committed 100352K, used 92834K [0x0000000080000000, 0x0000000100000000)
  region size 1024K, 56 young (57344K), 4 survivors (4096K)
}
Event: 999.021 {heap After GC invocations=36 (full 0):
 garbage-first heap   total reserved 2097152K, committed 100352K, used 39752K [0x0000000080000000, 0x0000000100000000)
  region size 1024K, 4 young (4096K), 4 survivors (4096K)
}

