# JRE version: OpenJDK Runtime Environment Temurin-21.0.12.1+1 (21.0.12.1+1) (build 21.0.12.1+1-LTS)
# Java VM: OpenJDK 64-Bit Server VM Temurin-21.0.12.1+1 (21.0.12.1+1-LTS, mixed mode, sharing, tiered, compressed oops, compressed class ptrs, g1 gc, windows-amd64)
GC Precious Log:
 CardTable entry size: 512
 Card Set container configuration: InlinePtr #cards 5 size 8 Array Of Cards #cards 12 size 40 Howl #buckets 4 coarsen threshold 1843 Howl Bitmap #cards 512 size 80 coarsen threshold 460 Card regions per heap region 1 cards per card region 2048
 CPUs: 12 total, 12 available
 Memory: 7832M
 Large Page Support: Disabled
 NUMA Support: Disabled
 Compressed Oops: Enabled (32-bit)
 Heap Region Size: 1M
 Heap Min Capacity: 8M
 Heap Initial Capacity: 124M
 Heap Max Capacity: 2G
 Pre-touch: Disabled
 Parallel Workers: 10
 Concurrent Workers: 3
 Concurrent Refinement Workers: 10
 Periodic GC: Disabled
Heap:
 garbage-first heap   total 114688K, used 72606K [0x0000000080000000, 0x0000000100000000)
  region size 1024K, 3 young (3072K), 3 survivors (3072K)
 Metaspace       used 79974K, committed 81984K, reserved 557056K
  class space    used 11617K, committed 12608K, reserved 425984K
GC Heap History (20 events):
Event: 67.124 GC heap before
{Heap before GC invocations=16 (full 0):
 garbage-first heap   total 112640K, used 100857K [0x0000000080000000, 0x0000000100000000)
  region size 1024K, 57 young (58368K), 5 survivors (5120K)
 Metaspace       used 62331K, committed 64192K, reserved 491520K
  class space    used 9199K, committed 10112K, reserved 425984K
}
Event: 67.145 GC heap after
{Heap after GC invocations=17 (full 0):
 garbage-first heap   total 112640K, used 49722K [0x0000000080000000, 0x0000000100000000)
  region size 1024K, 4 young (4096K), 4 survivors (4096K)
 Metaspace       used 62331K, committed 64192K, reserved 491520K
  class space    used 9199K, committed 10112K, reserved 425984K
}
Event: 71.561 GC heap before
{Heap before GC invocations=17 (full 0):
 garbage-first heap   total 112640K, used 101946K [0x0000000080000000, 0x0000000100000000)
  region size 1024K, 55 young (56320K), 4 survivors (4096K)
 Metaspace       used 65708K, committed 67648K, reserved 491520K
  class space    used 9678K, committed 10624K, reserved 425984K
}
Event: 71.572 GC heap after
{Heap after GC invocations=18 (full 0):
 garbage-first heap   total 112640K, used 53463K [0x0000000080000000, 0x0000000100000000)
  region size 1024K, 7 young (7168K), 7 survivors (7168K)
 Metaspace       used 65708K, committed 67648K, reserved 491520K
  class space    used 9678K, committed 10624K, reserved 425984K
}
Event: 75.915 GC heap before
{Heap before GC invocations=18 (full 0):
 garbage-first heap   total 112640K, used 100567K [0x0000000080000000, 0x0000000100000000)
  region size 1024K, 54 young (55296K), 7 survivors (7168K)
 Metaspace       used 70017K, committed 72064K, reserved 491520K
  class space    used 10215K, committed 11200K, reserved 425984K
}
Event: 75.929 GC heap after
{Heap after GC invocations=19 (full 0):
 garbage-first heap   total 112640K, used 56625K [0x0000000080000000, 0x0000000100000000)
  region size 1024K, 5 young (5120K), 5 survivors (5120K)
 Metaspace       used 70017K, committed 72064K, reserved 491520K
  class space    used 10215K, committed 11200K, reserved 425984K
}
Event: 80.249 GC heap before
{Heap before GC invocations=19 (full 0):
 garbage-first heap   total 112640K, used 100657K [0x0000000080000000, 0x0000000100000000)
  region size 1024K, 49 young (50176K), 5 survivors (5120K)
 Metaspace       used 77002K, committed 79040K, reserved 557056K
  class space    used 11274K, committed 12288K, reserved 425984K
}
Event: 80.259 GC heap after
{Heap after GC invocations=20 (full 0):
 garbage-first heap   total 112640K, used 59105K [0x0000000080000000, 0x0000000100000000)
  region size 1024K, 4 young (4096K), 4 survivors (4096K)
 Metaspace       used 77002K, committed 79040K, reserved 557056K
  class space    used 11274K, committed 12288K, reserved 425984K
}
Event: 107.314 GC heap before
{Heap before GC invocations=21 (full 0):
 garbage-first heap   total 112640K, used 100065K [0x0000000080000000, 0x0000000100000000)
  region size 1024K, 45 young (46080K), 4 survivors (4096K)
 Metaspace       used 78475K, committed 80512K, reserved 557056K
  class space    used 11463K, committed 12480K, reserved 425984K
}
Event: 107.354 GC heap after
{Heap after GC invocations=22 (full 0):
 garbage-first heap   total 112640K, used 63152K [0x0000000080000000, 0x0000000100000000)
  region size 1024K, 4 young (4096K), 4 survivors (4096K)
 Metaspace       used 78475K, committed 80512K, reserved 557056K
  class space    used 11463K, committed 12480K, reserved 425984K
}
Event: 125.465 GC heap before
{Heap before GC invocations=22 (full 0):
 garbage-first heap   total 112640K, used 101040K [0x0000000080000000, 0x0000000100000000)
  region size 1024K, 42 young (43008K), 4 survivors (4096K)
 Metaspace       used 78768K, committed 80832K, reserved 557056K
  class space    used 11473K, committed 12480K, reserved 425984K
}
Event: 125.508 GC heap after
{Heap after GC invocations=23 (full 0):
 garbage-first heap   total 112640K, used 66899K [0x0000000080000000, 0x0000000100000000)
  region size 1024K, 5 young (5120K), 5 survivors (5120K)
 Metaspace       used 78768K, committed 80832K, reserved 557056K
  class space    used 11473K, committed 12480K, reserved 425984K
}
Event: 135.141 GC heap before
{Heap before GC invocations=23 (full 0):
 garbage-first heap   total 112640K, used 100691K [0x0000000080000000, 0x0000000100000000)
  region size 1024K, 39 young (39936K), 5 survivors (5120K)
 Metaspace       used 78836K, committed 80896K, reserved 557056K
  class space    used 11475K, committed 12480K, reserved 425984K
}
Event: 135.168 GC heap after
{Heap after GC invocations=24 (full 0):
 garbage-first heap   total 112640K, used 68280K [0x0000000080000000, 0x0000000100000000)
  region size 1024K, 4 young (4096K), 4 survivors (4096K)
 Metaspace       used 78836K, committed 80896K, reserved 557056K
  class space    used 11475K, committed 12480K, reserved 425984K
}
Event: 136.767 GC heap before
{Heap before GC invocations=25 (full 0):
 garbage-first heap   total 114688K, used 100024K [0x0000000080000000, 0x0000000100000000)
  region size 1024K, 36 young (36864K), 4 survivors (4096K)
 Metaspace       used 78841K, committed 80896K, reserved 557056K
  class space    used 11475K, committed 12480K, reserved 425984K
}
Event: 136.775 GC heap after
{Heap after GC invocations=26 (full 0):
 garbage-first heap   total 114688K, used 69965K [0x0000000080000000, 0x0000000100000000)
  region size 1024K, 2 young (2048K), 2 survivors (2048K)
 Metaspace       used 78841K, committed 80896K, reserved 557056K
  class space    used 11475K, committed 12480K, reserved 425984K
}
Event: 142.195 GC heap before
{Heap before GC invocations=26 (full 0):
 garbage-first heap   total 114688K, used 103757K [0x0000000080000000, 0x0000000100000000)
  region size 1024K, 36 young (36864K), 2 survivors (2048K)
 Metaspace       used 79626K, committed 81728K, reserved 557056K
  class space    used 11579K, committed 12608K, reserved 425984K
}
Event: 142.206 GC heap after
{Heap after GC invocations=27 (full 0):
 garbage-first heap   total 114688K, used 71058K [0x0000000080000000, 0x0000000100000000)
  region size 1024K, 4 young (4096K), 4 survivors (4096K)
 Metaspace       used 79626K, committed 81728K, reserved 557056K
  class space    used 11579K, committed 12608K, reserved 425984K
}
Event: 142.660 GC heap before
{Heap before GC invocations=27 (full 0):
 garbage-first heap   total 114688K, used 73106K [0x0000000080000000, 0x0000000100000000)
  region size 1024K, 7 young (7168K), 4 survivors (4096K)
 Metaspace       used 79974K, committed 81984K, reserved 557056K
  class space    used 11617K, committed 12608K, reserved 425984K
}
Event: 142.666 GC heap after
{Heap after GC invocations=28 (full 0):
 garbage-first heap   total 114688K, used 71582K [0x0000000080000000, 0x0000000100000000)
  region size 1024K, 3 young (3072K), 3 survivors (3072K)
 Metaspace       used 79974K, committed 81984K, reserved 557056K
  class space    used 11617K, committed 12608K, reserved 425984K
}

