# JRE version: OpenJDK Runtime Environment Temurin-21.0.12.1+1 (21.0.12.1+1) (build 21.0.12.1+1-LTS)
# Java VM: OpenJDK 64-Bit Server VM Temurin-21.0.12.1+1 (21.0.12.1+1-LTS, mixed mode, sharing, tiered, compressed oops, compressed class ptrs, g1 gc, windows-amd64)
GC Precious Log:
 CardTable entry size: 512
 Card Set container configuration: InlinePtr #cards 5 size 8 Array Of Cards #cards 12 size 40 Howl #buckets 4 coarsen threshold 1843 Howl Bitmap #cards 512 size 80 coarsen threshold 460 Card regions per heap region 1 cards per card region 2048
 CPUs: 12 total, 12 available
 Memory: 7832M
 Large Page Support: Disabled
 NUMA Support: Disabled
 Compressed Oops: Enabled (32-bit)
 Heap Region Size: 1M
 Heap Min Capacity: 8M
 Heap Initial Capacity: 124M
 Heap Max Capacity: 2G
 Pre-touch: Disabled
 Parallel Workers: 10
 Concurrent Workers: 3
 Concurrent Refinement Workers: 10
 Periodic GC: Disabled
Heap:
 garbage-first heap   total 111616K, used 39612K [0x0000000080000000, 0x0000000100000000)
  region size 1024K, 1 young (1024K), 1 survivors (1024K)
 Metaspace       used 48461K, committed 50176K, reserved 491520K
  class space    used 7141K, committed 8000K, reserved 425984K
GC Heap History (20 events):
Event: 1.206 GC heap after
{Heap after GC invocations=2 (full 0):
 garbage-first heap   total 126976K, used 11036K [0x0000000080000000, 0x0000000100000000)
  region size 1024K, 4 young (4096K), 4 survivors (4096K)
 Metaspace       used 4393K, committed 4544K, reserved 491520K
  class space    used 558K, committed 640K, reserved 425984K
}
Event: 2.757 GC heap before
{Heap before GC invocations=2 (full 0):
 garbage-first heap   total 126976K, used 57116K [0x0000000080000000, 0x0000000100000000)
  region size 1024K, 48 young (49152K), 4 survivors (4096K)
 Metaspace       used 5740K, committed 5952K, reserved 491520K
  class space    used 767K, committed 896K, reserved 425984K
}
Event: 2.772 GC heap after
{Heap after GC invocations=3 (full 0):
 garbage-first heap   total 126976K, used 18361K [0x0000000080000000, 0x0000000100000000)
  region size 1024K, 6 young (6144K), 6 survivors (6144K)
 Metaspace       used 5740K, committed 5952K, reserved 491520K
  class space    used 767K, committed 896K, reserved 425984K
}
Event: 46.620 GC heap before
{Heap before GC invocations=3 (full 0):
 garbage-first heap   total 126976K, used 87993K [0x0000000080000000, 0x0000000100000000)
  region size 1024K, 74 young (75776K), 6 survivors (6144K)
 Metaspace       used 18170K, committed 18688K, reserved 491520K
  class space    used 2600K, committed 2816K, reserved 425984K
}
Event: 46.652 GC heap after
{Heap after GC invocations=4 (full 0):
 garbage-first heap   total 126976K, used 23445K [0x0000000080000000, 0x0000000100000000)
  region size 1024K, 6 young (6144K), 6 survivors (6144K)
 Metaspace       used 18170K, committed 18688K, reserved 491520K
  class space    used 2600K, committed 2816K, reserved 425984K
}
Event: 48.662 GC heap before
{Heap before GC invocations=4 (full 0):
 garbage-first heap   total 126976K, used 43925K [0x0000000080000000, 0x0000000100000000)
  region size 1024K, 27 young (27648K), 6 survivors (6144K)
 Metaspace       used 20796K, committed 21504K, reserved 491520K
  class space    used 3054K, committed 3392K, reserved 425984K
}
Event: 48.677 GC heap after
{Heap after GC invocations=5 (full 0):
 garbage-first heap   total 126976K, used 25032K [0x0000000080000000, 0x0000000100000000)
  region size 1024K, 7 young (7168K), 7 survivors (7168K)
 Metaspace       used 20796K, committed 21504K, reserved 491520K
  class space    used 3054K, committed 3392K, reserved 425984K
}
Event: 56.875 GC heap before
{Heap before GC invocations=6 (full 0):
 garbage-first heap   total 86016K, used 84424K [0x0000000080000000, 0x0000000100000000)
  region size 1024K, 66 young (67584K), 7 survivors (7168K)
 Metaspace       used 30926K, committed 31872K, reserved 491520K
  class space    used 4469K, committed 4928K, reserved 425984K
}
Event: 56.890 GC heap after
{Heap after GC invocations=7 (full 0):
 garbage-first heap   total 98304K, used 29556K [0x0000000080000000, 0x0000000100000000)
  region size 1024K, 7 young (7168K), 7 survivors (7168K)
 Metaspace       used 30926K, committed 31872K, reserved 491520K
  class space    used 4469K, committed 4928K, reserved 425984K
}
Event: 60.669 GC heap before
{Heap before GC invocations=7 (full 0):
 garbage-first heap   total 98304K, used 81780K [0x0000000080000000, 0x0000000100000000)
  region size 1024K, 57 young (58368K), 7 survivors (7168K)
 Metaspace       used 34035K, committed 35072K, reserved 491520K
  class space    used 4753K, committed 5248K, reserved 425984K
}
Event: 60.684 GC heap after
{Heap after GC invocations=8 (full 0):
 garbage-first heap   total 98304K, used 32155K [0x0000000080000000, 0x0000000100000000)
  region size 1024K, 3 young (3072K), 3 survivors (3072K)
 Metaspace       used 34035K, committed 35072K, reserved 491520K
  class space    used 4753K, committed 5248K, reserved 425984K
}
Event: 65.319 GC heap before
{Heap before GC invocations=8 (full 0):
 garbage-first heap   total 98304K, used 45467K [0x0000000080000000, 0x0000000100000000)
  region size 1024K, 17 young (17408K), 3 survivors (3072K)
 Metaspace       used 34944K, committed 35968K, reserved 491520K
  class space    used 4909K, committed 5440K, reserved 425984K
}
Event: 65.323 GC heap after
{Heap after GC invocations=9 (full 0):
 garbage-first heap   total 98304K, used 32588K [0x0000000080000000, 0x0000000100000000)
  region size 1024K, 4 young (4096K), 4 survivors (4096K)
 Metaspace       used 34944K, committed 35968K, reserved 491520K
  class space    used 4909K, committed 5440K, reserved 425984K
}
Event: 73.952 GC heap before
{Heap before GC invocations=10 (full 0):
 garbage-first heap   total 98304K, used 85836K [0x0000000080000000, 0x0000000100000000)
  region size 1024K, 56 young (57344K), 4 survivors (4096K)
 Metaspace       used 41018K, committed 42560K, reserved 491520K
  class space    used 5935K, committed 6656K, reserved 425984K
}
Event: 73.959 GC heap after
{Heap after GC invocations=11 (full 0):
 garbage-first heap   total 98304K, used 34582K [0x0000000080000000, 0x0000000100000000)
  region size 1024K, 6 young (6144K), 6 survivors (6144K)
 Metaspace       used 41018K, committed 42560K, reserved 491520K
  class space    used 5935K, committed 6656K, reserved 425984K
}
Event: 89.622 GC heap before
{Heap before GC invocations=11 (full 0):
 garbage-first heap   total 98304K, used 86806K [0x0000000080000000, 0x0000000100000000)
  region size 1024K, 57 young (58368K), 6 survivors (6144K)
 Metaspace       used 44402K, committed 46080K, reserved 491520K
  class space    used 6534K, committed 7360K, reserved 425984K
}
Event: 90.778 GC heap after
{Heap after GC invocations=12 (full 0):
 garbage-first heap   total 98304K, used 36206K [0x0000000080000000, 0x0000000100000000)
  region size 1024K, 6 young (6144K), 6 survivors (6144K)
 Metaspace       used 44402K, committed 46080K, reserved 491520K
  class space    used 6534K, committed 7360K, reserved 425984K
}
Event: 148.115 GC heap before
{Heap before GC invocations=12 (full 0):
 garbage-first heap   total 98304K, used 87406K [0x0000000080000000, 0x0000000100000000)
  region size 1024K, 56 young (57344K), 6 survivors (6144K)
 Metaspace       used 48454K, committed 50176K, reserved 491520K
  class space    used 7141K, committed 8000K, reserved 425984K
}
Event: 148.959 GC heap after
{Heap after GC invocations=13 (full 0):
 garbage-first heap   total 98304K, used 38998K [0x0000000080000000, 0x0000000100000000)
  region size 1024K, 5 young (5120K), 5 survivors (5120K)
 Metaspace       used 48454K, committed 50176K, reserved 491520K
  class space    used 7141K, committed 8000K, reserved 425984K
}
Event: 149.070 GC heap before
{Heap before GC invocations=13 (full 0):
 garbage-first heap   total 98304K, used 40022K [0x0000000080000000, 0x0000000100000000)
  region size 1024K, 6 young (6144K), 5 survivors (5120K)
 Metaspace       used 48461K, committed 50176K, reserved 491520K
  class space    used 7141K, committed 8000K, reserved 425984K
}

