# JRE version: OpenJDK Runtime Environment Temurin-21.0.12.1+1 (21.0.12.1+1) (build 21.0.12.1+1-LTS)
# Java VM: OpenJDK 64-Bit Server VM Temurin-21.0.12.1+1 (21.0.12.1+1-LTS, mixed mode, sharing, tiered, compressed oops, compressed class ptrs, g1 gc, windows-amd64)
GC Precious Log:
 CardTable entry size: 512
 Card Set container configuration: InlinePtr #cards 5 size 8 Array Of Cards #cards 12 size 40 Howl #buckets 4 coarsen threshold 1843 Howl Bitmap #cards 512 size 80 coarsen threshold 460 Card regions per heap region 1 cards per card region 2048
 CPUs: 12 total, 12 available
 Memory: 7832M
 Large Page Support: Disabled
 NUMA Support: Disabled
 Compressed Oops: Enabled (32-bit)
 Heap Region Size: 1M
 Heap Min Capacity: 8M
 Heap Initial Capacity: 124M
 Heap Max Capacity: 2G
 Pre-touch: Disabled
 Parallel Workers: 10
 Concurrent Workers: 3
 Concurrent Refinement Workers: 10
 Periodic GC: Disabled
Heap:
 garbage-first heap   total 109568K, used 80606K [0x0000000080000000, 0x0000000100000000)
  region size 1024K, 52 young (53248K), 7 survivors (7168K)
 Metaspace       used 44553K, committed 46208K, reserved 491520K
  class space    used 6577K, committed 7360K, reserved 425984K
GC Heap History (18 events):
Event: 0.307 GC heap before
{Heap before GC invocations=0 (full 0):
 garbage-first heap   total 126976K, used 22528K [0x0000000080000000, 0x0000000100000000)
  region size 1024K, 23 young (23552K), 0 survivors (0K)
 Metaspace       used 1078K, committed 1216K, reserved 491520K
  class space    used 81K, committed 128K, reserved 425984K
}
Event: 0.314 GC heap after
{Heap after GC invocations=1 (full 0):
 garbage-first heap   total 126976K, used 3792K [0x0000000080000000, 0x0000000100000000)
  region size 1024K, 3 young (3072K), 3 survivors (3072K)
 Metaspace       used 1078K, committed 1216K, reserved 491520K
  class space    used 81K, committed 128K, reserved 425984K
}
Event: 0.692 GC heap before
{Heap before GC invocations=1 (full 0):
 garbage-first heap   total 126976K, used 40656K [0x0000000080000000, 0x0000000100000000)
  region size 1024K, 36 young (36864K), 3 survivors (3072K)
 Metaspace       used 4345K, committed 4480K, reserved 491520K
  class space    used 557K, committed 640K, reserved 425984K
}
Event: 0.699 GC heap after
{Heap after GC invocations=2 (full 0):
 garbage-first heap   total 126976K, used 11820K [0x0000000080000000, 0x0000000100000000)
  region size 1024K, 5 young (5120K), 5 survivors (5120K)
 Metaspace       used 4345K, committed 4480K, reserved 491520K
  class space    used 557K, committed 640K, reserved 425984K
}
Event: 1.014 GC heap before
{Heap before GC invocations=2 (full 0):
 garbage-first heap   total 126976K, used 59948K [0x0000000080000000, 0x0000000100000000)
  region size 1024K, 50 young (51200K), 5 survivors (5120K)
 Metaspace       used 5928K, committed 6208K, reserved 491520K
  class space    used 798K, committed 896K, reserved 425984K
}
Event: 1.022 GC heap after
{Heap after GC invocations=3 (full 0):
 garbage-first heap   total 126976K, used 18734K [0x0000000080000000, 0x0000000100000000)
  region size 1024K, 6 young (6144K), 6 survivors (6144K)
 Metaspace       used 5928K, committed 6208K, reserved 491520K
  class space    used 798K, committed 896K, reserved 425984K
}
Event: 15.527 GC heap before
{Heap before GC invocations=3 (full 0):
 garbage-first heap   total 126976K, used 87342K [0x0000000080000000, 0x0000000100000000)
  region size 1024K, 74 young (75776K), 6 survivors (6144K)
 Metaspace       used 18359K, committed 18944K, reserved 491520K
  class space    used 2641K, committed 2944K, reserved 425984K
}
Event: 15.557 GC heap after
{Heap after GC invocations=4 (full 0):
 garbage-first heap   total 126976K, used 23552K [0x0000000080000000, 0x0000000100000000)
  region size 1024K, 5 young (5120K), 5 survivors (5120K)
 Metaspace       used 18359K, committed 18944K, reserved 491520K
  class space    used 2641K, committed 2944K, reserved 425984K
}
Event: 19.342 GC heap before
{Heap before GC invocations=4 (full 0):
 garbage-first heap   total 126976K, used 43008K [0x0000000080000000, 0x0000000100000000)
  region size 1024K, 25 young (25600K), 5 survivors (5120K)
 Metaspace       used 20854K, committed 21504K, reserved 491520K
  class space    used 3074K, committed 3392K, reserved 425984K
}
Event: 19.355 GC heap after
{Heap after GC invocations=5 (full 0):
 garbage-first heap   total 126976K, used 25207K [0x0000000080000000, 0x0000000100000000)
  region size 1024K, 7 young (7168K), 7 survivors (7168K)
 Metaspace       used 20854K, committed 21504K, reserved 491520K
  class space    used 3074K, committed 3392K, reserved 425984K
}
Event: 33.640 GC heap before
{Heap before GC invocations=6 (full 0):
 garbage-first heap   total 86016K, used 85623K [0x0000000080000000, 0x0000000100000000)
  region size 1024K, 66 young (67584K), 7 survivors (7168K)
 Metaspace       used 30863K, committed 31808K, reserved 491520K
  class space    used 4463K, committed 4928K, reserved 425984K
}
Event: 33.655 GC heap after
{Heap after GC invocations=7 (full 0):
 garbage-first heap   total 118784K, used 29575K [0x0000000080000000, 0x0000000100000000)
  region size 1024K, 7 young (7168K), 7 survivors (7168K)
 Metaspace       used 30863K, committed 31808K, reserved 491520K
  class space    used 4463K, committed 4928K, reserved 425984K
}
Event: 43.421 GC heap before
{Heap before GC invocations=7 (full 0):
 garbage-first heap   total 118784K, used 94087K [0x0000000080000000, 0x0000000100000000)
  region size 1024K, 69 young (70656K), 7 survivors (7168K)
 Metaspace       used 34665K, committed 35712K, reserved 491520K
  class space    used 4865K, committed 5376K, reserved 425984K
}
Event: 43.434 GC heap after
{Heap after GC invocations=8 (full 0):
 garbage-first heap   total 118784K, used 33332K [0x0000000080000000, 0x0000000100000000)
  region size 1024K, 9 young (9216K), 9 survivors (9216K)
 Metaspace       used 34665K, committed 35712K, reserved 491520K
  class space    used 4865K, committed 5376K, reserved 425984K
}
Event: 46.834 GC heap before
{Heap before GC invocations=8 (full 0):
 garbage-first heap   total 118784K, used 35380K [0x0000000080000000, 0x0000000100000000)
  region size 1024K, 12 young (12288K), 9 survivors (9216K)
 Metaspace       used 34881K, committed 35968K, reserved 491520K
  class space    used 4904K, committed 5440K, reserved 425984K
}
Event: 46.842 GC heap after
{Heap after GC invocations=9 (full 0):
 garbage-first heap   total 118784K, used 32410K [0x0000000080000000, 0x0000000100000000)
  region size 1024K, 3 young (3072K), 3 survivors (3072K)
 Metaspace       used 34881K, committed 35968K, reserved 491520K
  class space    used 4904K, committed 5440K, reserved 425984K
}
Event: 61.150 GC heap before
{Heap before GC invocations=10 (full 0):
 garbage-first heap   total 109568K, used 94874K [0x0000000080000000, 0x0000000100000000)
  region size 1024K, 64 young (65536K), 3 survivors (3072K)
 Metaspace       used 41717K, committed 43328K, reserved 491520K
  class space    used 6067K, committed 6848K, reserved 425984K
}
Event: 61.168 GC heap after
{Heap after GC invocations=11 (full 0):
 garbage-first heap   total 109568K, used 35550K [0x0000000080000000, 0x0000000100000000)
  region size 1024K, 7 young (7168K), 7 survivors (7168K)
 Metaspace       used 41717K, committed 43328K, reserved 491520K
  class space    used 6067K, committed 6848K, reserved 425984K
}

