# JRE version: OpenJDK Runtime Environment Temurin-21.0.12.1+1 (21.0.12.1+1) (build 21.0.12.1+1-LTS)
# Java VM: OpenJDK 64-Bit Server VM Temurin-21.0.12.1+1 (21.0.12.1+1-LTS, mixed mode, sharing, tiered, compressed oops, compressed class ptrs, g1 gc, windows-amd64)
GC Precious Log:
 CardTable entry size: 512
 Card Set container configuration: InlinePtr #cards 5 size 8 Array Of Cards #cards 12 size 40 Howl #buckets 4 coarsen threshold 1843 Howl Bitmap #cards 512 size 80 coarsen threshold 460 Card regions per heap region 1 cards per card region 2048
 CPUs: 12 total, 12 available
 Memory: 7832M
 Large Page Support: Disabled
 NUMA Support: Disabled
 Compressed Oops: Enabled (32-bit)
 Heap Region Size: 1M
 Heap Min Capacity: 8M
 Heap Initial Capacity: 124M
 Heap Max Capacity: 2G
 Pre-touch: Disabled
 Parallel Workers: 10
 Concurrent Workers: 3
 Concurrent Refinement Workers: 10
 Periodic GC: Disabled
Heap:
 garbage-first heap   total 122880K, used 93929K [0x0000000080000000, 0x0000000100000000)
  region size 1024K, 24 young (24576K), 4 survivors (4096K)
 Metaspace       used 73429K, committed 75456K, reserved 491520K
  class space    used 10751K, committed 11776K, reserved 425984K
GC Heap History (20 events):
Event: 59.396 GC heap before
{Heap before GC invocations=12 (full 0):
 garbage-first heap   total 115712K, used 98504K [0x0000000080000000, 0x0000000100000000)
  region size 1024K, 67 young (68608K), 6 survivors (6144K)
 Metaspace       used 49542K, committed 51264K, reserved 491520K
  class space    used 7289K, committed 8128K, reserved 425984K
}
Event: 59.513 GC heap after
{Heap after GC invocations=13 (full 0):
 garbage-first heap   total 115712K, used 41318K [0x0000000080000000, 0x0000000100000000)
  region size 1024K, 7 young (7168K), 7 survivors (7168K)
 Metaspace       used 49542K, committed 51264K, reserved 491520K
  class space    used 7289K, committed 8128K, reserved 425984K
}
Event: 63.566 GC heap before
{Heap before GC invocations=13 (full 0):
 garbage-first heap   total 115712K, used 106854K [0x0000000080000000, 0x0000000100000000)
  region size 1024K, 67 young (68608K), 7 survivors (7168K)
 Metaspace       used 55616K, committed 57472K, reserved 491520K
  class space    used 8235K, committed 9152K, reserved 425984K
}
Event: 63.574 GC heap after
{Heap after GC invocations=14 (full 0):
 garbage-first heap   total 117760K, used 47591K [0x0000000080000000, 0x0000000100000000)
  region size 1024K, 7 young (7168K), 7 survivors (7168K)
 Metaspace       used 55616K, committed 57472K, reserved 491520K
  class space    used 8235K, committed 9152K, reserved 425984K
}
Event: 64.467 GC heap before
{Heap before GC invocations=14 (full 0):
 garbage-first heap   total 117760K, used 66023K [0x0000000080000000, 0x0000000100000000)
  region size 1024K, 26 young (26624K), 7 survivors (7168K)
 Metaspace       used 58184K, committed 60096K, reserved 491520K
  class space    used 8548K, committed 9536K, reserved 425984K
}
Event: 64.476 GC heap after
{Heap after GC invocations=15 (full 0):
 garbage-first heap   total 117760K, used 48708K [0x0000000080000000, 0x0000000100000000)
  region size 1024K, 5 young (5120K), 5 survivors (5120K)
 Metaspace       used 58184K, committed 60096K, reserved 491520K
  class space    used 8548K, committed 9536K, reserved 425984K
}
Event: 66.838 GC heap before
{Heap before GC invocations=16 (full 0):
 garbage-first heap   total 117760K, used 107076K [0x0000000080000000, 0x0000000100000000)
  region size 1024K, 62 young (63488K), 5 survivors (5120K)
 Metaspace       used 62532K, committed 64448K, reserved 491520K
  class space    used 9187K, committed 10112K, reserved 425984K
}
Event: 66.844 GC heap after
{Heap after GC invocations=17 (full 0):
 garbage-first heap   total 117760K, used 50358K [0x0000000080000000, 0x0000000100000000)
  region size 1024K, 6 young (6144K), 6 survivors (6144K)
 Metaspace       used 62532K, committed 64448K, reserved 491520K
  class space    used 9187K, committed 10112K, reserved 425984K
}
Event: 71.594 GC heap before
{Heap before GC invocations=17 (full 0):
 garbage-first heap   total 117760K, used 107702K [0x0000000080000000, 0x0000000100000000)
  region size 1024K, 62 young (63488K), 6 survivors (6144K)
 Metaspace       used 65900K, committed 67840K, reserved 491520K
  class space    used 9670K, committed 10624K, reserved 425984K
}
Event: 71.612 GC heap after
{Heap after GC invocations=18 (full 0):
 garbage-first heap   total 118784K, used 52412K [0x0000000080000000, 0x0000000100000000)
  region size 1024K, 6 young (6144K), 6 survivors (6144K)
 Metaspace       used 65900K, committed 67840K, reserved 491520K
  class space    used 9670K, committed 10624K, reserved 425984K
}
Event: 80.867 GC heap before
{Heap before GC invocations=18 (full 0):
 garbage-first heap   total 118784K, used 107708K [0x0000000080000000, 0x0000000100000000)
  region size 1024K, 61 young (62464K), 6 survivors (6144K)
 Metaspace       used 70552K, committed 72576K, reserved 491520K
  class space    used 10429K, committed 11456K, reserved 425984K
}
Event: 80.878 GC heap after
{Heap after GC invocations=19 (full 0):
 garbage-first heap   total 119808K, used 56311K [0x0000000080000000, 0x0000000100000000)
  region size 1024K, 7 young (7168K), 7 survivors (7168K)
 Metaspace       used 70552K, committed 72576K, reserved 491520K
  class space    used 10429K, committed 11456K, reserved 425984K
}
Event: 90.595 GC heap before
{Heap before GC invocations=19 (full 0):
 garbage-first heap   total 119808K, used 108535K [0x0000000080000000, 0x0000000100000000)
  region size 1024K, 59 young (60416K), 7 survivors (7168K)
 Metaspace       used 72019K, committed 74112K, reserved 491520K
  class space    used 10592K, committed 11648K, reserved 425984K
}
Event: 90.663 GC heap after
{Heap after GC invocations=20 (full 0):
 garbage-first heap   total 121856K, used 61061K [0x0000000080000000, 0x0000000100000000)
  region size 1024K, 8 young (8192K), 8 survivors (8192K)
 Metaspace       used 72019K, committed 74112K, reserved 491520K
  class space    used 10592K, committed 11648K, reserved 425984K
}
Event: 91.938 GC heap before
{Heap before GC invocations=21 (full 0):
 garbage-first heap   total 121856K, used 109189K [0x0000000080000000, 0x0000000100000000)
  region size 1024K, 56 young (57344K), 8 survivors (8192K)
 Metaspace       used 72178K, committed 74304K, reserved 491520K
  class space    used 10594K, committed 11648K, reserved 425984K
}
Event: 91.959 GC heap after
{Heap after GC invocations=22 (full 0):
 garbage-first heap   total 122880K, used 65352K [0x0000000080000000, 0x0000000100000000)
  region size 1024K, 4 young (4096K), 4 survivors (4096K)
 Metaspace       used 72178K, committed 74304K, reserved 491520K
  class space    used 10594K, committed 11648K, reserved 425984K
}
Event: 92.509 GC heap before
{Heap before GC invocations=22 (full 0):
 garbage-first heap   total 122880K, used 111432K [0x0000000080000000, 0x0000000100000000)
  region size 1024K, 50 young (51200K), 4 survivors (4096K)
 Metaspace       used 72186K, committed 74304K, reserved 491520K
  class space    used 10595K, committed 11648K, reserved 425984K
}
Event: 92.514 GC heap after
{Heap after GC invocations=23 (full 0):
 garbage-first heap   total 122880K, used 67210K [0x0000000080000000, 0x0000000100000000)
  region size 1024K, 6 young (6144K), 6 survivors (6144K)
 Metaspace       used 72186K, committed 74304K, reserved 491520K
  class space    used 10595K, committed 11648K, reserved 425984K
}
Event: 93.204 GC heap before
{Heap before GC invocations=23 (full 0):
 garbage-first heap   total 122880K, used 85642K [0x0000000080000000, 0x0000000100000000)
  region size 1024K, 25 young (25600K), 6 survivors (6144K)
 Metaspace       used 73308K, committed 75392K, reserved 491520K
  class space    used 10736K, committed 11776K, reserved 425984K
}
Event: 93.209 GC heap after
{Heap after GC invocations=24 (full 0):
 garbage-first heap   total 122880K, used 67305K [0x0000000080000000, 0x0000000100000000)
  region size 1024K, 4 young (4096K), 4 survivors (4096K)
 Metaspace       used 73308K, committed 75392K, reserved 491520K
  class space    used 10736K, committed 11776K, reserved 425984K
}

