# JRE version: OpenJDK Runtime Environment Temurin-21.0.12.1+1 (21.0.12.1+1) (build 21.0.12.1+1-LTS)
# Java VM: OpenJDK 64-Bit Server VM Temurin-21.0.12.1+1 (21.0.12.1+1-LTS, mixed mode, sharing, tiered, compressed oops, compressed class ptrs, g1 gc, windows-amd64)
GC Precious Log:
 CardTable entry size: 512
 Card Set container configuration: InlinePtr #cards 5 size 8 Array Of Cards #cards 12 size 40 Howl #buckets 4 coarsen threshold 1843 Howl Bitmap #cards 512 size 80 coarsen threshold 460 Card regions per heap region 1 cards per card region 2048
 CPUs: 12 total, 12 available
 Memory: 7832M
 Large Page Support: Disabled
 NUMA Support: Disabled
 Compressed Oops: Enabled (32-bit)
 Heap Region Size: 1M
 Heap Min Capacity: 8M
 Heap Initial Capacity: 124M
 Heap Max Capacity: 2G
 Pre-touch: Disabled
 Parallel Workers: 10
 Concurrent Workers: 3
 Concurrent Refinement Workers: 10
 Periodic GC: Disabled
Heap:
 garbage-first heap   total 155648K, used 77235K [0x0000000080000000, 0x0000000100000000)
  region size 1024K, 48 young (49152K), 5 survivors (5120K)
 Metaspace       used 42995K, committed 44544K, reserved 491520K
  class space    used 6280K, committed 7040K, reserved 425984K
GC Heap History (18 events):
Event: 3.445 GC heap before
{Heap before GC invocations=0 (full 0):
 garbage-first heap   total 126976K, used 22528K [0x0000000080000000, 0x0000000100000000)
  region size 1024K, 23 young (23552K), 0 survivors (0K)
 Metaspace       used 1101K, committed 1216K, reserved 491520K
  class space    used 81K, committed 128K, reserved 425984K
}
Event: 3.529 GC heap after
{Heap after GC invocations=1 (full 0):
 garbage-first heap   total 126976K, used 3792K [0x0000000080000000, 0x0000000100000000)
  region size 1024K, 3 young (3072K), 3 survivors (3072K)
 Metaspace       used 1101K, committed 1216K, reserved 491520K
  class space    used 81K, committed 128K, reserved 425984K
}
Event: 10.260 GC heap before
{Heap before GC invocations=1 (full 0):
 garbage-first heap   total 126976K, used 36560K [0x0000000080000000, 0x0000000100000000)
  region size 1024K, 32 young (32768K), 3 survivors (3072K)
 Metaspace       used 4392K, committed 4544K, reserved 491520K
  class space    used 560K, committed 640K, reserved 425984K
}
Event: 10.279 GC heap after
{Heap after GC invocations=2 (full 0):
 garbage-first heap   total 126976K, used 11252K [0x0000000080000000, 0x0000000100000000)
  region size 1024K, 4 young (4096K), 4 survivors (4096K)
 Metaspace       used 4392K, committed 4544K, reserved 491520K
  class space    used 560K, committed 640K, reserved 425984K
}
Event: 14.194 GC heap before
{Heap before GC invocations=2 (full 0):
 garbage-first heap   total 126976K, used 49140K [0x0000000080000000, 0x0000000100000000)
  region size 1024K, 39 young (39936K), 4 survivors (4096K)
 Metaspace       used 4488K, committed 4672K, reserved 491520K
  class space    used 561K, committed 640K, reserved 425984K
}
Event: 14.342 GC heap after
{Heap after GC invocations=3 (full 0):
 garbage-first heap   total 126976K, used 16570K [0x0000000080000000, 0x0000000100000000)
  region size 1024K, 4 young (4096K), 4 survivors (4096K)
 Metaspace       used 4488K, committed 4672K, reserved 491520K
  class space    used 561K, committed 640K, reserved 425984K
}
Event: 46.605 GC heap before
{Heap before GC invocations=3 (full 0):
 garbage-first heap   total 126976K, used 87226K [0x0000000080000000, 0x0000000100000000)
  region size 1024K, 74 young (75776K), 4 survivors (4096K)
 Metaspace       used 16640K, committed 17152K, reserved 491520K
  class space    used 2336K, committed 2560K, reserved 425984K
}
Event: 46.678 GC heap after
{Heap after GC invocations=4 (full 0):
 garbage-first heap   total 126976K, used 22515K [0x0000000080000000, 0x0000000100000000)
  region size 1024K, 10 young (10240K), 10 survivors (10240K)
 Metaspace       used 16640K, committed 17152K, reserved 491520K
  class space    used 2336K, committed 2560K, reserved 425984K
}
Event: 49.058 GC heap before
{Heap before GC invocations=4 (full 0):
 garbage-first heap   total 126976K, used 56307K [0x0000000080000000, 0x0000000100000000)
  region size 1024K, 44 young (45056K), 10 survivors (10240K)
 Metaspace       used 20791K, committed 21504K, reserved 491520K
  class space    used 3053K, committed 3392K, reserved 425984K
}
Event: 49.072 GC heap after
{Heap after GC invocations=5 (full 0):
 garbage-first heap   total 126976K, used 25260K [0x0000000080000000, 0x0000000100000000)
  region size 1024K, 3 young (3072K), 3 survivors (3072K)
 Metaspace       used 20791K, committed 21504K, reserved 491520K
  class space    used 3053K, committed 3392K, reserved 425984K
}
Event: 52.154 GC heap before
{Heap before GC invocations=6 (full 0):
 garbage-first heap   total 86016K, used 84652K [0x0000000080000000, 0x0000000100000000)
  region size 1024K, 62 young (63488K), 3 survivors (3072K)
 Metaspace       used 30950K, committed 31872K, reserved 491520K
  class space    used 4475K, committed 4928K, reserved 425984K
}
Event: 52.162 GC heap after
{Heap after GC invocations=7 (full 0):
 garbage-first heap   total 94208K, used 29616K [0x0000000080000000, 0x0000000100000000)
  region size 1024K, 8 young (8192K), 8 survivors (8192K)
 Metaspace       used 30950K, committed 31872K, reserved 491520K
  class space    used 4475K, committed 4928K, reserved 425984K
}
Event: 53.546 GC heap before
{Heap before GC invocations=7 (full 0):
 garbage-first heap   total 94208K, used 78768K [0x0000000080000000, 0x0000000100000000)
  region size 1024K, 55 young (56320K), 8 survivors (8192K)
 Metaspace       used 34041K, committed 35136K, reserved 491520K
  class space    used 4758K, committed 5248K, reserved 425984K
}
Event: 53.554 GC heap after
{Heap after GC invocations=8 (full 0):
 garbage-first heap   total 94208K, used 32651K [0x0000000080000000, 0x0000000100000000)
  region size 1024K, 4 young (4096K), 4 survivors (4096K)
 Metaspace       used 34041K, committed 35136K, reserved 491520K
  class space    used 4758K, committed 5248K, reserved 425984K
}
Event: 58.135 GC heap before
{Heap before GC invocations=8 (full 0):
 garbage-first heap   total 94208K, used 49035K [0x0000000080000000, 0x0000000100000000)
  region size 1024K, 21 young (21504K), 4 survivors (4096K)
 Metaspace       used 34878K, committed 35968K, reserved 491520K
  class space    used 4899K, committed 5440K, reserved 425984K
}
Event: 58.138 GC heap after
{Heap after GC invocations=9 (full 0):
 garbage-first heap   total 94208K, used 31890K [0x0000000080000000, 0x0000000100000000)
  region size 1024K, 3 young (3072K), 3 survivors (3072K)
 Metaspace       used 34878K, committed 35968K, reserved 491520K
  class space    used 4899K, committed 5440K, reserved 425984K
}
Event: 60.592 GC heap before
{Heap before GC invocations=10 (full 0):
 garbage-first heap   total 94208K, used 82066K [0x0000000080000000, 0x0000000100000000)
  region size 1024K, 52 young (53248K), 3 survivors (3072K)
 Metaspace       used 40419K, committed 41920K, reserved 491520K
  class space    used 5851K, committed 6592K, reserved 425984K
}
Event: 60.598 GC heap after
{Heap after GC invocations=11 (full 0):
 garbage-first heap   total 155648K, used 34227K [0x0000000080000000, 0x0000000100000000)
  region size 1024K, 5 young (5120K), 5 survivors (5120K)
 Metaspace       used 40419K, committed 41920K, reserved 491520K
  class space    used 5851K, committed 6592K, reserved 425984K
}

