# JRE version: OpenJDK Runtime Environment Temurin-21.0.12.1+1 (21.0.12.1+1) (build 21.0.12.1+1-LTS)
# Java VM: OpenJDK 64-Bit Server VM Temurin-21.0.12.1+1 (21.0.12.1+1-LTS, mixed mode, sharing, tiered, compressed oops, compressed class ptrs, g1 gc, windows-amd64)
GC Precious Log:
 CardTable entry size: 512
 Card Set container configuration: InlinePtr #cards 5 size 8 Array Of Cards #cards 12 size 40 Howl #buckets 4 coarsen threshold 1843 Howl Bitmap #cards 512 size 80 coarsen threshold 460 Card regions per heap region 1 cards per card region 2048
 CPUs: 12 total, 12 available
 Memory: 7832M
 Large Page Support: Disabled
 NUMA Support: Disabled
 Compressed Oops: Enabled (32-bit)
 Heap Region Size: 1M
 Heap Min Capacity: 8M
 Heap Initial Capacity: 124M
 Heap Max Capacity: 2G
 Pre-touch: Disabled
 Parallel Workers: 10
 Concurrent Workers: 3
 Concurrent Refinement Workers: 10
 Periodic GC: Disabled
Heap:
 garbage-first heap   total 112640K, used 42436K [0x0000000080000000, 0x0000000100000000)
  region size 1024K, 14 young (14336K), 4 survivors (4096K)
 Metaspace       used 35810K, committed 36928K, reserved 491520K
  class space    used 5082K, committed 5632K, reserved 425984K
GC Heap History (16 events):
Event: 0.312 GC heap before
{Heap before GC invocations=0 (full 0):
 garbage-first heap   total 126976K, used 22528K [0x0000000080000000, 0x0000000100000000)
  region size 1024K, 23 young (23552K), 0 survivors (0K)
 Metaspace       used 1073K, committed 1216K, reserved 491520K
  class space    used 81K, committed 128K, reserved 425984K
}
Event: 0.317 GC heap after
{Heap after GC invocations=1 (full 0):
 garbage-first heap   total 126976K, used 4416K [0x0000000080000000, 0x0000000100000000)
  region size 1024K, 3 young (3072K), 3 survivors (3072K)
 Metaspace       used 1073K, committed 1216K, reserved 491520K
  class space    used 81K, committed 128K, reserved 425984K
}
Event: 1.166 GC heap before
{Heap before GC invocations=1 (full 0):
 garbage-first heap   total 126976K, used 40256K [0x0000000080000000, 0x0000000100000000)
  region size 1024K, 35 young (35840K), 3 survivors (3072K)
 Metaspace       used 4347K, committed 4480K, reserved 491520K
  class space    used 558K, committed 640K, reserved 425984K
}
Event: 1.176 GC heap after
{Heap after GC invocations=2 (full 0):
 garbage-first heap   total 126976K, used 11476K [0x0000000080000000, 0x0000000100000000)
  region size 1024K, 4 young (4096K), 4 survivors (4096K)
 Metaspace       used 4347K, committed 4480K, reserved 491520K
  class space    used 558K, committed 640K, reserved 425984K
}
Event: 1.506 GC heap before
{Heap before GC invocations=2 (full 0):
 garbage-first heap   total 126976K, used 57556K [0x0000000080000000, 0x0000000100000000)
  region size 1024K, 47 young (48128K), 4 survivors (4096K)
 Metaspace       used 5507K, committed 5696K, reserved 491520K
  class space    used 747K, committed 832K, reserved 425984K
}
Event: 1.515 GC heap after
{Heap after GC invocations=3 (full 0):
 garbage-first heap   total 126976K, used 17422K [0x0000000080000000, 0x0000000100000000)
  region size 1024K, 5 young (5120K), 5 survivors (5120K)
 Metaspace       used 5507K, committed 5696K, reserved 491520K
  class space    used 747K, committed 832K, reserved 425984K
}
Event: 23.760 GC heap before
{Heap before GC invocations=3 (full 0):
 garbage-first heap   total 126976K, used 88078K [0x0000000080000000, 0x0000000100000000)
  region size 1024K, 74 young (75776K), 5 survivors (5120K)
 Metaspace       used 18121K, committed 18624K, reserved 491520K
  class space    used 2600K, committed 2816K, reserved 425984K
}
Event: 23.833 GC heap after
{Heap after GC invocations=4 (full 0):
 garbage-first heap   total 126976K, used 23246K [0x0000000080000000, 0x0000000100000000)
  region size 1024K, 10 young (10240K), 10 survivors (10240K)
 Metaspace       used 18121K, committed 18624K, reserved 491520K
  class space    used 2600K, committed 2816K, reserved 425984K
}
Event: 29.456 GC heap before
{Heap before GC invocations=4 (full 0):
 garbage-first heap   total 126976K, used 43726K [0x0000000080000000, 0x0000000100000000)
  region size 1024K, 31 young (31744K), 10 survivors (10240K)
 Metaspace       used 20824K, committed 21504K, reserved 491520K
  class space    used 3068K, committed 3392K, reserved 425984K
}
Event: 29.480 GC heap after
{Heap after GC invocations=5 (full 0):
 garbage-first heap   total 126976K, used 25733K [0x0000000080000000, 0x0000000100000000)
  region size 1024K, 3 young (3072K), 3 survivors (3072K)
 Metaspace       used 20824K, committed 21504K, reserved 491520K
  class space    used 3068K, committed 3392K, reserved 425984K
}
Event: 43.364 GC heap before
{Heap before GC invocations=6 (full 0):
 garbage-first heap   total 89088K, used 87173K [0x0000000080000000, 0x0000000100000000)
  region size 1024K, 64 young (65536K), 3 survivors (3072K)
 Metaspace       used 31255K, committed 32192K, reserved 491520K
  class space    used 4484K, committed 4928K, reserved 425984K
}
Event: 43.395 GC heap after
{Heap after GC invocations=7 (full 0):
 garbage-first heap   total 115712K, used 29719K [0x0000000080000000, 0x0000000100000000)
  region size 1024K, 7 young (7168K), 7 survivors (7168K)
 Metaspace       used 31255K, committed 32192K, reserved 491520K
  class space    used 4484K, committed 4928K, reserved 425984K
}
Event: 51.883 GC heap before
{Heap before GC invocations=7 (full 0):
 garbage-first heap   total 115712K, used 92183K [0x0000000080000000, 0x0000000100000000)
  region size 1024K, 67 young (68608K), 7 survivors (7168K)
 Metaspace       used 34717K, committed 35776K, reserved 491520K
  class space    used 4875K, committed 5376K, reserved 425984K
}
Event: 51.893 GC heap after
{Heap after GC invocations=8 (full 0):
 garbage-first heap   total 115712K, used 33297K [0x0000000080000000, 0x0000000100000000)
  region size 1024K, 9 young (9216K), 9 survivors (9216K)
 Metaspace       used 34717K, committed 35776K, reserved 491520K
  class space    used 4875K, committed 5376K, reserved 425984K
}
Event: 52.023 GC heap before
{Heap before GC invocations=8 (full 0):
 garbage-first heap   total 115712K, used 34321K [0x0000000080000000, 0x0000000100000000)
  region size 1024K, 11 young (11264K), 9 survivors (9216K)
 Metaspace       used 34939K, committed 35968K, reserved 491520K
  class space    used 4914K, committed 5440K, reserved 425984K
}
Event: 52.035 GC heap after
{Heap after GC invocations=9 (full 0):
 garbage-first heap   total 115712K, used 33220K [0x0000000080000000, 0x0000000100000000)
  region size 1024K, 4 young (4096K), 4 survivors (4096K)
 Metaspace       used 34939K, committed 35968K, reserved 491520K
  class space    used 4914K, committed 5440K, reserved 425984K
}

