# JRE version: OpenJDK Runtime Environment Temurin-21.0.12.1+1 (21.0.12.1+1) (build 21.0.12.1+1-LTS)
# Java VM: OpenJDK 64-Bit Server VM Temurin-21.0.12.1+1 (21.0.12.1+1-LTS, mixed mode, sharing, tiered, compressed oops, compressed class ptrs, g1 gc, windows-amd64)
GC Precious Log:
 CardTable entry size: 512
 Card Set container configuration: InlinePtr #cards 5 size 8 Array Of Cards #cards 12 size 40 Howl #buckets 4 coarsen threshold 1843 Howl Bitmap #cards 512 size 80 coarsen threshold 460 Card regions per heap region 1 cards per card region 2048
 CPUs: 12 total, 12 available
 Memory: 7832M
 Large Page Support: Disabled
 NUMA Support: Disabled
 Compressed Oops: Enabled (32-bit)
 Heap Region Size: 1M
 Heap Min Capacity: 8M
 Heap Initial Capacity: 124M
 Heap Max Capacity: 2G
 Pre-touch: Disabled
 Parallel Workers: 10
 Concurrent Workers: 3
 Concurrent Refinement Workers: 10
 Periodic GC: Disabled
Heap:
 garbage-first heap   total 100352K, used 60596K [0x0000000080000000, 0x0000000100000000)
  region size 1024K, 19 young (19456K), 5 survivors (5120K)
 Metaspace       used 57025K, committed 58880K, reserved 491520K
  class space    used 8427K, committed 9344K, reserved 425984K
GC Heap History (20 events):
Event: 13.296 GC heap before
{Heap before GC invocations=3 (full 0):
 garbage-first heap   total 126976K, used 87772K [0x0000000080000000, 0x0000000100000000)
  region size 1024K, 74 young (75776K), 5 survivors (5120K)
 Metaspace       used 18243K, committed 18816K, reserved 491520K
  class space    used 2622K, committed 2880K, reserved 425984K
}
Event: 13.344 GC heap after
{Heap after GC invocations=4 (full 0):
 garbage-first heap   total 126976K, used 22469K [0x0000000080000000, 0x0000000100000000)
  region size 1024K, 10 young (10240K), 10 survivors (10240K)
 Metaspace       used 18243K, committed 18816K, reserved 491520K
  class space    used 2622K, committed 2880K, reserved 425984K
}
Event: 18.929 GC heap before
{Heap before GC invocations=4 (full 0):
 garbage-first heap   total 126976K, used 41925K [0x0000000080000000, 0x0000000100000000)
  region size 1024K, 30 young (30720K), 10 survivors (10240K)
 Metaspace       used 20804K, committed 21504K, reserved 491520K
  class space    used 3067K, committed 3392K, reserved 425984K
}
Event: 18.951 GC heap after
{Heap after GC invocations=5 (full 0):
 garbage-first heap   total 126976K, used 25062K [0x0000000080000000, 0x0000000100000000)
  region size 1024K, 3 young (3072K), 3 survivors (3072K)
 Metaspace       used 20804K, committed 21504K, reserved 491520K
  class space    used 3067K, committed 3392K, reserved 425984K
}
Event: 34.504 GC heap before
{Heap before GC invocations=6 (full 0):
 garbage-first heap   total 89088K, used 86502K [0x0000000080000000, 0x0000000100000000)
  region size 1024K, 64 young (65536K), 3 survivors (3072K)
 Metaspace       used 31219K, committed 32192K, reserved 491520K
  class space    used 4484K, committed 4928K, reserved 425984K
}
Event: 34.514 GC heap after
{Heap after GC invocations=7 (full 0):
 garbage-first heap   total 96256K, used 29152K [0x0000000080000000, 0x0000000100000000)
  region size 1024K, 7 young (7168K), 7 survivors (7168K)
 Metaspace       used 31219K, committed 32192K, reserved 491520K
  class space    used 4484K, committed 4928K, reserved 425984K
}
Event: 42.424 GC heap before
{Heap before GC invocations=7 (full 0):
 garbage-first heap   total 96256K, used 80352K [0x0000000080000000, 0x0000000100000000)
  region size 1024K, 56 young (57344K), 7 survivors (7168K)
 Metaspace       used 33976K, committed 35008K, reserved 491520K
  class space    used 4748K, committed 5248K, reserved 425984K
}
Event: 42.433 GC heap after
{Heap after GC invocations=8 (full 0):
 garbage-first heap   total 96256K, used 31554K [0x0000000080000000, 0x0000000100000000)
  region size 1024K, 3 young (3072K), 3 survivors (3072K)
 Metaspace       used 33976K, committed 35008K, reserved 491520K
  class space    used 4748K, committed 5248K, reserved 425984K
}
Event: 57.547 GC heap before
{Heap before GC invocations=8 (full 0):
 garbage-first heap   total 96256K, used 45890K [0x0000000080000000, 0x0000000100000000)
  region size 1024K, 18 young (18432K), 3 survivors (3072K)
 Metaspace       used 34930K, committed 35968K, reserved 491520K
  class space    used 4912K, committed 5440K, reserved 425984K
}
Event: 57.601 GC heap after
{Heap after GC invocations=9 (full 0):
 garbage-first heap   total 96256K, used 31212K [0x0000000080000000, 0x0000000100000000)
  region size 1024K, 3 young (3072K), 3 survivors (3072K)
 Metaspace       used 34930K, committed 35968K, reserved 491520K
  class space    used 4912K, committed 5440K, reserved 425984K
}
Event: 72.116 GC heap before
{Heap before GC invocations=10 (full 0):
 garbage-first heap   total 96256K, used 84460K [0x0000000080000000, 0x0000000100000000)
  region size 1024K, 55 young (56320K), 3 survivors (3072K)
 Metaspace       used 40961K, committed 42432K, reserved 491520K
  class space    used 5930K, committed 6656K, reserved 425984K
}
Event: 72.130 GC heap after
{Heap after GC invocations=11 (full 0):
 garbage-first heap   total 96256K, used 34026K [0x0000000080000000, 0x0000000100000000)
  region size 1024K, 6 young (6144K), 6 survivors (6144K)
 Metaspace       used 40961K, committed 42432K, reserved 491520K
  class space    used 5930K, committed 6656K, reserved 425984K
}
Event: 80.880 GC heap before
{Heap before GC invocations=11 (full 0):
 garbage-first heap   total 96256K, used 85226K [0x0000000080000000, 0x0000000100000000)
  region size 1024K, 56 young (57344K), 6 survivors (6144K)
 Metaspace       used 44360K, committed 46016K, reserved 491520K
  class space    used 6531K, committed 7360K, reserved 425984K
}
Event: 80.894 GC heap after
{Heap after GC invocations=12 (full 0):
 garbage-first heap   total 96256K, used 35582K [0x0000000080000000, 0x0000000100000000)
  region size 1024K, 5 young (5120K), 5 survivors (5120K)
 Metaspace       used 44360K, committed 46016K, reserved 491520K
  class space    used 6531K, committed 7360K, reserved 425984K
}
Event: 120.151 GC heap before
{Heap before GC invocations=12 (full 0):
 garbage-first heap   total 96256K, used 86782K [0x0000000080000000, 0x0000000100000000)
  region size 1024K, 55 young (56320K), 5 survivors (5120K)
 Metaspace       used 48192K, committed 49856K, reserved 491520K
  class space    used 7094K, committed 7872K, reserved 425984K
}
Event: 120.302 GC heap after
{Heap after GC invocations=13 (full 0):
 garbage-first heap   total 96256K, used 38490K [0x0000000080000000, 0x0000000100000000)
  region size 1024K, 5 young (5120K), 5 survivors (5120K)
 Metaspace       used 48192K, committed 49856K, reserved 491520K
  class space    used 7094K, committed 7872K, reserved 425984K
}
Event: 142.816 GC heap before
{Heap before GC invocations=13 (full 0):
 garbage-first heap   total 96256K, used 87642K [0x0000000080000000, 0x0000000100000000)
  region size 1024K, 53 young (54272K), 5 survivors (5120K)
 Metaspace       used 51181K, committed 52992K, reserved 491520K
  class space    used 7580K, committed 8448K, reserved 425984K
}
Event: 142.840 GC heap after
{Heap after GC invocations=14 (full 0):
 garbage-first heap   total 96256K, used 40400K [0x0000000080000000, 0x0000000100000000)
  region size 1024K, 5 young (5120K), 5 survivors (5120K)
 Metaspace       used 51181K, committed 52992K, reserved 491520K
  class space    used 7580K, committed 8448K, reserved 425984K
}
Event: 155.318 GC heap before
{Heap before GC invocations=14 (full 0):
 garbage-first heap   total 96256K, used 91600K [0x0000000080000000, 0x0000000100000000)
  region size 1024K, 51 young (52224K), 5 survivors (5120K)
 Metaspace       used 55750K, committed 57664K, reserved 491520K
  class space    used 8262K, committed 9216K, reserved 425984K
}
Event: 155.330 GC heap after
{Heap after GC invocations=15 (full 0):
 garbage-first heap   total 100352K, used 47284K [0x0000000080000000, 0x0000000100000000)
  region size 1024K, 5 young (5120K), 5 survivors (5120K)
 Metaspace       used 55750K, committed 57664K, reserved 491520K
  class space    used 8262K, committed 9216K, reserved 425984K
}

