# JRE version: OpenJDK Runtime Environment Temurin-21.0.12.1+1 (21.0.12.1+1) (build 21.0.12.1+1-LTS)
# Java VM: OpenJDK 64-Bit Server VM Temurin-21.0.12.1+1 (21.0.12.1+1-LTS, mixed mode, sharing, tiered, compressed oops, compressed class ptrs, g1 gc, windows-amd64)
GC Precious Log:
 CardTable entry size: 512
 Card Set container configuration: InlinePtr #cards 5 size 8 Array Of Cards #cards 12 size 40 Howl #buckets 4 coarsen threshold 1843 Howl Bitmap #cards 512 size 80 coarsen threshold 460 Card regions per heap region 1 cards per card region 2048
 CPUs: 12 total, 12 available
 Memory: 7832M
 Large Page Support: Disabled
 NUMA Support: Disabled
 Compressed Oops: Enabled (32-bit)
 Heap Region Size: 1M
 Heap Min Capacity: 8M
 Heap Initial Capacity: 124M
 Heap Max Capacity: 2G
 Pre-touch: Disabled
 Parallel Workers: 10
 Concurrent Workers: 3
 Concurrent Refinement Workers: 10
 Periodic GC: Disabled
Heap:
 garbage-first heap   total 101376K, used 70362K [0x0000000080000000, 0x0000000100000000)
  region size 1024K, 24 young (24576K), 4 survivors (4096K)
 Metaspace       used 65629K, committed 67520K, reserved 491520K
  class space    used 9637K, committed 10560K, reserved 425984K
GC Heap History (20 events):
Event: 41.177 GC heap before
{Heap before GC invocations=7 (full 0):
 garbage-first heap   total 96256K, used 80899K [0x0000000080000000, 0x0000000100000000)
  region size 1024K, 56 young (57344K), 7 survivors (7168K)
 Metaspace       used 33964K, committed 35008K, reserved 491520K
  class space    used 4749K, committed 5248K, reserved 425984K
}
Event: 41.184 GC heap after
{Heap after GC invocations=8 (full 0):
 garbage-first heap   total 96256K, used 31533K [0x0000000080000000, 0x0000000100000000)
  region size 1024K, 3 young (3072K), 3 survivors (3072K)
 Metaspace       used 33964K, committed 35008K, reserved 491520K
  class space    used 4749K, committed 5248K, reserved 425984K
}
Event: 46.787 GC heap before
{Heap before GC invocations=8 (full 0):
 garbage-first heap   total 96256K, used 44845K [0x0000000080000000, 0x0000000100000000)
  region size 1024K, 17 young (17408K), 3 survivors (3072K)
 Metaspace       used 34934K, committed 35968K, reserved 491520K
  class space    used 4917K, committed 5440K, reserved 425984K
}
Event: 46.791 GC heap after
{Heap after GC invocations=9 (full 0):
 garbage-first heap   total 96256K, used 32242K [0x0000000080000000, 0x0000000100000000)
  region size 1024K, 4 young (4096K), 4 survivors (4096K)
 Metaspace       used 34934K, committed 35968K, reserved 491520K
  class space    used 4917K, committed 5440K, reserved 425984K
}
Event: 49.402 GC heap before
{Heap before GC invocations=10 (full 0):
 garbage-first heap   total 96256K, used 83442K [0x0000000080000000, 0x0000000100000000)
  region size 1024K, 54 young (55296K), 4 survivors (4096K)
 Metaspace       used 40834K, committed 42368K, reserved 491520K
  class space    used 5907K, committed 6656K, reserved 425984K
}
Event: 49.409 GC heap after
{Heap after GC invocations=11 (full 0):
 garbage-first heap   total 96256K, used 34998K [0x0000000080000000, 0x0000000100000000)
  region size 1024K, 6 young (6144K), 6 survivors (6144K)
 Metaspace       used 40834K, committed 42368K, reserved 491520K
  class space    used 5907K, committed 6656K, reserved 425984K
}
Event: 52.773 GC heap before
{Heap before GC invocations=11 (full 0):
 garbage-first heap   total 96256K, used 85174K [0x0000000080000000, 0x0000000100000000)
  region size 1024K, 55 young (56320K), 6 survivors (6144K)
 Metaspace       used 44081K, committed 45696K, reserved 491520K
  class space    used 6486K, committed 7296K, reserved 425984K
}
Event: 52.796 GC heap after
{Heap after GC invocations=12 (full 0):
 garbage-first heap   total 96256K, used 36324K [0x0000000080000000, 0x0000000100000000)
  region size 1024K, 6 young (6144K), 6 survivors (6144K)
 Metaspace       used 44081K, committed 45696K, reserved 491520K
  class space    used 6486K, committed 7296K, reserved 425984K
}
Event: 72.011 GC heap before
{Heap before GC invocations=12 (full 0):
 garbage-first heap   total 96256K, used 84452K [0x0000000080000000, 0x0000000100000000)
  region size 1024K, 54 young (55296K), 6 survivors (6144K)
 Metaspace       used 48308K, committed 50048K, reserved 491520K
  class space    used 7121K, committed 8000K, reserved 425984K
}
Event: 72.030 GC heap after
{Heap after GC invocations=13 (full 0):
 garbage-first heap   total 96256K, used 39272K [0x0000000080000000, 0x0000000100000000)
  region size 1024K, 5 young (5120K), 5 survivors (5120K)
 Metaspace       used 48308K, committed 50048K, reserved 491520K
  class space    used 7121K, committed 8000K, reserved 425984K
}
Event: 74.481 GC heap before
{Heap before GC invocations=13 (full 0):
 garbage-first heap   total 96256K, used 85352K [0x0000000080000000, 0x0000000100000000)
  region size 1024K, 51 young (52224K), 5 survivors (5120K)
 Metaspace       used 51315K, committed 53120K, reserved 491520K
  class space    used 7598K, committed 8512K, reserved 425984K
}
Event: 74.490 GC heap after
{Heap after GC invocations=14 (full 0):
 garbage-first heap   total 96256K, used 41101K [0x0000000080000000, 0x0000000100000000)
  region size 1024K, 5 young (5120K), 5 survivors (5120K)
 Metaspace       used 51315K, committed 53120K, reserved 491520K
  class space    used 7598K, committed 8512K, reserved 425984K
}
Event: 77.452 GC heap before
{Heap before GC invocations=14 (full 0):
 garbage-first heap   total 96256K, used 91277K [0x0000000080000000, 0x0000000100000000)
  region size 1024K, 50 young (51200K), 5 survivors (5120K)
 Metaspace       used 55968K, committed 57792K, reserved 491520K
  class space    used 8286K, committed 9216K, reserved 425984K
}
Event: 77.464 GC heap after
{Heap after GC invocations=15 (full 0):
 garbage-first heap   total 100352K, used 47580K [0x0000000080000000, 0x0000000100000000)
  region size 1024K, 5 young (5120K), 5 survivors (5120K)
 Metaspace       used 55968K, committed 57792K, reserved 491520K
  class space    used 8286K, committed 9216K, reserved 425984K
}
Event: 78.323 GC heap before
{Heap before GC invocations=15 (full 0):
 garbage-first heap   total 100352K, used 63964K [0x0000000080000000, 0x0000000100000000)
  region size 1024K, 22 young (22528K), 5 survivors (5120K)
 Metaspace       used 58207K, committed 60096K, reserved 491520K
  class space    used 8556K, committed 9536K, reserved 425984K
}
Event: 78.333 GC heap after
{Heap after GC invocations=16 (full 0):
 garbage-first heap   total 100352K, used 48611K [0x0000000080000000, 0x0000000100000000)
  region size 1024K, 4 young (4096K), 4 survivors (4096K)
 Metaspace       used 58207K, committed 60096K, reserved 491520K
  class space    used 8556K, committed 9536K, reserved 425984K
}
Event: 81.143 GC heap before
{Heap before GC invocations=17 (full 0):
 garbage-first heap   total 100352K, used 91619K [0x0000000080000000, 0x0000000100000000)
  region size 1024K, 46 young (47104K), 4 survivors (4096K)
 Metaspace       used 61550K, committed 63424K, reserved 491520K
  class space    used 9063K, committed 9984K, reserved 425984K
}
Event: 81.148 GC heap after
{Heap after GC invocations=18 (full 0):
 garbage-first heap   total 100352K, used 50198K [0x0000000080000000, 0x0000000100000000)
  region size 1024K, 5 young (5120K), 5 survivors (5120K)
 Metaspace       used 61550K, committed 63424K, reserved 491520K
  class space    used 9063K, committed 9984K, reserved 425984K
}
Event: 82.891 GC heap before
{Heap before GC invocations=18 (full 0):
 garbage-first heap   total 100352K, used 93206K [0x0000000080000000, 0x0000000100000000)
  region size 1024K, 47 young (48128K), 5 survivors (5120K)
 Metaspace       used 64382K, committed 66240K, reserved 491520K
  class space    used 9459K, committed 10368K, reserved 425984K
}
Event: 82.898 GC heap after
{Heap after GC invocations=19 (full 0):
 garbage-first heap   total 101376K, used 50906K [0x0000000080000000, 0x0000000100000000)
  region size 1024K, 4 young (4096K), 4 survivors (4096K)
 Metaspace       used 64382K, committed 66240K, reserved 491520K
  class space    used 9459K, committed 10368K, reserved 425984K
}

