# JRE version: OpenJDK Runtime Environment Temurin-25.0.4.1+1 (25.0.4.1+1) (build 25.0.4.1+1-LTS)
# Java VM: OpenJDK 64-Bit Server VM Temurin-25.0.4.1+1 (25.0.4.1+1-LTS, mixed mode, sharing, tiered, compressed oops, compressed class ptrs, g1 gc, windows-amd64)
GC Precious Log:
 CardTable entry size: 512
 Card Set container configuration: InlinePtr #cards 5 size 8 Array Of Cards #cards 10 size 36 Howl #buckets 4 coarsen threshold 1843 Howl Bitmap #cards 512 size 80 coarsen threshold 460 Card regions per heap region 1 cards per card region 2048
 CPUs: 12 total, 12 available
 Memory: 7832M
 Large Page Support: Disabled
 NUMA Support: Disabled
 Compressed Oops: Enabled (32-bit)
 Heap Region Size: 1M
 Heap Min Capacity: 8M
 Heap Initial Capacity: 124M
 Heap Max Capacity: 2G
 Pre-touch: Disabled
 Parallel Workers: 10
 Concurrent Workers: 3
 Concurrent Refinement Workers: 10
 Periodic GC: Disabled
Heap:
 garbage-first heap   total reserved 2097152K, committed 133120K, used 84185K [0x0000000080000000, 0x0000000100000000)
  region size 1024K, 47 young (48128K), 1 survivors (1024K)
GC Heap Usage History (20 events):
Event: 2542.167 {heap Before GC invocations=62 (full 0):
 garbage-first heap   total reserved 2097152K, committed 140288K, used 123689K [0x0000000080000000, 0x0000000100000000)
  region size 1024K, 82 young (83968K), 1 survivors (1024K)
}
Event: 2542.179 {heap After GC invocations=63 (full 0):
 garbage-first heap   total reserved 2097152K, committed 140288K, used 40230K [0x0000000080000000, 0x0000000100000000)
  region size 1024K, 1 young (1024K), 1 survivors (1024K)
}
Event: 2548.730 {heap Before GC invocations=63 (full 0):
 garbage-first heap   total reserved 2097152K, committed 140288K, used 123174K [0x0000000080000000, 0x0000000100000000)
  region size 1024K, 82 young (83968K), 1 survivors (1024K)
}
Event: 2548.750 {heap After GC invocations=64 (full 0):
 garbage-first heap   total reserved 2097152K, committed 140288K, used 40918K [0x0000000080000000, 0x0000000100000000)
  region size 1024K, 3 young (3072K), 3 survivors (3072K)
}
Event: 2562.015 {heap Before GC invocations=64 (full 0):
 garbage-first heap   total reserved 2097152K, committed 140288K, used 121814K [0x0000000080000000, 0x0000000100000000)
  region size 1024K, 82 young (83968K), 3 survivors (3072K)
}
Event: 2562.035 {heap After GC invocations=65 (full 0):
 garbage-first heap   total reserved 2097152K, committed 140288K, used 41701K [0x0000000080000000, 0x0000000100000000)
  region size 1024K, 3 young (3072K), 3 survivors (3072K)
}
Event: 2570.473 {heap Before GC invocations=66 (full 0):
 garbage-first heap   total reserved 2097152K, committed 140288K, used 122597K [0x0000000080000000, 0x0000000100000000)
  region size 1024K, 82 young (83968K), 3 survivors (3072K)
}
Event: 2570.479 {heap After GC invocations=67 (full 0):
 garbage-first heap   total reserved 2097152K, committed 140288K, used 41569K [0x0000000080000000, 0x0000000100000000)
  region size 1024K, 3 young (3072K), 3 survivors (3072K)
}
Event: 2601.903 {heap Before GC invocations=67 (full 0):
 garbage-first heap   total reserved 2097152K, committed 140288K, used 122465K [0x0000000080000000, 0x0000000100000000)
  region size 1024K, 82 young (83968K), 3 survivors (3072K)
}
Event: 2601.972 {heap After GC invocations=68 (full 0):
 garbage-first heap   total reserved 2097152K, committed 140288K, used 39619K [0x0000000080000000, 0x0000000100000000)
  region size 1024K, 3 young (3072K), 3 survivors (3072K)
}
Event: 2673.514 {heap Before GC invocations=68 (full 0):
 garbage-first heap   total reserved 2097152K, committed 140288K, used 120515K [0x0000000080000000, 0x0000000100000000)
  region size 1024K, 82 young (83968K), 3 survivors (3072K)
}
Event: 2674.227 {heap After GC invocations=69 (full 0):
 garbage-first heap   total reserved 2097152K, committed 140288K, used 39978K [0x0000000080000000, 0x0000000100000000)
  region size 1024K, 4 young (4096K), 4 survivors (4096K)
}
Event: 2675.115 {heap Before GC invocations=70 (full 0):
 garbage-first heap   total reserved 2097152K, committed 137216K, used 42026K [0x0000000080000000, 0x0000000100000000)
  region size 1024K, 6 young (6144K), 4 survivors (4096K)
}
Event: 2675.129 {heap After GC invocations=71 (full 0):
 garbage-first heap   total reserved 2097152K, committed 137216K, used 40154K [0x0000000080000000, 0x0000000100000000)
  region size 1024K, 1 young (1024K), 1 survivors (1024K)
}
Event: 2735.739 {heap Before GC invocations=71 (full 0):
 garbage-first heap   total reserved 2097152K, committed 137216K, used 120026K [0x0000000080000000, 0x0000000100000000)
  region size 1024K, 80 young (81920K), 1 survivors (1024K)
}
Event: 2735.792 {heap After GC invocations=72 (full 0):
 garbage-first heap   total reserved 2097152K, committed 137216K, used 39420K [0x0000000080000000, 0x0000000100000000)
  region size 1024K, 1 young (1024K), 1 survivors (1024K)
}
Event: 2813.423 {heap Before GC invocations=72 (full 0):
 garbage-first heap   total reserved 2097152K, committed 137216K, used 120316K [0x0000000080000000, 0x0000000100000000)
  region size 1024K, 80 young (81920K), 1 survivors (1024K)
}
Event: 2813.491 {heap After GC invocations=73 (full 0):
 garbage-first heap   total reserved 2097152K, committed 137216K, used 39362K [0x0000000080000000, 0x0000000100000000)
  region size 1024K, 1 young (1024K), 1 survivors (1024K)
}
Event: 2869.020 {heap Before GC invocations=74 (full 0):
 garbage-first heap   total reserved 2097152K, committed 133120K, used 118210K [0x0000000080000000, 0x0000000100000000)
  region size 1024K, 78 young (79872K), 1 survivors (1024K)
}
Event: 2869.083 {heap After GC invocations=75 (full 0):
 garbage-first heap   total reserved 2097152K, committed 133120K, used 39129K [0x0000000080000000, 0x0000000100000000)
  region size 1024K, 1 young (1024K), 1 survivors (1024K)
}

