# JRE version: OpenJDK Runtime Environment Temurin-21.0.12.1+1 (21.0.12.1+1) (build 21.0.12.1+1-LTS)
# Java VM: OpenJDK 64-Bit Server VM Temurin-21.0.12.1+1 (21.0.12.1+1-LTS, mixed mode, sharing, tiered, compressed oops, compressed class ptrs, g1 gc, windows-amd64)
GC Precious Log:
 CardTable entry size: 512
 Card Set container configuration: InlinePtr #cards 5 size 8 Array Of Cards #cards 12 size 40 Howl #buckets 4 coarsen threshold 1843 Howl Bitmap #cards 512 size 80 coarsen threshold 460 Card regions per heap region 1 cards per card region 2048
 CPUs: 12 total, 12 available
 Memory: 7832M
 Large Page Support: Disabled
 NUMA Support: Disabled
 Compressed Oops: Enabled (32-bit)
 Heap Region Size: 1M
 Heap Min Capacity: 8M
 Heap Initial Capacity: 124M
 Heap Max Capacity: 2G
 Pre-touch: Disabled
 Parallel Workers: 10
 Concurrent Workers: 3
 Concurrent Refinement Workers: 10
 Periodic GC: Disabled
Heap:
 garbage-first heap   total 113664K, used 99764K [0x0000000080000000, 0x0000000100000000)
  region size 1024K, 53 young (54272K), 7 survivors (7168K)
 Metaspace       used 68936K, committed 70912K, reserved 491520K
  class space    used 10146K, committed 11136K, reserved 425984K
GC Heap History (20 events):
Event: 14.510 GC heap before
{Heap before GC invocations=6 (full 0):
 garbage-first heap   total 86016K, used 83856K [0x0000000080000000, 0x0000000100000000)
  region size 1024K, 66 young (67584K), 7 survivors (7168K)
 Metaspace       used 30960K, committed 31872K, reserved 491520K
  class space    used 4478K, committed 4928K, reserved 425984K
}
Event: 14.526 GC heap after
{Heap after GC invocations=7 (full 0):
 garbage-first heap   total 118784K, used 29496K [0x0000000080000000, 0x0000000100000000)
  region size 1024K, 7 young (7168K), 7 survivors (7168K)
 Metaspace       used 30960K, committed 31872K, reserved 491520K
  class space    used 4478K, committed 4928K, reserved 425984K
}
Event: 16.675 GC heap before
{Heap before GC invocations=7 (full 0):
 garbage-first heap   total 118784K, used 94008K [0x0000000080000000, 0x0000000100000000)
  region size 1024K, 69 young (70656K), 7 survivors (7168K)
 Metaspace       used 34846K, committed 35904K, reserved 491520K
  class space    used 4909K, committed 5440K, reserved 425984K
}
Event: 16.686 GC heap after
{Heap after GC invocations=8 (full 0):
 garbage-first heap   total 118784K, used 32702K [0x0000000080000000, 0x0000000100000000)
  region size 1024K, 4 young (4096K), 4 survivors (4096K)
 Metaspace       used 34846K, committed 35904K, reserved 491520K
  class space    used 4909K, committed 5440K, reserved 425984K
}
Event: 16.809 GC heap before
{Heap before GC invocations=8 (full 0):
 garbage-first heap   total 118784K, used 32702K [0x0000000080000000, 0x0000000100000000)
  region size 1024K, 5 young (5120K), 4 survivors (4096K)
 Metaspace       used 34975K, committed 35968K, reserved 491520K
  class space    used 4932K, committed 5440K, reserved 425984K
}
Event: 16.812 GC heap after
{Heap after GC invocations=9 (full 0):
 garbage-first heap   total 118784K, used 32032K [0x0000000080000000, 0x0000000100000000)
  region size 1024K, 4 young (4096K), 4 survivors (4096K)
 Metaspace       used 34975K, committed 35968K, reserved 491520K
  class space    used 4932K, committed 5440K, reserved 425984K
}
Event: 21.107 GC heap before
{Heap before GC invocations=10 (full 0):
 garbage-first heap   total 112640K, used 95520K [0x0000000080000000, 0x0000000100000000)
  region size 1024K, 66 young (67584K), 4 survivors (4096K)
 Metaspace       used 41583K, committed 43072K, reserved 491520K
  class space    used 6056K, committed 6784K, reserved 425984K
}
Event: 21.116 GC heap after
{Heap after GC invocations=11 (full 0):
 garbage-first heap   total 112640K, used 34814K [0x0000000080000000, 0x0000000100000000)
  region size 1024K, 6 young (6144K), 6 survivors (6144K)
 Metaspace       used 41583K, committed 43072K, reserved 491520K
  class space    used 6056K, committed 6784K, reserved 425984K
}
Event: 26.156 GC heap before
{Heap before GC invocations=11 (full 0):
 garbage-first heap   total 112640K, used 96254K [0x0000000080000000, 0x0000000100000000)
  region size 1024K, 66 young (67584K), 6 survivors (6144K)
 Metaspace       used 46465K, committed 48128K, reserved 491520K
  class space    used 6858K, committed 7680K, reserved 425984K
}
Event: 26.166 GC heap after
{Heap after GC invocations=12 (full 0):
 garbage-first heap   total 112640K, used 37542K [0x0000000080000000, 0x0000000100000000)
  region size 1024K, 7 young (7168K), 7 survivors (7168K)
 Metaspace       used 46465K, committed 48128K, reserved 491520K
  class space    used 6858K, committed 7680K, reserved 425984K
}
Event: 90.737 GC heap before
{Heap before GC invocations=12 (full 0):
 garbage-first heap   total 112640K, used 96934K [0x0000000080000000, 0x0000000100000000)
  region size 1024K, 66 young (67584K), 7 survivors (7168K)
 Metaspace       used 48925K, committed 50688K, reserved 491520K
  class space    used 7240K, committed 8128K, reserved 425984K
}
Event: 90.846 GC heap after
{Heap after GC invocations=13 (full 0):
 garbage-first heap   total 112640K, used 40575K [0x0000000080000000, 0x0000000100000000)
  region size 1024K, 6 young (6144K), 6 survivors (6144K)
 Metaspace       used 48925K, committed 50688K, reserved 491520K
  class space    used 7240K, committed 8128K, reserved 425984K
}
Event: 93.561 GC heap before
{Heap before GC invocations=13 (full 0):
 garbage-first heap   total 112640K, used 103039K [0x0000000080000000, 0x0000000100000000)
  region size 1024K, 64 young (65536K), 6 survivors (6144K)
 Metaspace       used 53444K, committed 55360K, reserved 491520K
  class space    used 7963K, committed 8896K, reserved 425984K
}
Event: 93.582 GC heap after
{Heap after GC invocations=14 (full 0):
 garbage-first heap   total 113664K, used 46971K [0x0000000080000000, 0x0000000100000000)
  region size 1024K, 7 young (7168K), 7 survivors (7168K)
 Metaspace       used 53444K, committed 55360K, reserved 491520K
  class space    used 7963K, committed 8896K, reserved 425984K
}
Event: 94.709 GC heap before
{Heap before GC invocations=14 (full 0):
 garbage-first heap   total 113664K, used 86907K [0x0000000080000000, 0x0000000100000000)
  region size 1024K, 47 young (48128K), 7 survivors (7168K)
 Metaspace       used 58276K, committed 60096K, reserved 491520K
  class space    used 8589K, committed 9472K, reserved 425984K
}
Event: 94.726 GC heap after
{Heap after GC invocations=15 (full 0):
 garbage-first heap   total 113664K, used 48497K [0x0000000080000000, 0x0000000100000000)
  region size 1024K, 6 young (6144K), 6 survivors (6144K)
 Metaspace       used 58276K, committed 60096K, reserved 491520K
  class space    used 8589K, committed 9472K, reserved 425984K
}
Event: 96.370 GC heap before
{Heap before GC invocations=16 (full 0):
 garbage-first heap   total 113664K, used 102769K [0x0000000080000000, 0x0000000100000000)
  region size 1024K, 59 young (60416K), 6 survivors (6144K)
 Metaspace       used 62482K, committed 64384K, reserved 491520K
  class space    used 9205K, committed 10176K, reserved 425984K
}
Event: 96.378 GC heap after
{Heap after GC invocations=17 (full 0):
 garbage-first heap   total 113664K, used 50206K [0x0000000080000000, 0x0000000100000000)
  region size 1024K, 4 young (4096K), 4 survivors (4096K)
 Metaspace       used 62482K, committed 64384K, reserved 491520K
  class space    used 9205K, committed 10176K, reserved 425984K
}
Event: 101.413 GC heap before
{Heap before GC invocations=17 (full 0):
 garbage-first heap   total 113664K, used 103454K [0x0000000080000000, 0x0000000100000000)
  region size 1024K, 57 young (58368K), 4 survivors (4096K)
 Metaspace       used 65859K, committed 67776K, reserved 491520K
  class space    used 9683K, committed 10624K, reserved 425984K
}
Event: 101.422 GC heap after
{Heap after GC invocations=18 (full 0):
 garbage-first heap   total 113664K, used 53684K [0x0000000080000000, 0x0000000100000000)
  region size 1024K, 7 young (7168K), 7 survivors (7168K)
 Metaspace       used 65859K, committed 67776K, reserved 491520K
  class space    used 9683K, committed 10624K, reserved 425984K
}

