# JRE version: OpenJDK Runtime Environment Temurin-21.0.11+10 (21.0.11+10) (build 21.0.11+10-LTS)
# Java VM: OpenJDK 64-Bit Server VM Temurin-21.0.11+10 (21.0.11+10-LTS, mixed mode, sharing, tiered, compressed oops, compressed class ptrs, g1 gc, windows-amd64)
GC Precious Log:
 CardTable entry size: 512
 Card Set container configuration: InlinePtr #cards 4 size 8 Array Of Cards #cards 32 size 80 Howl #buckets 8 coarsen threshold 7372 Howl Bitmap #cards 1024 size 144 coarsen threshold 921 Card regions per heap region 1 cards per card region 8192
 CPUs: 12 total, 12 available
 Memory: 7832M
 Large Page Support: Disabled
 NUMA Support: Disabled
 Compressed Oops: Enabled (Zero based)
 Heap Region Size: 4M
 Heap Min Capacity: 8M
 Heap Initial Capacity: 124M
 Heap Max Capacity: 8G
 Pre-touch: Disabled
 Parallel Workers: 10
 Concurrent Workers: 3
 Concurrent Refinement Workers: 10
 Periodic GC: Disabled
Heap:
 garbage-first heap   total 131072K, used 74360K [0x0000000600000000, 0x0000000800000000)
  region size 4096K, 5 young (20480K), 2 survivors (8192K)
 Metaspace       used 83314K, committed 85440K, reserved 1179648K
  class space    used 12128K, committed 13184K, reserved 1048576K
GC Heap History (20 events):
Event: 12.264 GC heap before
{Heap before GC invocations=8 (full 0):
 garbage-first heap   total 106496K, used 39245K [0x0000000600000000, 0x0000000800000000)
  region size 4096K, 4 young (16384K), 1 survivors (4096K)
 Metaspace       used 34922K, committed 35968K, reserved 1114112K
  class space    used 4938K, committed 5440K, reserved 1048576K
}
Event: 12.266 GC heap after
{Heap after GC invocations=9 (full 0):
 garbage-first heap   total 106496K, used 31960K [0x0000000600000000, 0x0000000800000000)
  region size 4096K, 1 young (4096K), 1 survivors (4096K)
 Metaspace       used 34922K, committed 35968K, reserved 1114112K
  class space    used 4938K, committed 5440K, reserved 1048576K
}
Event: 13.466 GC heap before
{Heap before GC invocations=10 (full 0):
 garbage-first heap   total 106496K, used 85208K [0x0000000600000000, 0x0000000800000000)
  region size 4096K, 14 young (57344K), 1 survivors (4096K)
 Metaspace       used 40973K, committed 42496K, reserved 1114112K
  class space    used 5970K, committed 6720K, reserved 1048576K
}
Event: 13.471 GC heap after
{Heap after GC invocations=11 (full 0):
 garbage-first heap   total 131072K, used 34971K [0x0000000600000000, 0x0000000800000000)
  region size 4096K, 2 young (8192K), 2 survivors (8192K)
 Metaspace       used 40973K, committed 42496K, reserved 1114112K
  class space    used 5970K, committed 6720K, reserved 1048576K
}
Event: 14.966 GC heap before
{Heap before GC invocations=11 (full 0):
 garbage-first heap   total 131072K, used 104603K [0x0000000600000000, 0x0000000800000000)
  region size 4096K, 19 young (77824K), 2 survivors (8192K)
 Metaspace       used 46331K, committed 48000K, reserved 1114112K
  class space    used 6845K, committed 7680K, reserved 1048576K
}
Event: 14.972 GC heap after
{Heap after GC invocations=12 (full 0):
 garbage-first heap   total 131072K, used 37623K [0x0000000600000000, 0x0000000800000000)
  region size 4096K, 3 young (12288K), 3 survivors (12288K)
 Metaspace       used 46331K, committed 48000K, reserved 1114112K
  class space    used 6845K, committed 7680K, reserved 1048576K
}
Event: 18.801 GC heap before
{Heap before GC invocations=12 (full 0):
 garbage-first heap   total 131072K, used 103159K [0x0000000600000000, 0x0000000800000000)
  region size 4096K, 19 young (77824K), 3 survivors (12288K)
 Metaspace       used 55090K, committed 56832K, reserved 1114112K
  class space    used 7999K, committed 8832K, reserved 1048576K
}
Event: 18.809 GC heap after
{Heap after GC invocations=13 (full 0):
 garbage-first heap   total 131072K, used 43816K [0x0000000600000000, 0x0000000800000000)
  region size 4096K, 3 young (12288K), 3 survivors (12288K)
 Metaspace       used 55090K, committed 56832K, reserved 1114112K
  class space    used 7999K, committed 8832K, reserved 1048576K
}
Event: 20.180 GC heap before
{Heap before GC invocations=13 (full 0):
 garbage-first heap   total 131072K, used 80680K [0x0000000600000000, 0x0000000800000000)
  region size 4096K, 13 young (53248K), 3 survivors (12288K)
 Metaspace       used 58247K, committed 60096K, reserved 1114112K
  class space    used 8518K, committed 9472K, reserved 1048576K
}
Event: 20.188 GC heap after
{Heap after GC invocations=14 (full 0):
 garbage-first heap   total 131072K, used 45984K [0x0000000600000000, 0x0000000800000000)
  region size 4096K, 3 young (12288K), 3 survivors (12288K)
 Metaspace       used 58247K, committed 60096K, reserved 1114112K
  class space    used 8518K, committed 9472K, reserved 1048576K
}
Event: 24.590 GC heap before
{Heap before GC invocations=15 (full 0):
 garbage-first heap   total 131072K, used 103328K [0x0000000600000000, 0x0000000800000000)
  region size 4096K, 18 young (73728K), 3 survivors (12288K)
 Metaspace       used 64872K, committed 66816K, reserved 1114112K
  class space    used 9416K, committed 10368K, reserved 1048576K
}
Event: 24.597 GC heap after
{Heap after GC invocations=16 (full 0):
 garbage-first heap   total 131072K, used 52968K [0x0000000600000000, 0x0000000800000000)
  region size 4096K, 3 young (12288K), 3 survivors (12288K)
 Metaspace       used 64872K, committed 66816K, reserved 1114112K
  class space    used 9416K, committed 10368K, reserved 1048576K
}
Event: 25.996 GC heap before
{Heap before GC invocations=16 (full 0):
 garbage-first heap   total 131072K, used 110312K [0x0000000600000000, 0x0000000800000000)
  region size 4096K, 17 young (69632K), 3 survivors (12288K)
 Metaspace       used 68941K, committed 70912K, reserved 1114112K
  class space    used 10008K, committed 11008K, reserved 1048576K
}
Event: 26.004 GC heap after
{Heap after GC invocations=17 (full 0):
 garbage-first heap   total 131072K, used 54144K [0x0000000600000000, 0x0000000800000000)
  region size 4096K, 1 young (4096K), 1 survivors (4096K)
 Metaspace       used 68941K, committed 70912K, reserved 1114112K
  class space    used 10008K, committed 11008K, reserved 1048576K
}
Event: 27.534 GC heap before
{Heap before GC invocations=17 (full 0):
 garbage-first heap   total 131072K, used 111488K [0x0000000600000000, 0x0000000800000000)
  region size 4096K, 15 young (61440K), 1 survivors (4096K)
 Metaspace       used 72617K, committed 74624K, reserved 1114112K
  class space    used 10533K, committed 11520K, reserved 1048576K
}
Event: 27.538 GC heap after
{Heap after GC invocations=18 (full 0):
 garbage-first heap   total 131072K, used 57082K [0x0000000600000000, 0x0000000800000000)
  region size 4096K, 2 young (8192K), 2 survivors (8192K)
 Metaspace       used 72617K, committed 74624K, reserved 1114112K
  class space    used 10533K, committed 11520K, reserved 1048576K
}
Event: 32.084 GC heap before
{Heap before GC invocations=18 (full 0):
 garbage-first heap   total 131072K, used 110330K [0x0000000600000000, 0x0000000800000000)
  region size 4096K, 16 young (65536K), 2 survivors (8192K)
 Metaspace       used 77374K, committed 79488K, reserved 1179648K
  class space    used 11314K, committed 12352K, reserved 1048576K
}
Event: 32.094 GC heap after
{Heap after GC invocations=19 (full 0):
 garbage-first heap   total 131072K, used 61695K [0x0000000600000000, 0x0000000800000000)
  region size 4096K, 2 young (8192K), 2 survivors (8192K)
 Metaspace       used 77374K, committed 79488K, reserved 1179648K
  class space    used 11314K, committed 12352K, reserved 1048576K
}
Event: 34.461 GC heap before
{Heap before GC invocations=19 (full 0):
 garbage-first heap   total 131072K, used 110847K [0x0000000600000000, 0x0000000800000000)
  region size 4096K, 15 young (61440K), 2 survivors (8192K)
 Metaspace       used 81892K, committed 84032K, reserved 1179648K
  class space    used 11925K, committed 12992K, reserved 1048576K
}
Event: 34.472 GC heap after
{Heap after GC invocations=20 (full 0):
 garbage-first heap   total 131072K, used 66168K [0x0000000600000000, 0x0000000800000000)
  region size 4096K, 2 young (8192K), 2 survivors (8192K)
 Metaspace       used 81892K, committed 84032K, reserved 1179648K
  class space    used 11925K, committed 12992K, reserved 1048576K
}

