# JRE version: OpenJDK Runtime Environment Temurin-21.0.12.1+1 (21.0.12.1+1) (build 21.0.12.1+1-LTS)
# Java VM: OpenJDK 64-Bit Server VM Temurin-21.0.12.1+1 (21.0.12.1+1-LTS, mixed mode, sharing, tiered, compressed oops, compressed class ptrs, g1 gc, windows-amd64)
GC Precious Log:
 CardTable entry size: 512
 Card Set container configuration: InlinePtr #cards 5 size 8 Array Of Cards #cards 12 size 40 Howl #buckets 4 coarsen threshold 1843 Howl Bitmap #cards 512 size 80 coarsen threshold 460 Card regions per heap region 1 cards per card region 2048
 CPUs: 12 total, 12 available
 Memory: 7832M
 Large Page Support: Disabled
 NUMA Support: Disabled
 Compressed Oops: Enabled (32-bit)
 Heap Region Size: 1M
 Heap Min Capacity: 8M
 Heap Initial Capacity: 124M
 Heap Max Capacity: 2G
 Pre-touch: Disabled
 Parallel Workers: 10
 Concurrent Workers: 3
 Concurrent Refinement Workers: 10
 Periodic GC: Disabled
Heap:
 garbage-first heap   total 115712K, used 63823K [0x0000000080000000, 0x0000000100000000)
  region size 1024K, 20 young (20480K), 6 survivors (6144K)
 Metaspace       used 63612K, committed 65536K, reserved 491520K
  class space    used 9338K, committed 10304K, reserved 425984K
GC Heap History (20 events):
Event: 77.298 GC heap before
{Heap before GC invocations=4 (full 0):
 garbage-first heap   total 126976K, used 47404K [0x0000000080000000, 0x0000000100000000)
  region size 1024K, 30 young (30720K), 5 survivors (5120K)
 Metaspace       used 20807K, committed 21504K, reserved 491520K
  class space    used 3047K, committed 3392K, reserved 425984K
}
Event: 77.321 GC heap after
{Heap after GC invocations=5 (full 0):
 garbage-first heap   total 126976K, used 24874K [0x0000000080000000, 0x0000000100000000)
  region size 1024K, 7 young (7168K), 7 survivors (7168K)
 Metaspace       used 20807K, committed 21504K, reserved 491520K
  class space    used 3047K, committed 3392K, reserved 425984K
}
Event: 93.306 GC heap before
{Heap before GC invocations=6 (full 0):
 garbage-first heap   total 86016K, used 85290K [0x0000000080000000, 0x0000000100000000)
  region size 1024K, 66 young (67584K), 7 survivors (7168K)
 Metaspace       used 30835K, committed 31808K, reserved 491520K
  class space    used 4437K, committed 4864K, reserved 425984K
}
Event: 93.375 GC heap after
{Heap after GC invocations=7 (full 0):
 garbage-first heap   total 123904K, used 29707K [0x0000000080000000, 0x0000000100000000)
  region size 1024K, 7 young (7168K), 7 survivors (7168K)
 Metaspace       used 30835K, committed 31808K, reserved 491520K
  class space    used 4437K, committed 4864K, reserved 425984K
}
Event: 126.695 GC heap before
{Heap before GC invocations=7 (full 0):
 garbage-first heap   total 123904K, used 97291K [0x0000000080000000, 0x0000000100000000)
  region size 1024K, 72 young (73728K), 7 survivors (7168K)
 Metaspace       used 34768K, committed 35840K, reserved 491520K
  class space    used 4869K, committed 5376K, reserved 425984K
}
Event: 126.764 GC heap after
{Heap after GC invocations=8 (full 0):
 garbage-first heap   total 123904K, used 32276K [0x0000000080000000, 0x0000000100000000)
  region size 1024K, 8 young (8192K), 8 survivors (8192K)
 Metaspace       used 34768K, committed 35840K, reserved 491520K
  class space    used 4869K, committed 5376K, reserved 425984K
}
Event: 131.257 GC heap before
{Heap before GC invocations=8 (full 0):
 garbage-first heap   total 123904K, used 34324K [0x0000000080000000, 0x0000000100000000)
  region size 1024K, 11 young (11264K), 8 survivors (8192K)
 Metaspace       used 34925K, committed 35968K, reserved 491520K
  class space    used 4895K, committed 5440K, reserved 425984K
}
Event: 131.276 GC heap after
{Heap after GC invocations=9 (full 0):
 garbage-first heap   total 123904K, used 32569K [0x0000000080000000, 0x0000000100000000)
  region size 1024K, 4 young (4096K), 4 survivors (4096K)
 Metaspace       used 34925K, committed 35968K, reserved 491520K
  class space    used 4895K, committed 5440K, reserved 425984K
}
Event: 152.551 GC heap before
{Heap before GC invocations=10 (full 0):
 garbage-first heap   total 112640K, used 96057K [0x0000000080000000, 0x0000000100000000)
  region size 1024K, 66 young (67584K), 4 survivors (4096K)
 Metaspace       used 41753K, committed 43328K, reserved 491520K
  class space    used 6058K, committed 6784K, reserved 425984K
}
Event: 152.582 GC heap after
{Heap after GC invocations=11 (full 0):
 garbage-first heap   total 112640K, used 35261K [0x0000000080000000, 0x0000000100000000)
  region size 1024K, 6 young (6144K), 6 survivors (6144K)
 Metaspace       used 41753K, committed 43328K, reserved 491520K
  class space    used 6058K, committed 6784K, reserved 425984K
}
Event: 177.579 GC heap before
{Heap before GC invocations=11 (full 0):
 garbage-first heap   total 112640K, used 96701K [0x0000000080000000, 0x0000000100000000)
  region size 1024K, 66 young (67584K), 6 survivors (6144K)
 Metaspace       used 46141K, committed 47808K, reserved 491520K
  class space    used 6793K, committed 7616K, reserved 425984K
}
Event: 177.613 GC heap after
{Heap after GC invocations=12 (full 0):
 garbage-first heap   total 112640K, used 37026K [0x0000000080000000, 0x0000000100000000)
  region size 1024K, 6 young (6144K), 6 survivors (6144K)
 Metaspace       used 46141K, committed 47808K, reserved 491520K
  class space    used 6793K, committed 7616K, reserved 425984K
}
Event: 202.525 GC heap before
{Heap before GC invocations=12 (full 0):
 garbage-first heap   total 112640K, used 97442K [0x0000000080000000, 0x0000000100000000)
  region size 1024K, 66 young (67584K), 6 survivors (6144K)
 Metaspace       used 50014K, committed 51776K, reserved 491520K
  class space    used 7375K, committed 8256K, reserved 425984K
}
Event: 202.550 GC heap after
{Heap after GC invocations=13 (full 0):
 garbage-first heap   total 112640K, used 41030K [0x0000000080000000, 0x0000000100000000)
  region size 1024K, 6 young (6144K), 6 survivors (6144K)
 Metaspace       used 50014K, committed 51776K, reserved 491520K
  class space    used 7375K, committed 8256K, reserved 425984K
}
Event: 226.515 GC heap before
{Heap before GC invocations=13 (full 0):
 garbage-first heap   total 112640K, used 105542K [0x0000000080000000, 0x0000000100000000)
  region size 1024K, 65 young (66560K), 6 survivors (6144K)
 Metaspace       used 56097K, committed 57984K, reserved 491520K
  class space    used 8304K, committed 9216K, reserved 425984K
}
Event: 226.578 GC heap after
{Heap after GC invocations=14 (full 0):
 garbage-first heap   total 115712K, used 47527K [0x0000000080000000, 0x0000000100000000)
  region size 1024K, 7 young (7168K), 7 survivors (7168K)
 Metaspace       used 56097K, committed 57984K, reserved 491520K
  class space    used 8304K, committed 9216K, reserved 425984K
}
Event: 235.193 GC heap before
{Heap before GC invocations=14 (full 0):
 garbage-first heap   total 115712K, used 63911K [0x0000000080000000, 0x0000000100000000)
  region size 1024K, 24 young (24576K), 7 survivors (7168K)
 Metaspace       used 58242K, committed 60096K, reserved 491520K
  class space    used 8563K, committed 9472K, reserved 425984K
}
Event: 235.233 GC heap after
{Heap after GC invocations=15 (full 0):
 garbage-first heap   total 115712K, used 48491K [0x0000000080000000, 0x0000000100000000)
  region size 1024K, 4 young (4096K), 4 survivors (4096K)
 Metaspace       used 58242K, committed 60096K, reserved 491520K
  class space    used 8563K, committed 9472K, reserved 425984K
}
Event: 252.621 GC heap before
{Heap before GC invocations=16 (full 0):
 garbage-first heap   total 115712K, used 105835K [0x0000000080000000, 0x0000000100000000)
  region size 1024K, 60 young (61440K), 4 survivors (4096K)
 Metaspace       used 62654K, committed 64576K, reserved 491520K
  class space    used 9211K, committed 10176K, reserved 425984K
}
Event: 252.702 GC heap after
{Heap after GC invocations=17 (full 0):
 garbage-first heap   total 115712K, used 50511K [0x0000000080000000, 0x0000000100000000)
  region size 1024K, 6 young (6144K), 6 survivors (6144K)
 Metaspace       used 62654K, committed 64576K, reserved 491520K
  class space    used 9211K, committed 10176K, reserved 425984K
}

