# JRE version: OpenJDK Runtime Environment Temurin-21.0.12.1+1 (21.0.12.1+1) (build 21.0.12.1+1-LTS)
# Java VM: OpenJDK 64-Bit Server VM Temurin-21.0.12.1+1 (21.0.12.1+1-LTS, mixed mode, sharing, tiered, compressed oops, compressed class ptrs, g1 gc, windows-amd64)
GC Precious Log:
 CardTable entry size: 512
 Card Set container configuration: InlinePtr #cards 5 size 8 Array Of Cards #cards 12 size 40 Howl #buckets 4 coarsen threshold 1843 Howl Bitmap #cards 512 size 80 coarsen threshold 460 Card regions per heap region 1 cards per card region 2048
 CPUs: 12 total, 12 available
 Memory: 7832M
 Large Page Support: Disabled
 NUMA Support: Disabled
 Compressed Oops: Enabled (32-bit)
 Heap Region Size: 1M
 Heap Min Capacity: 8M
 Heap Initial Capacity: 124M
 Heap Max Capacity: 2G
 Pre-touch: Disabled
 Parallel Workers: 10
 Concurrent Workers: 3
 Concurrent Refinement Workers: 10
 Periodic GC: Disabled
Heap:
 garbage-first heap   total 139264K, used 109891K [0x0000000080000000, 0x0000000100000000)
  region size 1024K, 32 young (32768K), 7 survivors (7168K)
 Metaspace       used 76636K, committed 78784K, reserved 557056K
  class space    used 11193K, committed 12288K, reserved 425984K
GC Heap History (20 events):
Event: 111.569 GC heap before
{Heap before GC invocations=17 (full 0):
 garbage-first heap   total 99328K, used 91231K [0x0000000080000000, 0x0000000100000000)
  region size 1024K, 46 young (47104K), 4 survivors (4096K)
 Metaspace       used 61661K, committed 63616K, reserved 491520K
  class space    used 9087K, committed 10048K, reserved 425984K
}
Event: 111.575 GC heap after
{Heap after GC invocations=18 (full 0):
 garbage-first heap   total 99328K, used 49854K [0x0000000080000000, 0x0000000100000000)
  region size 1024K, 3 young (3072K), 3 survivors (3072K)
 Metaspace       used 61661K, committed 63616K, reserved 491520K
  class space    used 9087K, committed 10048K, reserved 425984K
}
Event: 115.313 GC heap before
{Heap before GC invocations=18 (full 0):
 garbage-first heap   total 99328K, used 91838K [0x0000000080000000, 0x0000000100000000)
  region size 1024K, 44 young (45056K), 3 survivors (3072K)
 Metaspace       used 64389K, committed 66368K, reserved 491520K
  class space    used 9473K, committed 10432K, reserved 425984K
}
Event: 115.319 GC heap after
{Heap after GC invocations=19 (full 0):
 garbage-first heap   total 99328K, used 51131K [0x0000000080000000, 0x0000000100000000)
  region size 1024K, 4 young (4096K), 4 survivors (4096K)
 Metaspace       used 64389K, committed 66368K, reserved 491520K
  class space    used 9473K, committed 10432K, reserved 425984K
}
Event: 122.293 GC heap before
{Heap before GC invocations=19 (full 0):
 garbage-first heap   total 99328K, used 91067K [0x0000000080000000, 0x0000000100000000)
  region size 1024K, 44 young (45056K), 4 survivors (4096K)
 Metaspace       used 66688K, committed 68672K, reserved 491520K
  class space    used 9787K, committed 10752K, reserved 425984K
}
Event: 122.314 GC heap after
{Heap after GC invocations=20 (full 0):
 garbage-first heap   total 99328K, used 53463K [0x0000000080000000, 0x0000000100000000)
  region size 1024K, 6 young (6144K), 6 survivors (6144K)
 Metaspace       used 66688K, committed 68672K, reserved 491520K
  class space    used 9787K, committed 10752K, reserved 425984K
}
Event: 160.244 GC heap before
{Heap before GC invocations=21 (full 0):
 garbage-first heap   total 99328K, used 92375K [0x0000000080000000, 0x0000000100000000)
  region size 1024K, 44 young (45056K), 6 survivors (6144K)
 Metaspace       used 69370K, committed 71360K, reserved 491520K
  class space    used 10216K, committed 11200K, reserved 425984K
}
Event: 160.339 GC heap after
{Heap after GC invocations=22 (full 0):
 garbage-first heap   total 101376K, used 55884K [0x0000000080000000, 0x0000000100000000)
  region size 1024K, 5 young (5120K), 5 survivors (5120K)
 Metaspace       used 69370K, committed 71360K, reserved 491520K
  class space    used 10216K, committed 11200K, reserved 425984K
}
Event: 173.400 GC heap before
{Heap before GC invocations=22 (full 0):
 garbage-first heap   total 101376K, used 93772K [0x0000000080000000, 0x0000000100000000)
  region size 1024K, 43 young (44032K), 5 survivors (5120K)
 Metaspace       used 71533K, committed 73664K, reserved 491520K
  class space    used 10597K, committed 11648K, reserved 425984K
}
Event: 173.422 GC heap after
{Heap after GC invocations=23 (full 0):
 garbage-first heap   total 103424K, used 57728K [0x0000000080000000, 0x0000000100000000)
  region size 1024K, 5 young (5120K), 5 survivors (5120K)
 Metaspace       used 71533K, committed 73664K, reserved 491520K
  class space    used 10597K, committed 11648K, reserved 425984K
}
Event: 176.719 GC heap before
{Heap before GC invocations=23 (full 0):
 garbage-first heap   total 103424K, used 94592K [0x0000000080000000, 0x0000000100000000)
  region size 1024K, 42 young (43008K), 5 survivors (5120K)
 Metaspace       used 72198K, committed 74304K, reserved 491520K
  class space    used 10640K, committed 11712K, reserved 425984K
}
Event: 176.742 GC heap after
{Heap after GC invocations=24 (full 0):
 garbage-first heap   total 106496K, used 63419K [0x0000000080000000, 0x0000000100000000)
  region size 1024K, 6 young (6144K), 6 survivors (6144K)
 Metaspace       used 72198K, committed 74304K, reserved 491520K
  class space    used 10640K, committed 11712K, reserved 425984K
}
Event: 177.191 GC heap before
{Heap before GC invocations=25 (full 0):
 garbage-first heap   total 106496K, used 96187K [0x0000000080000000, 0x0000000100000000)
  region size 1024K, 39 young (39936K), 6 survivors (6144K)
 Metaspace       used 72321K, committed 74432K, reserved 491520K
  class space    used 10643K, committed 11712K, reserved 425984K
}
Event: 177.200 GC heap after
{Heap after GC invocations=26 (full 0):
 garbage-first heap   total 106496K, used 65813K [0x0000000080000000, 0x0000000100000000)
  region size 1024K, 2 young (2048K), 2 survivors (2048K)
 Metaspace       used 72321K, committed 74432K, reserved 491520K
  class space    used 10643K, committed 11712K, reserved 425984K
}
Event: 177.388 GC heap before
{Heap before GC invocations=26 (full 0):
 garbage-first heap   total 106496K, used 96533K [0x0000000080000000, 0x0000000100000000)
  region size 1024K, 33 young (33792K), 2 survivors (2048K)
 Metaspace       used 72331K, committed 74432K, reserved 491520K
  class space    used 10643K, committed 11712K, reserved 425984K
}
Event: 177.395 GC heap after
{Heap after GC invocations=27 (full 0):
 garbage-first heap   total 106496K, used 66872K [0x0000000080000000, 0x0000000100000000)
  region size 1024K, 3 young (3072K), 3 survivors (3072K)
 Metaspace       used 72331K, committed 74432K, reserved 491520K
  class space    used 10643K, committed 11712K, reserved 425984K
}
Event: 177.962 GC heap before
{Heap before GC invocations=27 (full 0):
 garbage-first heap   total 106496K, used 97592K [0x0000000080000000, 0x0000000100000000)
  region size 1024K, 34 young (34816K), 3 survivors (3072K)
 Metaspace       used 72578K, committed 74688K, reserved 491520K
  class space    used 10676K, committed 11712K, reserved 425984K
}
Event: 177.971 GC heap after
{Heap after GC invocations=28 (full 0):
 garbage-first heap   total 128000K, used 68499K [0x0000000080000000, 0x0000000100000000)
  region size 1024K, 3 young (3072K), 3 survivors (3072K)
 Metaspace       used 72578K, committed 74688K, reserved 491520K
  class space    used 10676K, committed 11712K, reserved 425984K
}
Event: 184.291 GC heap before
{Heap before GC invocations=29 (full 0):
 garbage-first heap   total 128000K, used 126867K [0x0000000080000000, 0x0000000100000000)
  region size 1024K, 51 young (52224K), 3 survivors (3072K)
 Metaspace       used 74808K, committed 76928K, reserved 557056K
  class space    used 10984K, committed 12032K, reserved 425984K
}
Event: 184.301 GC heap after
{Heap after GC invocations=30 (full 0):
 garbage-first heap   total 139264K, used 85315K [0x0000000080000000, 0x0000000100000000)
  region size 1024K, 7 young (7168K), 7 survivors (7168K)
 Metaspace       used 74808K, committed 76928K, reserved 557056K
  class space    used 10984K, committed 12032K, reserved 425984K
}

