# JRE version: OpenJDK Runtime Environment Temurin-21.0.12.1+1 (21.0.12.1+1) (build 21.0.12.1+1-LTS)
# Java VM: OpenJDK 64-Bit Server VM Temurin-21.0.12.1+1 (21.0.12.1+1-LTS, mixed mode, sharing, tiered, compressed oops, compressed class ptrs, g1 gc, windows-amd64)
GC Precious Log:
 CardTable entry size: 512
 Card Set container configuration: InlinePtr #cards 5 size 8 Array Of Cards #cards 12 size 40 Howl #buckets 4 coarsen threshold 1843 Howl Bitmap #cards 512 size 80 coarsen threshold 460 Card regions per heap region 1 cards per card region 2048
 CPUs: 12 total, 12 available
 Memory: 7832M
 Large Page Support: Disabled
 NUMA Support: Disabled
 Compressed Oops: Enabled (32-bit)
 Heap Region Size: 1M
 Heap Min Capacity: 8M
 Heap Initial Capacity: 124M
 Heap Max Capacity: 2G
 Pre-touch: Disabled
 Parallel Workers: 10
 Concurrent Workers: 3
 Concurrent Refinement Workers: 10
 Periodic GC: Disabled
Heap:
 garbage-first heap   total 100352K, used 56876K [0x0000000080000000, 0x0000000100000000)
  region size 1024K, 12 young (12288K), 5 survivors (5120K)
 Metaspace       used 62075K, committed 64000K, reserved 491520K
  class space    used 9152K, committed 10112K, reserved 425984K
GC Heap History (20 events):
Event: 43.113 GC heap before
{Heap before GC invocations=6 (full 0):
 garbage-first heap   total 89088K, used 86430K [0x0000000080000000, 0x0000000100000000)
  region size 1024K, 64 young (65536K), 3 survivors (3072K)
 Metaspace       used 31407K, committed 32320K, reserved 491520K
  class space    used 4505K, committed 4928K, reserved 425984K
}
Event: 43.122 GC heap after
{Heap after GC invocations=7 (full 0):
 garbage-first heap   total 96256K, used 29041K [0x0000000080000000, 0x0000000100000000)
  region size 1024K, 7 young (7168K), 7 survivors (7168K)
 Metaspace       used 31407K, committed 32320K, reserved 491520K
  class space    used 4505K, committed 4928K, reserved 425984K
}
Event: 44.300 GC heap before
{Heap before GC invocations=7 (full 0):
 garbage-first heap   total 96256K, used 80241K [0x0000000080000000, 0x0000000100000000)
  region size 1024K, 56 young (57344K), 7 survivors (7168K)
 Metaspace       used 33967K, committed 35008K, reserved 491520K
  class space    used 4748K, committed 5248K, reserved 425984K
}
Event: 44.306 GC heap after
{Heap after GC invocations=8 (full 0):
 garbage-first heap   total 96256K, used 31965K [0x0000000080000000, 0x0000000100000000)
  region size 1024K, 3 young (3072K), 3 survivors (3072K)
 Metaspace       used 33967K, committed 35008K, reserved 491520K
  class space    used 4748K, committed 5248K, reserved 425984K
}
Event: 46.266 GC heap before
{Heap before GC invocations=8 (full 0):
 garbage-first heap   total 96256K, used 44253K [0x0000000080000000, 0x0000000100000000)
  region size 1024K, 16 young (16384K), 3 survivors (3072K)
 Metaspace       used 34941K, committed 35968K, reserved 491520K
  class space    used 4917K, committed 5440K, reserved 425984K
}
Event: 46.270 GC heap after
{Heap after GC invocations=9 (full 0):
 garbage-first heap   total 96256K, used 33448K [0x0000000080000000, 0x0000000100000000)
  region size 1024K, 5 young (5120K), 5 survivors (5120K)
 Metaspace       used 34941K, committed 35968K, reserved 491520K
  class space    used 4917K, committed 5440K, reserved 425984K
}
Event: 49.649 GC heap before
{Heap before GC invocations=10 (full 0):
 garbage-first heap   total 96256K, used 83624K [0x0000000080000000, 0x0000000100000000)
  region size 1024K, 54 young (55296K), 5 survivors (5120K)
 Metaspace       used 40640K, committed 42112K, reserved 491520K
  class space    used 5892K, committed 6592K, reserved 425984K
}
Event: 49.655 GC heap after
{Heap after GC invocations=11 (full 0):
 garbage-first heap   total 96256K, used 35315K [0x0000000080000000, 0x0000000100000000)
  region size 1024K, 4 young (4096K), 4 survivors (4096K)
 Metaspace       used 40640K, committed 42112K, reserved 491520K
  class space    used 5892K, committed 6592K, reserved 425984K
}
Event: 51.812 GC heap before
{Heap before GC invocations=11 (full 0):
 garbage-first heap   total 96256K, used 84467K [0x0000000080000000, 0x0000000100000000)
  region size 1024K, 52 young (53248K), 4 survivors (4096K)
 Metaspace       used 43894K, committed 45504K, reserved 491520K
  class space    used 6454K, committed 7232K, reserved 425984K
}
Event: 51.817 GC heap after
{Heap after GC invocations=12 (full 0):
 garbage-first heap   total 96256K, used 36942K [0x0000000080000000, 0x0000000100000000)
  region size 1024K, 5 young (5120K), 5 survivors (5120K)
 Metaspace       used 43894K, committed 45504K, reserved 491520K
  class space    used 6454K, committed 7232K, reserved 425984K
}
Event: 60.851 GC heap before
{Heap before GC invocations=12 (full 0):
 garbage-first heap   total 96256K, used 86094K [0x0000000080000000, 0x0000000100000000)
  region size 1024K, 53 young (54272K), 5 survivors (5120K)
 Metaspace       used 48306K, committed 50048K, reserved 491520K
  class space    used 7134K, committed 8000K, reserved 425984K
}
Event: 60.861 GC heap after
{Heap after GC invocations=13 (full 0):
 garbage-first heap   total 96256K, used 39963K [0x0000000080000000, 0x0000000100000000)
  region size 1024K, 5 young (5120K), 5 survivors (5120K)
 Metaspace       used 48306K, committed 50048K, reserved 491520K
  class space    used 7134K, committed 8000K, reserved 425984K
}
Event: 63.259 GC heap before
{Heap before GC invocations=13 (full 0):
 garbage-first heap   total 96256K, used 85019K [0x0000000080000000, 0x0000000100000000)
  region size 1024K, 50 young (51200K), 5 survivors (5120K)
 Metaspace       used 51223K, committed 53056K, reserved 491520K
  class space    used 7615K, committed 8512K, reserved 425984K
}
Event: 63.268 GC heap after
{Heap after GC invocations=14 (full 0):
 garbage-first heap   total 96256K, used 41818K [0x0000000080000000, 0x0000000100000000)
  region size 1024K, 5 young (5120K), 5 survivors (5120K)
 Metaspace       used 51223K, committed 53056K, reserved 491520K
  class space    used 7615K, committed 8512K, reserved 425984K
}
Event: 69.459 GC heap before
{Heap before GC invocations=14 (full 0):
 garbage-first heap   total 96256K, used 91994K [0x0000000080000000, 0x0000000100000000)
  region size 1024K, 50 young (51200K), 5 survivors (5120K)
 Metaspace       used 55795K, committed 57728K, reserved 491520K
  class space    used 8293K, committed 9216K, reserved 425984K
}
Event: 69.525 GC heap after
{Heap after GC invocations=15 (full 0):
 garbage-first heap   total 100352K, used 48650K [0x0000000080000000, 0x0000000100000000)
  region size 1024K, 5 young (5120K), 5 survivors (5120K)
 Metaspace       used 55795K, committed 57728K, reserved 491520K
  class space    used 8293K, committed 9216K, reserved 425984K
}
Event: 73.226 GC heap before
{Heap before GC invocations=15 (full 0):
 garbage-first heap   total 100352K, used 67082K [0x0000000080000000, 0x0000000100000000)
  region size 1024K, 24 young (24576K), 5 survivors (5120K)
 Metaspace       used 58203K, committed 60096K, reserved 491520K
  class space    used 8587K, committed 9472K, reserved 425984K
}
Event: 73.235 GC heap after
{Heap after GC invocations=16 (full 0):
 garbage-first heap   total 100352K, used 49226K [0x0000000080000000, 0x0000000100000000)
  region size 1024K, 4 young (4096K), 4 survivors (4096K)
 Metaspace       used 58203K, committed 60096K, reserved 491520K
  class space    used 8587K, committed 9472K, reserved 425984K
}
Event: 76.734 GC heap before
{Heap before GC invocations=17 (full 0):
 garbage-first heap   total 100352K, used 92234K [0x0000000080000000, 0x0000000100000000)
  region size 1024K, 46 young (47104K), 4 survivors (4096K)
 Metaspace       used 61599K, committed 63552K, reserved 491520K
  class space    used 9090K, committed 10048K, reserved 425984K
}
Event: 76.742 GC heap after
{Heap after GC invocations=18 (full 0):
 garbage-first heap   total 100352K, used 50732K [0x0000000080000000, 0x0000000100000000)
  region size 1024K, 5 young (5120K), 5 survivors (5120K)
 Metaspace       used 61599K, committed 63552K, reserved 491520K
  class space    used 9090K, committed 10048K, reserved 425984K
}

