# JRE version: OpenJDK Runtime Environment Temurin-21.0.12.1+1 (21.0.12.1+1) (build 21.0.12.1+1-LTS)
# Java VM: OpenJDK 64-Bit Server VM Temurin-21.0.12.1+1 (21.0.12.1+1-LTS, mixed mode, sharing, tiered, compressed oops, compressed class ptrs, g1 gc, windows-amd64)
GC Precious Log:
 CardTable entry size: 512
 Card Set container configuration: InlinePtr #cards 5 size 8 Array Of Cards #cards 12 size 40 Howl #buckets 4 coarsen threshold 1843 Howl Bitmap #cards 512 size 80 coarsen threshold 460 Card regions per heap region 1 cards per card region 2048
 CPUs: 12 total, 12 available
 Memory: 7832M
 Large Page Support: Disabled
 NUMA Support: Disabled
 Compressed Oops: Enabled (32-bit)
 Heap Region Size: 1M
 Heap Min Capacity: 8M
 Heap Initial Capacity: 124M
 Heap Max Capacity: 2G
 Pre-touch: Disabled
 Parallel Workers: 10
 Concurrent Workers: 3
 Concurrent Refinement Workers: 10
 Periodic GC: Disabled
Heap:
 garbage-first heap   total 113664K, used 103313K [0x0000000080000000, 0x0000000100000000)
  region size 1024K, 58 young (59392K), 6 survivors (6144K)
 Metaspace       used 65681K, committed 67584K, reserved 491520K
  class space    used 9614K, committed 10560K, reserved 425984K
GC Heap History (20 events):
Event: 2.947 GC heap after
{Heap after GC invocations=5 (full 0):
 garbage-first heap   total 126976K, used 24804K [0x0000000080000000, 0x0000000100000000)
  region size 1024K, 7 young (7168K), 7 survivors (7168K)
 Metaspace       used 20879K, committed 21504K, reserved 491520K
  class space    used 3100K, committed 3392K, reserved 425984K
}
Event: 10.533 GC heap before
{Heap before GC invocations=6 (full 0):
 garbage-first heap   total 86016K, used 84196K [0x0000000080000000, 0x0000000100000000)
  region size 1024K, 66 young (67584K), 7 survivors (7168K)
 Metaspace       used 31243K, committed 32192K, reserved 491520K
  class space    used 4482K, committed 4928K, reserved 425984K
}
Event: 10.548 GC heap after
{Heap after GC invocations=7 (full 0):
 garbage-first heap   total 118784K, used 29390K [0x0000000080000000, 0x0000000100000000)
  region size 1024K, 7 young (7168K), 7 survivors (7168K)
 Metaspace       used 31243K, committed 32192K, reserved 491520K
  class space    used 4482K, committed 4928K, reserved 425984K
}
Event: 15.761 GC heap before
{Heap before GC invocations=7 (full 0):
 garbage-first heap   total 118784K, used 93902K [0x0000000080000000, 0x0000000100000000)
  region size 1024K, 69 young (70656K), 7 survivors (7168K)
 Metaspace       used 34912K, committed 35968K, reserved 491520K
  class space    used 4922K, committed 5440K, reserved 425984K
}
Event: 15.771 GC heap after
{Heap after GC invocations=8 (full 0):
 garbage-first heap   total 118784K, used 33310K [0x0000000080000000, 0x0000000100000000)
  region size 1024K, 9 young (9216K), 9 survivors (9216K)
 Metaspace       used 34912K, committed 35968K, reserved 491520K
  class space    used 4922K, committed 5440K, reserved 425984K
}
Event: 15.933 GC heap before
{Heap before GC invocations=8 (full 0):
 garbage-first heap   total 118784K, used 35358K [0x0000000080000000, 0x0000000100000000)
  region size 1024K, 12 young (12288K), 9 survivors (9216K)
 Metaspace       used 35115K, committed 36096K, reserved 491520K
  class space    used 4961K, committed 5440K, reserved 425984K
}
Event: 15.941 GC heap after
{Heap after GC invocations=9 (full 0):
 garbage-first heap   total 118784K, used 32445K [0x0000000080000000, 0x0000000100000000)
  region size 1024K, 3 young (3072K), 3 survivors (3072K)
 Metaspace       used 35115K, committed 36096K, reserved 491520K
  class space    used 4961K, committed 5440K, reserved 425984K
}
Event: 22.495 GC heap before
{Heap before GC invocations=10 (full 0):
 garbage-first heap   total 109568K, used 94909K [0x0000000080000000, 0x0000000100000000)
  region size 1024K, 64 young (65536K), 3 survivors (3072K)
 Metaspace       used 41584K, committed 43072K, reserved 491520K
  class space    used 6050K, committed 6784K, reserved 425984K
}
Event: 22.502 GC heap after
{Heap after GC invocations=11 (full 0):
 garbage-first heap   total 109568K, used 35320K [0x0000000080000000, 0x0000000100000000)
  region size 1024K, 6 young (6144K), 6 survivors (6144K)
 Metaspace       used 41584K, committed 43072K, reserved 491520K
  class space    used 6050K, committed 6784K, reserved 425984K
}
Event: 37.911 GC heap before
{Heap before GC invocations=11 (full 0):
 garbage-first heap   total 109568K, used 94712K [0x0000000080000000, 0x0000000100000000)
  region size 1024K, 64 young (65536K), 6 survivors (6144K)
 Metaspace       used 46106K, committed 47744K, reserved 491520K
  class space    used 6796K, committed 7616K, reserved 425984K
}
Event: 37.921 GC heap after
{Heap after GC invocations=12 (full 0):
 garbage-first heap   total 109568K, used 37252K [0x0000000080000000, 0x0000000100000000)
  region size 1024K, 6 young (6144K), 6 survivors (6144K)
 Metaspace       used 46106K, committed 47744K, reserved 491520K
  class space    used 6796K, committed 7616K, reserved 425984K
}
Event: 57.070 GC heap before
{Heap before GC invocations=12 (full 0):
 garbage-first heap   total 109568K, used 95620K [0x0000000080000000, 0x0000000100000000)
  region size 1024K, 64 young (65536K), 6 survivors (6144K)
 Metaspace       used 49341K, committed 51072K, reserved 491520K
  class space    used 7239K, committed 8128K, reserved 425984K
}
Event: 57.102 GC heap after
{Heap after GC invocations=13 (full 0):
 garbage-first heap   total 109568K, used 40043K [0x0000000080000000, 0x0000000100000000)
  region size 1024K, 6 young (6144K), 6 survivors (6144K)
 Metaspace       used 49341K, committed 51072K, reserved 491520K
  class space    used 7239K, committed 8128K, reserved 425984K
}
Event: 71.333 GC heap before
{Heap before GC invocations=13 (full 0):
 garbage-first heap   total 109568K, used 101483K [0x0000000080000000, 0x0000000100000000)
  region size 1024K, 62 young (63488K), 6 survivors (6144K)
 Metaspace       used 54805K, committed 56640K, reserved 491520K
  class space    used 8113K, committed 9024K, reserved 425984K
}
Event: 71.348 GC heap after
{Heap after GC invocations=14 (full 0):
 garbage-first heap   total 112640K, used 47487K [0x0000000080000000, 0x0000000100000000)
  region size 1024K, 7 young (7168K), 7 survivors (7168K)
 Metaspace       used 54805K, committed 56640K, reserved 491520K
  class space    used 8113K, committed 9024K, reserved 425984K
}
Event: 76.558 GC heap before
{Heap before GC invocations=14 (full 0):
 garbage-first heap   total 112640K, used 74111K [0x0000000080000000, 0x0000000100000000)
  region size 1024K, 34 young (34816K), 7 survivors (7168K)
 Metaspace       used 58434K, committed 60288K, reserved 491520K
  class space    used 8569K, committed 9536K, reserved 425984K
}
Event: 76.578 GC heap after
{Heap after GC invocations=15 (full 0):
 garbage-first heap   total 112640K, used 48769K [0x0000000080000000, 0x0000000100000000)
  region size 1024K, 5 young (5120K), 5 survivors (5120K)
 Metaspace       used 58434K, committed 60288K, reserved 491520K
  class space    used 8569K, committed 9536K, reserved 425984K
}
Event: 84.080 GC heap before
{Heap before GC invocations=16 (full 0):
 garbage-first heap   total 112640K, used 102017K [0x0000000080000000, 0x0000000100000000)
  region size 1024K, 58 young (59392K), 5 survivors (5120K)
 Metaspace       used 62324K, committed 64256K, reserved 491520K
  class space    used 9144K, committed 10112K, reserved 425984K
}
Event: 84.088 GC heap after
{Heap after GC invocations=17 (full 0):
 garbage-first heap   total 112640K, used 50065K [0x0000000080000000, 0x0000000100000000)
  region size 1024K, 6 young (6144K), 6 survivors (6144K)
 Metaspace       used 62324K, committed 64256K, reserved 491520K
  class space    used 9144K, committed 10112K, reserved 425984K
}
Event: 96.327 GC heap before
{Heap before GC invocations=17 (full 0):
 garbage-first heap   total 112640K, used 103313K [0x0000000080000000, 0x0000000100000000)
  region size 1024K, 58 young (59392K), 6 survivors (6144K)
 Metaspace       used 65681K, committed 67584K, reserved 491520K
  class space    used 9614K, committed 10560K, reserved 425984K
}

