# JRE version: OpenJDK Runtime Environment Temurin-21.0.12.1+1 (21.0.12.1+1) (build 21.0.12.1+1-LTS)
# Java VM: OpenJDK 64-Bit Server VM Temurin-21.0.12.1+1 (21.0.12.1+1-LTS, mixed mode, sharing, tiered, compressed oops, compressed class ptrs, g1 gc, windows-amd64)
GC Precious Log:
 CardTable entry size: 512
 Card Set container configuration: InlinePtr #cards 5 size 8 Array Of Cards #cards 12 size 40 Howl #buckets 4 coarsen threshold 1843 Howl Bitmap #cards 512 size 80 coarsen threshold 460 Card regions per heap region 1 cards per card region 2048
 CPUs: 12 total, 12 available
 Memory: 7832M
 Large Page Support: Disabled
 NUMA Support: Disabled
 Compressed Oops: Enabled (32-bit)
 Heap Region Size: 1M
 Heap Min Capacity: 8M
 Heap Initial Capacity: 124M
 Heap Max Capacity: 2G
 Pre-touch: Disabled
 Parallel Workers: 10
 Concurrent Workers: 3
 Concurrent Refinement Workers: 10
 Periodic GC: Disabled
Heap:
 garbage-first heap   total 101376K, used 81568K [0x0000000080000000, 0x0000000100000000)
  region size 1024K, 52 young (53248K), 6 survivors (6144K)
 Metaspace       used 48657K, committed 50368K, reserved 491520K
  class space    used 7217K, committed 8064K, reserved 425984K
GC Heap History (20 events):
Event: 0.777 GC heap before
{Heap before GC invocations=0 (full 0):
 garbage-first heap   total 126976K, used 22528K [0x0000000080000000, 0x0000000100000000)
  region size 1024K, 23 young (23552K), 0 survivors (0K)
 Metaspace       used 1082K, committed 1216K, reserved 491520K
  class space    used 81K, committed 128K, reserved 425984K
}
Event: 0.782 GC heap after
{Heap after GC invocations=1 (full 0):
 garbage-first heap   total 126976K, used 3851K [0x0000000080000000, 0x0000000100000000)
  region size 1024K, 3 young (3072K), 3 survivors (3072K)
 Metaspace       used 1082K, committed 1216K, reserved 491520K
  class space    used 81K, committed 128K, reserved 425984K
}
Event: 2.625 GC heap before
{Heap before GC invocations=1 (full 0):
 garbage-first heap   total 126976K, used 40715K [0x0000000080000000, 0x0000000100000000)
  region size 1024K, 36 young (36864K), 3 survivors (3072K)
 Metaspace       used 4400K, committed 4544K, reserved 491520K
  class space    used 559K, committed 640K, reserved 425984K
}
Event: 2.634 GC heap after
{Heap after GC invocations=2 (full 0):
 garbage-first heap   total 126976K, used 11329K [0x0000000080000000, 0x0000000100000000)
  region size 1024K, 5 young (5120K), 5 survivors (5120K)
 Metaspace       used 4400K, committed 4544K, reserved 491520K
  class space    used 559K, committed 640K, reserved 425984K
}
Event: 9.432 GC heap before
{Heap before GC invocations=2 (full 0):
 garbage-first heap   total 126976K, used 59457K [0x0000000080000000, 0x0000000100000000)
  region size 1024K, 50 young (51200K), 5 survivors (5120K)
 Metaspace       used 5976K, committed 6208K, reserved 491520K
  class space    used 801K, committed 896K, reserved 425984K
}
Event: 9.456 GC heap after
{Heap after GC invocations=3 (full 0):
 garbage-first heap   total 126976K, used 18681K [0x0000000080000000, 0x0000000100000000)
  region size 1024K, 6 young (6144K), 6 survivors (6144K)
 Metaspace       used 5976K, committed 6208K, reserved 491520K
  class space    used 801K, committed 896K, reserved 425984K
}
Event: 29.423 GC heap before
{Heap before GC invocations=3 (full 0):
 garbage-first heap   total 126976K, used 87289K [0x0000000080000000, 0x0000000100000000)
  region size 1024K, 74 young (75776K), 6 survivors (6144K)
 Metaspace       used 18527K, committed 19136K, reserved 491520K
  class space    used 2678K, committed 2944K, reserved 425984K
}
Event: 29.569 GC heap after
{Heap after GC invocations=4 (full 0):
 garbage-first heap   total 126976K, used 23668K [0x0000000080000000, 0x0000000100000000)
  region size 1024K, 5 young (5120K), 5 survivors (5120K)
 Metaspace       used 18527K, committed 19136K, reserved 491520K
  class space    used 2678K, committed 2944K, reserved 425984K
}
Event: 31.666 GC heap before
{Heap before GC invocations=4 (full 0):
 garbage-first heap   total 126976K, used 42100K [0x0000000080000000, 0x0000000100000000)
  region size 1024K, 24 young (24576K), 5 survivors (5120K)
 Metaspace       used 20824K, committed 21504K, reserved 491520K
  class space    used 3072K, committed 3392K, reserved 425984K
}
Event: 31.679 GC heap after
{Heap after GC invocations=5 (full 0):
 garbage-first heap   total 126976K, used 25056K [0x0000000080000000, 0x0000000100000000)
  region size 1024K, 7 young (7168K), 7 survivors (7168K)
 Metaspace       used 20824K, committed 21504K, reserved 491520K
  class space    used 3072K, committed 3392K, reserved 425984K
}
Event: 37.907 GC heap before
{Heap before GC invocations=6 (full 0):
 garbage-first heap   total 89088K, used 86496K [0x0000000080000000, 0x0000000100000000)
  region size 1024K, 68 young (69632K), 7 survivors (7168K)
 Metaspace       used 31372K, committed 32320K, reserved 491520K
  class space    used 4501K, committed 4928K, reserved 425984K
}
Event: 37.952 GC heap after
{Heap after GC invocations=7 (full 0):
 garbage-first heap   total 101376K, used 29696K [0x0000000080000000, 0x0000000100000000)
  region size 1024K, 7 young (7168K), 7 survivors (7168K)
 Metaspace       used 31372K, committed 32320K, reserved 491520K
  class space    used 4501K, committed 4928K, reserved 425984K
}
Event: 41.779 GC heap before
{Heap before GC invocations=7 (full 0):
 garbage-first heap   total 101376K, used 83968K [0x0000000080000000, 0x0000000100000000)
  region size 1024K, 59 young (60416K), 7 survivors (7168K)
 Metaspace       used 33981K, committed 35008K, reserved 491520K
  class space    used 4755K, committed 5248K, reserved 425984K
}
Event: 41.810 GC heap after
{Heap after GC invocations=8 (full 0):
 garbage-first heap   total 101376K, used 32264K [0x0000000080000000, 0x0000000100000000)
  region size 1024K, 3 young (3072K), 3 survivors (3072K)
 Metaspace       used 33981K, committed 35008K, reserved 491520K
  class space    used 4755K, committed 5248K, reserved 425984K
}
Event: 46.912 GC heap before
{Heap before GC invocations=8 (full 0):
 garbage-first heap   total 101376K, used 42504K [0x0000000080000000, 0x0000000100000000)
  region size 1024K, 14 young (14336K), 3 survivors (3072K)
 Metaspace       used 34956K, committed 35968K, reserved 491520K
  class space    used 4927K, committed 5440K, reserved 425984K
}
Event: 46.918 GC heap after
{Heap after GC invocations=9 (full 0):
 garbage-first heap   total 101376K, used 32297K [0x0000000080000000, 0x0000000100000000)
  region size 1024K, 3 young (3072K), 3 survivors (3072K)
 Metaspace       used 34956K, committed 35968K, reserved 491520K
  class space    used 4927K, committed 5440K, reserved 425984K
}
Event: 52.902 GC heap before
{Heap before GC invocations=10 (full 0):
 garbage-first heap   total 101376K, used 88617K [0x0000000080000000, 0x0000000100000000)
  region size 1024K, 58 young (59392K), 3 survivors (3072K)
 Metaspace       used 41308K, committed 42880K, reserved 491520K
  class space    used 6011K, committed 6784K, reserved 425984K
}
Event: 52.912 GC heap after
{Heap after GC invocations=11 (full 0):
 garbage-first heap   total 101376K, used 35251K [0x0000000080000000, 0x0000000100000000)
  region size 1024K, 6 young (6144K), 6 survivors (6144K)
 Metaspace       used 41308K, committed 42880K, reserved 491520K
  class space    used 6011K, committed 6784K, reserved 425984K
}
Event: 59.825 GC heap before
{Heap before GC invocations=11 (full 0):
 garbage-first heap   total 101376K, used 89523K [0x0000000080000000, 0x0000000100000000)
  region size 1024K, 59 young (60416K), 6 survivors (6144K)
 Metaspace       used 44886K, committed 46592K, reserved 491520K
  class space    used 6629K, committed 7424K, reserved 425984K
}
Event: 59.838 GC heap after
{Heap after GC invocations=12 (full 0):
 garbage-first heap   total 101376K, used 36512K [0x0000000080000000, 0x0000000100000000)
  region size 1024K, 6 young (6144K), 6 survivors (6144K)
 Metaspace       used 44886K, committed 46592K, reserved 491520K
  class space    used 6629K, committed 7424K, reserved 425984K
}

