# JRE version: OpenJDK Runtime Environment Temurin-21.0.12.1+1 (21.0.12.1+1) (build 21.0.12.1+1-LTS)
# Java VM: OpenJDK 64-Bit Server VM Temurin-21.0.12.1+1 (21.0.12.1+1-LTS, mixed mode, sharing, tiered, compressed oops, compressed class ptrs, g1 gc, windows-amd64)
GC Precious Log:
 CardTable entry size: 512
 Card Set container configuration: InlinePtr #cards 5 size 8 Array Of Cards #cards 12 size 40 Howl #buckets 4 coarsen threshold 1843 Howl Bitmap #cards 512 size 80 coarsen threshold 460 Card regions per heap region 1 cards per card region 2048
 CPUs: 12 total, 12 available
 Memory: 7832M
 Large Page Support: Disabled
 NUMA Support: Disabled
 Compressed Oops: Enabled (32-bit)
 Heap Region Size: 1M
 Heap Min Capacity: 8M
 Heap Initial Capacity: 124M
 Heap Max Capacity: 2G
 Pre-touch: Disabled
 Parallel Workers: 10
 Concurrent Workers: 3
 Concurrent Refinement Workers: 10
 Periodic GC: Disabled
Heap:
 garbage-first heap   total 89088K, used 63223K [0x0000000080000000, 0x0000000100000000)
  region size 1024K, 41 young (41984K), 3 survivors (3072K)
 Metaspace       used 25970K, committed 26880K, reserved 491520K
  class space    used 3893K, committed 4352K, reserved 425984K
GC Heap History (10 events):
Event: 9.374 GC heap before
{Heap before GC invocations=0 (full 0):
 garbage-first heap   total 126976K, used 22528K [0x0000000080000000, 0x0000000100000000)
  region size 1024K, 23 young (23552K), 0 survivors (0K)
 Metaspace       used 1103K, committed 1216K, reserved 491520K
  class space    used 81K, committed 128K, reserved 425984K
}
Event: 9.768 GC heap after
{Heap after GC invocations=1 (full 0):
 garbage-first heap   total 126976K, used 3792K [0x0000000080000000, 0x0000000100000000)
  region size 1024K, 3 young (3072K), 3 survivors (3072K)
 Metaspace       used 1103K, committed 1216K, reserved 491520K
  class space    used 81K, committed 128K, reserved 425984K
}
Event: 14.895 GC heap before
{Heap before GC invocations=1 (full 0):
 garbage-first heap   total 126976K, used 39632K [0x0000000080000000, 0x0000000100000000)
  region size 1024K, 35 young (35840K), 3 survivors (3072K)
 Metaspace       used 4408K, committed 4544K, reserved 491520K
  class space    used 558K, committed 640K, reserved 425984K
}
Event: 14.907 GC heap after
{Heap after GC invocations=2 (full 0):
 garbage-first heap   total 126976K, used 11686K [0x0000000080000000, 0x0000000100000000)
  region size 1024K, 5 young (5120K), 5 survivors (5120K)
 Metaspace       used 4408K, committed 4544K, reserved 491520K
  class space    used 558K, committed 640K, reserved 425984K
}
Event: 19.487 GC heap before
{Heap before GC invocations=2 (full 0):
 garbage-first heap   total 126976K, used 57766K [0x0000000080000000, 0x0000000100000000)
  region size 1024K, 48 young (49152K), 5 survivors (5120K)
 Metaspace       used 5402K, committed 5632K, reserved 491520K
  class space    used 724K, committed 832K, reserved 425984K
}
Event: 19.500 GC heap after
{Heap after GC invocations=3 (full 0):
 garbage-first heap   total 126976K, used 17711K [0x0000000080000000, 0x0000000100000000)
  region size 1024K, 5 young (5120K), 5 survivors (5120K)
 Metaspace       used 5402K, committed 5632K, reserved 491520K
  class space    used 724K, committed 832K, reserved 425984K
}
Event: 44.026 GC heap before
{Heap before GC invocations=3 (full 0):
 garbage-first heap   total 126976K, used 88367K [0x0000000080000000, 0x0000000100000000)
  region size 1024K, 74 young (75776K), 5 survivors (5120K)
 Metaspace       used 18087K, committed 18624K, reserved 491520K
  class space    used 2587K, committed 2816K, reserved 425984K
}
Event: 44.203 GC heap after
{Heap after GC invocations=4 (full 0):
 garbage-first heap   total 126976K, used 23092K [0x0000000080000000, 0x0000000100000000)
  region size 1024K, 10 young (10240K), 10 survivors (10240K)
 Metaspace       used 18087K, committed 18624K, reserved 491520K
  class space    used 2587K, committed 2816K, reserved 425984K
}
Event: 45.848 GC heap before
{Heap before GC invocations=4 (full 0):
 garbage-first heap   total 126976K, used 45620K [0x0000000080000000, 0x0000000100000000)
  region size 1024K, 33 young (33792K), 10 survivors (10240K)
 Metaspace       used 20872K, committed 21504K, reserved 491520K
  class space    used 3073K, committed 3392K, reserved 425984K
}
Event: 45.899 GC heap after
{Heap after GC invocations=5 (full 0):
 garbage-first heap   total 126976K, used 25335K [0x0000000080000000, 0x0000000100000000)
  region size 1024K, 3 young (3072K), 3 survivors (3072K)
 Metaspace       used 20872K, committed 21504K, reserved 491520K
  class space    used 3073K, committed 3392K, reserved 425984K
}

