# JRE version: OpenJDK Runtime Environment Temurin-21.0.11+10 (21.0.11+10) (build 21.0.11+10-LTS)
# Java VM: OpenJDK 64-Bit Server VM Temurin-21.0.11+10 (21.0.11+10-LTS, mixed mode, sharing, tiered, compressed oops, compressed class ptrs, parallel gc, windows-amd64)
GC Precious Log:
 CardTable entry size: 512
 CPUs: 12 total, 12 available
 Memory: 7832M
 Large Page Support: Disabled
 NUMA Support: Disabled
 Compressed Oops: Enabled (32-bit)
 Alignments: Space 512K, Generation 512K, Heap 2M
 Heap Min Capacity: 100M
 Heap Initial Capacity: 100M
 Heap Max Capacity: 2G
 Pre-touch: Disabled
 Parallel Workers: 10
Heap:
 PSYoungGen      total 4096K, used 1683K [0x00000000d5580000, 0x00000000d5b00000, 0x0000000100000000)
  eden space 3584K, 38% used [0x00000000d5580000,0x00000000d56d4e08,0x00000000d5900000)
  from space 512K, 62% used [0x00000000d5a80000,0x00000000d5ad0000,0x00000000d5b00000)
  to   space 512K, 0% used [0x00000000d5900000,0x00000000d5900000,0x00000000d5980000)
 ParOldGen       total 737792K, used 737520K [0x0000000080000000, 0x00000000ad080000, 0x00000000d5580000)
  object space 737792K, 99% used [0x0000000080000000,0x00000000ad03c2f0,0x00000000ad080000)
 Metaspace       used 107600K, committed 109888K, reserved 1179648K
  class space    used 12353K, committed 13376K, reserved 1048576K
GC Heap History (20 events):
Event: 3120.349 GC heap before
{Heap before GC invocations=845 (full 4):
 PSYoungGen      total 4608K, used 4096K [0x00000000d5580000, 0x00000000d5c80000, 0x0000000100000000)
  eden space 3584K, 100% used [0x00000000d5580000,0x00000000d5900000,0x00000000d5900000)
  from space 1024K, 50% used [0x00000000d5b80000,0x00000000d5c00040,0x00000000d5c80000)
  to   space 1536K, 0% used [0x00000000d5980000,0x00000000d5980000,0x00000000d5b00000)
 ParOldGen       total 729088K, used 728714K [0x0000000080000000, 0x00000000ac800000, 0x00000000d5580000)
  object space 729088K, 99% used [0x0000000080000000,0x00000000ac7a2858,0x00000000ac800000)
 Metaspace       used 107552K, committed 109824K, reserved 1179648K
  class space    used 12353K, committed 13376K, reserved 1048576K
}
Event: 3120.425 GC heap after
{Heap after GC invocations=845 (full 4):
 PSYoungGen      total 5120K, used 256K [0x00000000d5580000, 0x00000000d5c00000, 0x0000000100000000)
  eden space 3584K, 0% used [0x00000000d5580000,0x00000000d5580000,0x00000000d5900000)
  from space 1536K, 16% used [0x00000000d5980000,0x00000000d59c0000,0x00000000d5b00000)
  to   space 512K, 0% used [0x00000000d5b80000,0x00000000d5b80000,0x00000000d5c00000)
 ParOldGen       total 729088K, used 728962K [0x0000000080000000, 0x00000000ac800000, 0x00000000d5580000)
  object space 729088K, 99% used [0x0000000080000000,0x00000000ac7e0888,0x00000000ac800000)
 Metaspace       used 107552K, committed 109824K, reserved 1179648K
  class space    used 12353K, committed 13376K, reserved 1048576K
}
Event: 3120.948 GC heap before
{Heap before GC invocations=846 (full 4):
 PSYoungGen      total 5120K, used 3840K [0x00000000d5580000, 0x00000000d5c00000, 0x0000000100000000)
  eden space 3584K, 100% used [0x00000000d5580000,0x00000000d5900000,0x00000000d5900000)
  from space 1536K, 16% used [0x00000000d5980000,0x00000000d59c0000,0x00000000d5b00000)
  to   space 512K, 0% used [0x00000000d5b80000,0x00000000d5b80000,0x00000000d5c00000)
 ParOldGen       total 729088K, used 728962K [0x0000000080000000, 0x00000000ac800000, 0x00000000d5580000)
  object space 729088K, 99% used [0x0000000080000000,0x00000000ac7e0888,0x00000000ac800000)
 Metaspace       used 107557K, committed 109824K, reserved 1179648K
  class space    used 12353K, committed 13376K, reserved 1048576K
}
Event: 3120.956 GC heap after
{Heap after GC invocations=846 (full 4):
 PSYoungGen      total 4096K, used 410K [0x00000000d5580000, 0x00000000d5c00000, 0x0000000100000000)
  eden space 3584K, 0% used [0x00000000d5580000,0x00000000d5580000,0x00000000d5900000)
  from space 512K, 80% used [0x00000000d5b80000,0x00000000d5be6920,0x00000000d5c00000)
  to   space 512K, 0% used [0x00000000d5b00000,0x00000000d5b00000,0x00000000d5b80000)
 ParOldGen       total 729088K, used 729010K [0x0000000080000000, 0x00000000ac800000, 0x00000000d5580000)
  object space 729088K, 99% used [0x0000000080000000,0x00000000ac7ec888,0x00000000ac800000)
 Metaspace       used 107557K, committed 109824K, reserved 1179648K
  class space    used 12353K, committed 13376K, reserved 1048576K
}
Event: 3121.014 GC heap before
{Heap before GC invocations=847 (full 4):
 PSYoungGen      total 4096K, used 3671K [0x00000000d5580000, 0x00000000d5c00000, 0x0000000100000000)
  eden space 3584K, 91% used [0x00000000d5580000,0x00000000d58af690,0x00000000d5900000)
  from space 512K, 80% used [0x00000000d5b80000,0x00000000d5be6920,0x00000000d5c00000)
  to   space 512K, 0% used [0x00000000d5b00000,0x00000000d5b00000,0x00000000d5b80000)
 ParOldGen       total 729088K, used 729010K [0x0000000080000000, 0x00000000ac800000, 0x00000000d5580000)
  object space 729088K, 99% used [0x0000000080000000,0x00000000ac7ec888,0x00000000ac800000)
 Metaspace       used 107557K, committed 109824K, reserved 1179648K
  class space    used 12353K, committed 13376K, reserved 1048576K
}
Event: 3121.017 GC heap after
{Heap after GC invocations=847 (full 4):
 PSYoungGen      total 4096K, used 507K [0x00000000d5580000, 0x00000000d5f00000, 0x0000000100000000)
  eden space 3584K, 0% used [0x00000000d5580000,0x00000000d5580000,0x00000000d5900000)
  from space 512K, 99% used [0x00000000d5b00000,0x00000000d5b7ee20,0x00000000d5b80000)
  to   space 3072K, 0% used [0x00000000d5c00000,0x00000000d5c00000,0x00000000d5f00000)
 ParOldGen       total 731136K, used 730886K [0x0000000080000000, 0x00000000aca00000, 0x00000000d5580000)
  object space 731136K, 99% used [0x0000000080000000,0x00000000ac9c1888,0x00000000aca00000)
 Metaspace       used 107557K, committed 109824K, reserved 1179648K
  class space    used 12353K, committed 13376K, reserved 1048576K
}
Event: 3121.065 GC heap before
{Heap before GC invocations=848 (full 4):
 PSYoungGen      total 4096K, used 4091K [0x00000000d5580000, 0x00000000d5f00000, 0x0000000100000000)
  eden space 3584K, 100% used [0x00000000d5580000,0x00000000d5900000,0x00000000d5900000)
  from space 512K, 99% used [0x00000000d5b00000,0x00000000d5b7ee20,0x00000000d5b80000)
  to   space 3072K, 0% used [0x00000000d5c00000,0x00000000d5c00000,0x00000000d5f00000)
 ParOldGen       total 731136K, used 730886K [0x0000000080000000, 0x00000000aca00000, 0x00000000d5580000)
  object space 731136K, 99% used [0x0000000080000000,0x00000000ac9c1888,0x00000000aca00000)
 Metaspace       used 107557K, committed 109824K, reserved 1179648K
  class space    used 12353K, committed 13376K, reserved 1048576K
}
Event: 3121.068 GC heap after
{Heap after GC invocations=848 (full 4):
 PSYoungGen      total 6656K, used 2591K [0x00000000d5580000, 0x00000000d5f00000, 0x0000000100000000)
  eden space 3584K, 0% used [0x00000000d5580000,0x00000000d5580000,0x00000000d5900000)
  from space 3072K, 84% used [0x00000000d5c00000,0x00000000d5e87e10,0x00000000d5f00000)
  to   space 3072K, 0% used [0x00000000d5900000,0x00000000d5900000,0x00000000d5c00000)
 ParOldGen       total 732672K, used 732146K [0x0000000080000000, 0x00000000acb80000, 0x00000000d5580000)
  object space 732672K, 99% used [0x0000000080000000,0x00000000acafc800,0x00000000acb80000)
 Metaspace       used 107557K, committed 109824K, reserved 1179648K
  class space    used 12353K, committed 13376K, reserved 1048576K
}
Event: 3121.350 GC heap before
{Heap before GC invocations=849 (full 4):
 PSYoungGen      total 6656K, used 6175K [0x00000000d5580000, 0x00000000d5f00000, 0x0000000100000000)
  eden space 3584K, 100% used [0x00000000d5580000,0x00000000d5900000,0x00000000d5900000)
  from space 3072K, 84% used [0x00000000d5c00000,0x00000000d5e87e10,0x00000000d5f00000)
  to   space 3072K, 0% used [0x00000000d5900000,0x00000000d5900000,0x00000000d5c00000)
 ParOldGen       total 732672K, used 732146K [0x0000000080000000, 0x00000000acb80000, 0x00000000d5580000)
  object space 732672K, 99% used [0x0000000080000000,0x00000000acafc800,0x00000000acb80000)
 Metaspace       used 107557K, committed 109824K, reserved 1179648K
  class space    used 12353K, committed 13376K, reserved 1048576K
}
Event: 3121.365 GC heap after
{Heap after GC invocations=849 (full 4):
 PSYoungGen      total 5632K, used 1896K [0x00000000d5580000, 0x00000000d5e00000, 0x0000000100000000)
  eden space 3584K, 0% used [0x00000000d5580000,0x00000000d5580000,0x00000000d5900000)
  from space 2048K, 92% used [0x00000000d5900000,0x00000000d5ada398,0x00000000d5b00000)
  to   space 2560K, 0% used [0x00000000d5b80000,0x00000000d5b80000,0x00000000d5e00000)
 ParOldGen       total 734720K, used 734524K [0x0000000080000000, 0x00000000acd80000, 0x00000000d5580000)
  object space 734720K, 99% used [0x0000000080000000,0x00000000acd4f210,0x00000000acd80000)
 Metaspace       used 107557K, committed 109824K, reserved 1179648K
  class space    used 12353K, committed 13376K, reserved 1048576K
}
Event: 3121.542 GC heap before
{Heap before GC invocations=850 (full 4):
 PSYoungGen      total 5632K, used 5480K [0x00000000d5580000, 0x00000000d5e00000, 0x0000000100000000)
  eden space 3584K, 100% used [0x00000000d5580000,0x00000000d5900000,0x00000000d5900000)
  from space 2048K, 92% used [0x00000000d5900000,0x00000000d5ada398,0x00000000d5b00000)
  to   space 2560K, 0% used [0x00000000d5b80000,0x00000000d5b80000,0x00000000d5e00000)
 ParOldGen       total 734720K, used 734524K [0x0000000080000000, 0x00000000acd80000, 0x00000000d5580000)
  object space 734720K, 99% used [0x0000000080000000,0x00000000acd4f210,0x00000000acd80000)
 Metaspace       used 107565K, committed 109888K, reserved 1179648K
  class space    used 12353K, committed 13376K, reserved 1048576K
}
Event: 3121.549 GC heap after
{Heap after GC invocations=850 (full 4):
 PSYoungGen      total 4096K, used 512K [0x00000000d5580000, 0x00000000d5c00000, 0x0000000100000000)
  eden space 3584K, 0% used [0x00000000d5580000,0x00000000d5580000,0x00000000d5900000)
  from space 512K, 100% used [0x00000000d5b80000,0x00000000d5c00000,0x00000000d5c00000)
  to   space 1536K, 0% used [0x00000000d5900000,0x00000000d5900000,0x00000000d5a80000)
 ParOldGen       total 736768K, used 736268K [0x0000000080000000, 0x00000000acf80000, 0x00000000d5580000)
  object space 736768K, 99% used [0x0000000080000000,0x00000000acf03018,0x00000000acf80000)
 Metaspace       used 107565K, committed 109888K, reserved 1179648K
  class space    used 12353K, committed 13376K, reserved 1048576K
}
Event: 3121.980 GC heap before
{Heap before GC invocations=851 (full 4):
 PSYoungGen      total 4096K, used 4096K [0x00000000d5580000, 0x00000000d5c00000, 0x0000000100000000)
  eden space 3584K, 100% used [0x00000000d5580000,0x00000000d5900000,0x00000000d5900000)
  from space 512K, 100% used [0x00000000d5b80000,0x00000000d5c00000,0x00000000d5c00000)
  to   space 1536K, 0% used [0x00000000d5900000,0x00000000d5900000,0x00000000d5a80000)
 ParOldGen       total 736768K, used 736268K [0x0000000080000000, 0x00000000acf80000, 0x00000000d5580000)
  object space 736768K, 99% used [0x0000000080000000,0x00000000acf03018,0x00000000acf80000)
 Metaspace       used 107571K, committed 109888K, reserved 1179648K
  class space    used 12353K, committed 13376K, reserved 1048576K
}
Event: 3121.985 GC heap after
{Heap after GC invocations=851 (full 4):
 PSYoungGen      total 5120K, used 848K [0x00000000d5580000, 0x00000000d5c00000, 0x0000000100000000)
  eden space 3584K, 0% used [0x00000000d5580000,0x00000000d5580000,0x00000000d5900000)
  from space 1536K, 55% used [0x00000000d5900000,0x00000000d59d4010,0x00000000d5a80000)
  to   space 1024K, 0% used [0x00000000d5b00000,0x00000000d5b00000,0x00000000d5c00000)
 ParOldGen       total 736768K, used 736640K [0x0000000080000000, 0x00000000acf80000, 0x00000000d5580000)
  object space 736768K, 99% used [0x0000000080000000,0x00000000acf602b0,0x00000000acf80000)
 Metaspace       used 107571K, committed 109888K, reserved 1179648K
  class space    used 12353K, committed 13376K, reserved 1048576K
}
Event: 3122.014 GC heap before
{Heap before GC invocations=852 (full 4):
 PSYoungGen      total 5120K, used 4330K [0x00000000d5580000, 0x00000000d5c00000, 0x0000000100000000)
  eden space 3584K, 97% used [0x00000000d5580000,0x00000000d58e6b88,0x00000000d5900000)
  from space 1536K, 55% used [0x00000000d5900000,0x00000000d59d4010,0x00000000d5a80000)
  to   space 1024K, 0% used [0x00000000d5b00000,0x00000000d5b00000,0x00000000d5c00000)
 ParOldGen       total 736768K, used 736640K [0x0000000080000000, 0x00000000acf80000, 0x00000000d5580000)
  object space 736768K, 99% used [0x0000000080000000,0x00000000acf602b0,0x00000000acf80000)
 Metaspace       used 107571K, committed 109888K, reserved 1179648K
  class space    used 12353K, committed 13376K, reserved 1048576K
}
Event: 3122.017 GC heap after
{Heap after GC invocations=852 (full 4):
 PSYoungGen      total 4608K, used 1022K [0x00000000d5580000, 0x00000000d5d00000, 0x0000000100000000)
  eden space 3584K, 0% used [0x00000000d5580000,0x00000000d5580000,0x00000000d5900000)
  from space 1024K, 99% used [0x00000000d5b00000,0x00000000d5bffa58,0x00000000d5c00000)
  to   space 2048K, 0% used [0x00000000d5900000,0x00000000d5900000,0x00000000d5b00000)
 ParOldGen       total 737792K, used 737448K [0x0000000080000000, 0x00000000ad080000, 0x00000000d5580000)
  object space 737792K, 99% used [0x0000000080000000,0x00000000ad02a2f0,0x00000000ad080000)
 Metaspace       used 107571K, committed 109888K, reserved 1179648K
  class space    used 12353K, committed 13376K, reserved 1048576K
}
Event: 3122.038 GC heap before
{Heap before GC invocations=853 (full 4):
 PSYoungGen      total 4608K, used 4606K [0x00000000d5580000, 0x00000000d5d00000, 0x0000000100000000)
  eden space 3584K, 100% used [0x00000000d5580000,0x00000000d5900000,0x00000000d5900000)
  from space 1024K, 99% used [0x00000000d5b00000,0x00000000d5bffa58,0x00000000d5c00000)
  to   space 2048K, 0% used [0x00000000d5900000,0x00000000d5900000,0x00000000d5b00000)
 ParOldGen       total 737792K, used 737448K [0x0000000080000000, 0x00000000ad080000, 0x00000000d5580000)
  object space 737792K, 99% used [0x0000000080000000,0x00000000ad02a2f0,0x00000000ad080000)
 Metaspace       used 107571K, committed 109888K, reserved 1179648K
  class space    used 12353K, committed 13376K, reserved 1048576K
}
Event: 3122.040 GC heap after
{Heap after GC invocations=853 (full 4):
 PSYoungGen      total 4096K, used 160K [0x00000000d5580000, 0x00000000d5b80000, 0x0000000100000000)
  eden space 3584K, 0% used [0x00000000d5580000,0x00000000d5580000,0x00000000d5900000)
  from space 512K, 31% used [0x00000000d5900000,0x00000000d5928000,0x00000000d5980000)
  to   space 1024K, 0% used [0x00000000d5a80000,0x00000000d5a80000,0x00000000d5b80000)
 ParOldGen       total 737792K, used 737480K [0x0000000080000000, 0x00000000ad080000, 0x00000000d5580000)
  object space 737792K, 99% used [0x0000000080000000,0x00000000ad0322f0,0x00000000ad080000)
 Metaspace       used 107571K, committed 109888K, reserved 1179648K
  class space    used 12353K, committed 13376K, reserved 1048576K
}
Event: 3122.356 GC heap before
{Heap before GC invocations=854 (full 4):
 PSYoungGen      total 4096K, used 3744K [0x00000000d5580000, 0x00000000d5b80000, 0x0000000100000000)
  eden space 3584K, 100% used [0x00000000d5580000,0x00000000d5900000,0x00000000d5900000)
  from space 512K, 31% used [0x00000000d5900000,0x00000000d5928000,0x00000000d5980000)
  to   space 1024K, 0% used [0x00000000d5a80000,0x00000000d5a80000,0x00000000d5b80000)
 ParOldGen       total 737792K, used 737480K [0x0000000080000000, 0x00000000ad080000, 0x00000000d5580000)
  object space 737792K, 99% used [0x0000000080000000,0x00000000ad0322f0,0x00000000ad080000)
 Metaspace       used 107572K, committed 109888K, reserved 1179648K
  class space    used 12353K, committed 13376K, reserved 1048576K
}
Event: 3122.357 GC heap after
{Heap after GC invocations=854 (full 4):
 PSYoungGen      total 4096K, used 320K [0x00000000d5580000, 0x00000000d5b00000, 0x0000000100000000)
  eden space 3584K, 0% used [0x00000000d5580000,0x00000000d5580000,0x00000000d5900000)
  from space 512K, 62% used [0x00000000d5a80000,0x00000000d5ad0000,0x00000000d5b00000)
  to   space 512K, 0% used [0x00000000d5900000,0x00000000d5900000,0x00000000d5980000)
 ParOldGen       total 737792K, used 737520K [0x0000000080000000, 0x00000000ad080000, 0x00000000d5580000)
  object space 737792K, 99% used [0x0000000080000000,0x00000000ad03c2f0,0x00000000ad080000)
 Metaspace       used 107572K, committed 109888K, reserved 1179648K
  class space    used 12353K, committed 13376K, reserved 1048576K
}

