# JRE version: OpenJDK Runtime Environment Temurin-21.0.12.1+1 (21.0.12.1+1) (build 21.0.12.1+1-LTS)
# Java VM: OpenJDK 64-Bit Server VM Temurin-21.0.12.1+1 (21.0.12.1+1-LTS, mixed mode, sharing, tiered, compressed oops, compressed class ptrs, g1 gc, windows-amd64)
GC Precious Log:
 CardTable entry size: 512
 Card Set container configuration: InlinePtr #cards 5 size 8 Array Of Cards #cards 12 size 40 Howl #buckets 4 coarsen threshold 1843 Howl Bitmap #cards 512 size 80 coarsen threshold 460 Card regions per heap region 1 cards per card region 2048
 CPUs: 12 total, 12 available
 Memory: 7832M
 Large Page Support: Disabled
 NUMA Support: Disabled
 Compressed Oops: Enabled (32-bit)
 Heap Region Size: 1M
 Heap Min Capacity: 8M
 Heap Initial Capacity: 124M
 Heap Max Capacity: 2G
 Pre-touch: Disabled
 Parallel Workers: 10
 Concurrent Workers: 3
 Concurrent Refinement Workers: 10
 Periodic GC: Disabled
Heap:
 garbage-first heap   total 118784K, used 51718K [0x0000000080000000, 0x0000000100000000)
  region size 1024K, 18 young (18432K), 6 survivors (6144K)
 Metaspace       used 51402K, committed 53248K, reserved 491520K
  class space    used 7602K, committed 8512K, reserved 425984K
GC Heap History (20 events):
Event: 1.791 GC heap before
{Heap before GC invocations=1 (full 0):
 garbage-first heap   total 126976K, used 40696K [0x0000000080000000, 0x0000000100000000)
  region size 1024K, 36 young (36864K), 3 survivors (3072K)
 Metaspace       used 4372K, committed 4544K, reserved 491520K
  class space    used 558K, committed 640K, reserved 425984K
}
Event: 1.798 GC heap after
{Heap after GC invocations=2 (full 0):
 garbage-first heap   total 126976K, used 11820K [0x0000000080000000, 0x0000000100000000)
  region size 1024K, 5 young (5120K), 5 survivors (5120K)
 Metaspace       used 4372K, committed 4544K, reserved 491520K
  class space    used 558K, committed 640K, reserved 425984K
}
Event: 2.269 GC heap before
{Heap before GC invocations=2 (full 0):
 garbage-first heap   total 126976K, used 57900K [0x0000000080000000, 0x0000000100000000)
  region size 1024K, 49 young (50176K), 5 survivors (5120K)
 Metaspace       used 5732K, committed 5952K, reserved 491520K
  class space    used 769K, committed 896K, reserved 425984K
}
Event: 2.280 GC heap after
{Heap after GC invocations=3 (full 0):
 garbage-first heap   total 126976K, used 18432K [0x0000000080000000, 0x0000000100000000)
  region size 1024K, 6 young (6144K), 6 survivors (6144K)
 Metaspace       used 5732K, committed 5952K, reserved 491520K
  class space    used 769K, committed 896K, reserved 425984K
}
Event: 15.699 GC heap before
{Heap before GC invocations=3 (full 0):
 garbage-first heap   total 126976K, used 87040K [0x0000000080000000, 0x0000000100000000)
  region size 1024K, 74 young (75776K), 6 survivors (6144K)
 Metaspace       used 18584K, committed 19200K, reserved 491520K
  class space    used 2688K, committed 2944K, reserved 425984K
}
Event: 15.717 GC heap after
{Heap after GC invocations=4 (full 0):
 garbage-first heap   total 126976K, used 23759K [0x0000000080000000, 0x0000000100000000)
  region size 1024K, 6 young (6144K), 6 survivors (6144K)
 Metaspace       used 18584K, committed 19200K, reserved 491520K
  class space    used 2688K, committed 2944K, reserved 425984K
}
Event: 20.497 GC heap before
{Heap before GC invocations=4 (full 0):
 garbage-first heap   total 126976K, used 42191K [0x0000000080000000, 0x0000000100000000)
  region size 1024K, 25 young (25600K), 6 survivors (6144K)
 Metaspace       used 20861K, committed 21504K, reserved 491520K
  class space    used 3082K, committed 3392K, reserved 425984K
}
Event: 20.540 GC heap after
{Heap after GC invocations=5 (full 0):
 garbage-first heap   total 126976K, used 25087K [0x0000000080000000, 0x0000000100000000)
  region size 1024K, 7 young (7168K), 7 survivors (7168K)
 Metaspace       used 20861K, committed 21504K, reserved 491520K
  class space    used 3082K, committed 3392K, reserved 425984K
}
Event: 39.467 GC heap before
{Heap before GC invocations=6 (full 0):
 garbage-first heap   total 86016K, used 84479K [0x0000000080000000, 0x0000000100000000)
  region size 1024K, 66 young (67584K), 7 survivors (7168K)
 Metaspace       used 31001K, committed 31936K, reserved 491520K
  class space    used 4479K, committed 4928K, reserved 425984K
}
Event: 39.514 GC heap after
{Heap after GC invocations=7 (full 0):
 garbage-first heap   total 98304K, used 29806K [0x0000000080000000, 0x0000000100000000)
  region size 1024K, 7 young (7168K), 7 survivors (7168K)
 Metaspace       used 31001K, committed 31936K, reserved 491520K
  class space    used 4479K, committed 4928K, reserved 425984K
}
Event: 48.750 GC heap before
{Heap before GC invocations=7 (full 0):
 garbage-first heap   total 98304K, used 82030K [0x0000000080000000, 0x0000000100000000)
  region size 1024K, 57 young (58368K), 7 survivors (7168K)
 Metaspace       used 34005K, committed 35008K, reserved 491520K
  class space    used 4747K, committed 5248K, reserved 425984K
}
Event: 48.762 GC heap after
{Heap after GC invocations=8 (full 0):
 garbage-first heap   total 98304K, used 32220K [0x0000000080000000, 0x0000000100000000)
  region size 1024K, 3 young (3072K), 3 survivors (3072K)
 Metaspace       used 34005K, committed 35008K, reserved 491520K
  class space    used 4747K, committed 5248K, reserved 425984K
}
Event: 59.580 GC heap before
{Heap before GC invocations=8 (full 0):
 garbage-first heap   total 98304K, used 45532K [0x0000000080000000, 0x0000000100000000)
  region size 1024K, 17 young (17408K), 3 survivors (3072K)
 Metaspace       used 34961K, committed 35968K, reserved 491520K
  class space    used 4912K, committed 5376K, reserved 425984K
}
Event: 59.589 GC heap after
{Heap after GC invocations=9 (full 0):
 garbage-first heap   total 98304K, used 31691K [0x0000000080000000, 0x0000000100000000)
  region size 1024K, 3 young (3072K), 3 survivors (3072K)
 Metaspace       used 34961K, committed 35968K, reserved 491520K
  class space    used 4912K, committed 5376K, reserved 425984K
}
Event: 82.752 GC heap before
{Heap before GC invocations=10 (full 0):
 garbage-first heap   total 98304K, used 85963K [0x0000000080000000, 0x0000000100000000)
  region size 1024K, 56 young (57344K), 3 survivors (3072K)
 Metaspace       used 41090K, committed 42624K, reserved 491520K
  class space    used 5953K, committed 6656K, reserved 425984K
}
Event: 82.778 GC heap after
{Heap after GC invocations=11 (full 0):
 garbage-first heap   total 118784K, used 34890K [0x0000000080000000, 0x0000000100000000)
  region size 1024K, 6 young (6144K), 6 survivors (6144K)
 Metaspace       used 41090K, committed 42624K, reserved 491520K
  class space    used 5953K, committed 6656K, reserved 425984K
}
Event: 102.450 GC heap before
{Heap before GC invocations=11 (full 0):
 garbage-first heap   total 118784K, used 99402K [0x0000000080000000, 0x0000000100000000)
  region size 1024K, 69 young (70656K), 6 survivors (6144K)
 Metaspace       used 45635K, committed 47296K, reserved 491520K
  class space    used 6726K, committed 7552K, reserved 425984K
}
Event: 102.857 GC heap after
{Heap after GC invocations=12 (full 0):
 garbage-first heap   total 118784K, used 36834K [0x0000000080000000, 0x0000000100000000)
  region size 1024K, 6 young (6144K), 6 survivors (6144K)
 Metaspace       used 45635K, committed 47296K, reserved 491520K
  class space    used 6726K, committed 7552K, reserved 425984K
}
Event: 124.375 GC heap before
{Heap before GC invocations=12 (full 0):
 garbage-first heap   total 118784K, used 101346K [0x0000000080000000, 0x0000000100000000)
  region size 1024K, 69 young (70656K), 6 survivors (6144K)
 Metaspace       used 50342K, committed 52160K, reserved 491520K
  class space    used 7423K, committed 8320K, reserved 425984K
}
Event: 124.414 GC heap after
{Heap after GC invocations=13 (full 0):
 garbage-first heap   total 118784K, used 40454K [0x0000000080000000, 0x0000000100000000)
  region size 1024K, 6 young (6144K), 6 survivors (6144K)
 Metaspace       used 50342K, committed 52160K, reserved 491520K
  class space    used 7423K, committed 8320K, reserved 425984K
}

