# JRE version: OpenJDK Runtime Environment Temurin-21.0.12.1+1 (21.0.12.1+1) (build 21.0.12.1+1-LTS)
# Java VM: OpenJDK 64-Bit Server VM Temurin-21.0.12.1+1 (21.0.12.1+1-LTS, mixed mode, sharing, tiered, compressed oops, compressed class ptrs, g1 gc, windows-amd64)
GC Precious Log:
 CardTable entry size: 512
 Card Set container configuration: InlinePtr #cards 5 size 8 Array Of Cards #cards 12 size 40 Howl #buckets 4 coarsen threshold 1843 Howl Bitmap #cards 512 size 80 coarsen threshold 460 Card regions per heap region 1 cards per card region 2048
 CPUs: 12 total, 12 available
 Memory: 7832M
 Large Page Support: Disabled
 NUMA Support: Disabled
 Compressed Oops: Enabled (32-bit)
 Heap Region Size: 1M
 Heap Min Capacity: 8M
 Heap Initial Capacity: 124M
 Heap Max Capacity: 2G
 Pre-touch: Disabled
 Parallel Workers: 10
 Concurrent Workers: 3
 Concurrent Refinement Workers: 10
 Periodic GC: Disabled
Heap:
 garbage-first heap   total 106496K, used 75484K [0x0000000080000000, 0x0000000100000000)
  region size 1024K, 47 young (48128K), 6 survivors (6144K)
 Metaspace       used 44040K, committed 45696K, reserved 491520K
  class space    used 6472K, committed 7296K, reserved 425984K
GC Heap History (18 events):
Event: 0.341 GC heap before
{Heap before GC invocations=0 (full 0):
 garbage-first heap   total 126976K, used 22528K [0x0000000080000000, 0x0000000100000000)
  region size 1024K, 23 young (23552K), 0 survivors (0K)
 Metaspace       used 1080K, committed 1216K, reserved 491520K
  class space    used 81K, committed 128K, reserved 425984K
}
Event: 0.346 GC heap after
{Heap after GC invocations=1 (full 0):
 garbage-first heap   total 126976K, used 3839K [0x0000000080000000, 0x0000000100000000)
  region size 1024K, 3 young (3072K), 3 survivors (3072K)
 Metaspace       used 1080K, committed 1216K, reserved 491520K
  class space    used 81K, committed 128K, reserved 425984K
}
Event: 0.771 GC heap before
{Heap before GC invocations=1 (full 0):
 garbage-first heap   total 126976K, used 40703K [0x0000000080000000, 0x0000000100000000)
  region size 1024K, 36 young (36864K), 3 survivors (3072K)
 Metaspace       used 4392K, committed 4544K, reserved 491520K
  class space    used 559K, committed 640K, reserved 425984K
}
Event: 0.777 GC heap after
{Heap after GC invocations=2 (full 0):
 garbage-first heap   total 126976K, used 11511K [0x0000000080000000, 0x0000000100000000)
  region size 1024K, 5 young (5120K), 5 survivors (5120K)
 Metaspace       used 4392K, committed 4544K, reserved 491520K
  class space    used 559K, committed 640K, reserved 425984K
}
Event: 1.059 GC heap before
{Heap before GC invocations=2 (full 0):
 garbage-first heap   total 126976K, used 59639K [0x0000000080000000, 0x0000000100000000)
  region size 1024K, 50 young (51200K), 5 survivors (5120K)
 Metaspace       used 5930K, committed 6144K, reserved 491520K
  class space    used 798K, committed 896K, reserved 425984K
}
Event: 1.067 GC heap after
{Heap after GC invocations=3 (full 0):
 garbage-first heap   total 126976K, used 17961K [0x0000000080000000, 0x0000000100000000)
  region size 1024K, 6 young (6144K), 6 survivors (6144K)
 Metaspace       used 5930K, committed 6144K, reserved 491520K
  class space    used 798K, committed 896K, reserved 425984K
}
Event: 7.370 GC heap before
{Heap before GC invocations=3 (full 0):
 garbage-first heap   total 126976K, used 87593K [0x0000000080000000, 0x0000000100000000)
  region size 1024K, 74 young (75776K), 6 survivors (6144K)
 Metaspace       used 18547K, committed 19200K, reserved 491520K
  class space    used 2687K, committed 2944K, reserved 425984K
}
Event: 7.385 GC heap after
{Heap after GC invocations=4 (full 0):
 garbage-first heap   total 126976K, used 23197K [0x0000000080000000, 0x0000000100000000)
  region size 1024K, 6 young (6144K), 6 survivors (6144K)
 Metaspace       used 18547K, committed 19200K, reserved 491520K
  class space    used 2687K, committed 2944K, reserved 425984K
}
Event: 8.685 GC heap before
{Heap before GC invocations=4 (full 0):
 garbage-first heap   total 126976K, used 41629K [0x0000000080000000, 0x0000000100000000)
  region size 1024K, 25 young (25600K), 6 survivors (6144K)
 Metaspace       used 20857K, committed 21504K, reserved 491520K
  class space    used 3083K, committed 3392K, reserved 425984K
}
Event: 8.694 GC heap after
{Heap after GC invocations=5 (full 0):
 garbage-first heap   total 126976K, used 24514K [0x0000000080000000, 0x0000000100000000)
  region size 1024K, 7 young (7168K), 7 survivors (7168K)
 Metaspace       used 20857K, committed 21504K, reserved 491520K
  class space    used 3083K, committed 3392K, reserved 425984K
}
Event: 14.614 GC heap before
{Heap before GC invocations=6 (full 0):
 garbage-first heap   total 86016K, used 83906K [0x0000000080000000, 0x0000000100000000)
  region size 1024K, 66 young (67584K), 7 survivors (7168K)
 Metaspace       used 30978K, committed 31936K, reserved 491520K
  class space    used 4485K, committed 4928K, reserved 425984K
}
Event: 14.630 GC heap after
{Heap after GC invocations=7 (full 0):
 garbage-first heap   total 118784K, used 29372K [0x0000000080000000, 0x0000000100000000)
  region size 1024K, 7 young (7168K), 7 survivors (7168K)
 Metaspace       used 30978K, committed 31936K, reserved 491520K
  class space    used 4485K, committed 4928K, reserved 425984K
}
Event: 18.984 GC heap before
{Heap before GC invocations=7 (full 0):
 garbage-first heap   total 118784K, used 93884K [0x0000000080000000, 0x0000000100000000)
  region size 1024K, 69 young (70656K), 7 survivors (7168K)
 Metaspace       used 34881K, committed 35968K, reserved 491520K
  class space    used 4913K, committed 5440K, reserved 425984K
}
Event: 18.993 GC heap after
{Heap after GC invocations=8 (full 0):
 garbage-first heap   total 118784K, used 32210K [0x0000000080000000, 0x0000000100000000)
  region size 1024K, 4 young (4096K), 4 survivors (4096K)
 Metaspace       used 34881K, committed 35968K, reserved 491520K
  class space    used 4913K, committed 5440K, reserved 425984K
}
Event: 19.006 GC heap before
{Heap before GC invocations=8 (full 0):
 garbage-first heap   total 118784K, used 32210K [0x0000000080000000, 0x0000000100000000)
  region size 1024K, 5 young (5120K), 4 survivors (4096K)
 Metaspace       used 34907K, committed 35968K, reserved 491520K
  class space    used 4917K, committed 5440K, reserved 425984K
}
Event: 19.009 GC heap after
{Heap after GC invocations=9 (full 0):
 garbage-first heap   total 118784K, used 31489K [0x0000000080000000, 0x0000000100000000)
  region size 1024K, 3 young (3072K), 3 survivors (3072K)
 Metaspace       used 34907K, committed 35968K, reserved 491520K
  class space    used 4917K, committed 5440K, reserved 425984K
}
Event: 22.640 GC heap before
{Heap before GC invocations=10 (full 0):
 garbage-first heap   total 106496K, used 91905K [0x0000000080000000, 0x0000000100000000)
  region size 1024K, 62 young (63488K), 3 survivors (3072K)
 Metaspace       used 41617K, committed 43136K, reserved 491520K
  class space    used 6054K, committed 6784K, reserved 425984K
}
Event: 22.648 GC heap after
{Heap after GC invocations=11 (full 0):
 garbage-first heap   total 106496K, used 34524K [0x0000000080000000, 0x0000000100000000)
  region size 1024K, 6 young (6144K), 6 survivors (6144K)
 Metaspace       used 41617K, committed 43136K, reserved 491520K
  class space    used 6054K, committed 6784K, reserved 425984K
}

