# JRE version: OpenJDK Runtime Environment Temurin-21.0.12.1+1 (21.0.12.1+1) (build 21.0.12.1+1-LTS)
# Java VM: OpenJDK 64-Bit Server VM Temurin-21.0.12.1+1 (21.0.12.1+1-LTS, mixed mode, sharing, tiered, compressed oops, compressed class ptrs, g1 gc, windows-amd64)
GC Precious Log:
 CardTable entry size: 512
 Card Set container configuration: InlinePtr #cards 5 size 8 Array Of Cards #cards 12 size 40 Howl #buckets 4 coarsen threshold 1843 Howl Bitmap #cards 512 size 80 coarsen threshold 460 Card regions per heap region 1 cards per card region 2048
 CPUs: 12 total, 12 available
 Memory: 7832M
 Large Page Support: Disabled
 NUMA Support: Disabled
 Compressed Oops: Enabled (32-bit)
 Heap Region Size: 1M
 Heap Min Capacity: 8M
 Heap Initial Capacity: 124M
 Heap Max Capacity: 2G
 Pre-touch: Disabled
 Parallel Workers: 10
 Concurrent Workers: 3
 Concurrent Refinement Workers: 10
 Periodic GC: Disabled
Heap:
 garbage-first heap   total 112640K, used 104425K [0x0000000080000000, 0x0000000100000000)
  region size 1024K, 63 young (64512K), 5 survivors (5120K)
 Metaspace       used 56570K, committed 58432K, reserved 491520K
  class space    used 8368K, committed 9280K, reserved 425984K
GC Heap History (20 events):
Event: 0.627 GC heap after
{Heap after GC invocations=2 (full 0):
 garbage-first heap   total 126976K, used 11264K [0x0000000080000000, 0x0000000100000000)
  region size 1024K, 5 young (5120K), 5 survivors (5120K)
 Metaspace       used 4334K, committed 4480K, reserved 491520K
  class space    used 555K, committed 640K, reserved 425984K
}
Event: 0.908 GC heap before
{Heap before GC invocations=2 (full 0):
 garbage-first heap   total 126976K, used 58368K [0x0000000080000000, 0x0000000100000000)
  region size 1024K, 50 young (51200K), 5 survivors (5120K)
 Metaspace       used 5894K, committed 6144K, reserved 491520K
  class space    used 794K, committed 896K, reserved 425984K
}
Event: 0.917 GC heap after
{Heap after GC invocations=3 (full 0):
 garbage-first heap   total 126976K, used 18105K [0x0000000080000000, 0x0000000100000000)
  region size 1024K, 6 young (6144K), 6 survivors (6144K)
 Metaspace       used 5894K, committed 6144K, reserved 491520K
  class space    used 794K, committed 896K, reserved 425984K
}
Event: 2.411 GC heap before
{Heap before GC invocations=3 (full 0):
 garbage-first heap   total 126976K, used 86713K [0x0000000080000000, 0x0000000100000000)
  region size 1024K, 74 young (75776K), 6 survivors (6144K)
 Metaspace       used 18469K, committed 19008K, reserved 491520K
  class space    used 2686K, committed 2944K, reserved 425984K
}
Event: 2.418 GC heap after
{Heap after GC invocations=4 (full 0):
 garbage-first heap   total 126976K, used 23454K [0x0000000080000000, 0x0000000100000000)
  region size 1024K, 6 young (6144K), 6 survivors (6144K)
 Metaspace       used 18469K, committed 19008K, reserved 491520K
  class space    used 2686K, committed 2944K, reserved 425984K
}
Event: 2.748 GC heap before
{Heap before GC invocations=4 (full 0):
 garbage-first heap   total 126976K, used 41886K [0x0000000080000000, 0x0000000100000000)
  region size 1024K, 25 young (25600K), 6 survivors (6144K)
 Metaspace       used 20885K, committed 21504K, reserved 491520K
  class space    used 3107K, committed 3392K, reserved 425984K
}
Event: 2.752 GC heap after
{Heap after GC invocations=5 (full 0):
 garbage-first heap   total 126976K, used 24500K [0x0000000080000000, 0x0000000100000000)
  region size 1024K, 7 young (7168K), 7 survivors (7168K)
 Metaspace       used 20885K, committed 21504K, reserved 491520K
  class space    used 3107K, committed 3392K, reserved 425984K
}
Event: 10.679 GC heap before
{Heap before GC invocations=6 (full 0):
 garbage-first heap   total 86016K, used 83892K [0x0000000080000000, 0x0000000100000000)
  region size 1024K, 66 young (67584K), 7 survivors (7168K)
 Metaspace       used 30909K, committed 31872K, reserved 491520K
  class space    used 4480K, committed 4928K, reserved 425984K
}
Event: 10.693 GC heap after
{Heap after GC invocations=7 (full 0):
 garbage-first heap   total 118784K, used 30109K [0x0000000080000000, 0x0000000100000000)
  region size 1024K, 7 young (7168K), 7 survivors (7168K)
 Metaspace       used 30909K, committed 31872K, reserved 491520K
  class space    used 4480K, committed 4928K, reserved 425984K
}
Event: 15.727 GC heap before
{Heap before GC invocations=7 (full 0):
 garbage-first heap   total 118784K, used 94621K [0x0000000080000000, 0x0000000100000000)
  region size 1024K, 69 young (70656K), 7 survivors (7168K)
 Metaspace       used 34793K, committed 35904K, reserved 491520K
  class space    used 4900K, committed 5440K, reserved 425984K
}
Event: 15.737 GC heap after
{Heap after GC invocations=8 (full 0):
 garbage-first heap   total 118784K, used 33311K [0x0000000080000000, 0x0000000100000000)
  region size 1024K, 5 young (5120K), 5 survivors (5120K)
 Metaspace       used 34793K, committed 35904K, reserved 491520K
  class space    used 4900K, committed 5440K, reserved 425984K
}
Event: 15.904 GC heap before
{Heap before GC invocations=8 (full 0):
 garbage-first heap   total 118784K, used 35359K [0x0000000080000000, 0x0000000100000000)
  region size 1024K, 8 young (8192K), 5 survivors (5120K)
 Metaspace       used 35083K, committed 36096K, reserved 491520K
  class space    used 4955K, committed 5440K, reserved 425984K
}
Event: 15.909 GC heap after
{Heap after GC invocations=9 (full 0):
 garbage-first heap   total 118784K, used 32311K [0x0000000080000000, 0x0000000100000000)
  region size 1024K, 4 young (4096K), 4 survivors (4096K)
 Metaspace       used 35083K, committed 36096K, reserved 491520K
  class space    used 4955K, committed 5440K, reserved 425984K
}
Event: 23.249 GC heap before
{Heap before GC invocations=10 (full 0):
 garbage-first heap   total 112640K, used 95799K [0x0000000080000000, 0x0000000100000000)
  region size 1024K, 66 young (67584K), 4 survivors (4096K)
 Metaspace       used 41627K, committed 43136K, reserved 491520K
  class space    used 6065K, committed 6784K, reserved 425984K
}
Event: 23.256 GC heap after
{Heap after GC invocations=11 (full 0):
 garbage-first heap   total 112640K, used 34586K [0x0000000080000000, 0x0000000100000000)
  region size 1024K, 6 young (6144K), 6 survivors (6144K)
 Metaspace       used 41627K, committed 43136K, reserved 491520K
  class space    used 6065K, committed 6784K, reserved 425984K
}
Event: 31.152 GC heap before
{Heap before GC invocations=11 (full 0):
 garbage-first heap   total 112640K, used 96026K [0x0000000080000000, 0x0000000100000000)
  region size 1024K, 66 young (67584K), 6 survivors (6144K)
 Metaspace       used 46601K, committed 48256K, reserved 491520K
  class space    used 6880K, committed 7680K, reserved 425984K
}
Event: 31.161 GC heap after
{Heap after GC invocations=12 (full 0):
 garbage-first heap   total 112640K, used 36545K [0x0000000080000000, 0x0000000100000000)
  region size 1024K, 6 young (6144K), 6 survivors (6144K)
 Metaspace       used 46601K, committed 48256K, reserved 491520K
  class space    used 6880K, committed 7680K, reserved 425984K
}
Event: 35.866 GC heap before
{Heap before GC invocations=12 (full 0):
 garbage-first heap   total 112640K, used 96961K [0x0000000080000000, 0x0000000100000000)
  region size 1024K, 66 young (67584K), 6 survivors (6144K)
 Metaspace       used 50694K, committed 52480K, reserved 491520K
  class space    used 7503K, committed 8384K, reserved 425984K
}
Event: 35.877 GC heap after
{Heap after GC invocations=13 (full 0):
 garbage-first heap   total 112640K, used 40937K [0x0000000080000000, 0x0000000100000000)
  region size 1024K, 7 young (7168K), 7 survivors (7168K)
 Metaspace       used 50694K, committed 52480K, reserved 491520K
  class space    used 7503K, committed 8384K, reserved 425984K
}
Event: 39.621 GC heap before
{Heap before GC invocations=13 (full 0):
 garbage-first heap   total 112640K, used 104425K [0x0000000080000000, 0x0000000100000000)
  region size 1024K, 65 young (66560K), 7 survivors (7168K)
 Metaspace       used 56570K, committed 58432K, reserved 491520K
  class space    used 8368K, committed 9280K, reserved 425984K
}

