# JRE version: OpenJDK Runtime Environment Temurin-21.0.12.1+1 (21.0.12.1+1) (build 21.0.12.1+1-LTS)
# Java VM: OpenJDK 64-Bit Server VM Temurin-21.0.12.1+1 (21.0.12.1+1-LTS, mixed mode, sharing, tiered, compressed oops, compressed class ptrs, g1 gc, windows-amd64)
GC Precious Log:
 CardTable entry size: 512
 Card Set container configuration: InlinePtr #cards 5 size 8 Array Of Cards #cards 12 size 40 Howl #buckets 4 coarsen threshold 1843 Howl Bitmap #cards 512 size 80 coarsen threshold 460 Card regions per heap region 1 cards per card region 2048
 CPUs: 12 total, 12 available
 Memory: 7832M
 Large Page Support: Disabled
 NUMA Support: Disabled
 Compressed Oops: Enabled (32-bit)
 Heap Region Size: 1M
 Heap Min Capacity: 8M
 Heap Initial Capacity: 124M
 Heap Max Capacity: 2G
 Pre-touch: Disabled
 Parallel Workers: 10
 Concurrent Workers: 3
 Concurrent Refinement Workers: 10
 Periodic GC: Disabled
Heap:
 garbage-first heap   total 118784K, used 79770K [0x0000000080000000, 0x0000000100000000)
  region size 1024K, 36 young (36864K), 6 survivors (6144K)
 Metaspace       used 64768K, committed 66688K, reserved 491520K
  class space    used 9505K, committed 10432K, reserved 425984K
GC Heap History (20 events):
Event: 14.637 GC heap before
{Heap before GC invocations=4 (full 0):
 garbage-first heap   total 126976K, used 41883K [0x0000000080000000, 0x0000000100000000)
  region size 1024K, 25 young (25600K), 6 survivors (6144K)
 Metaspace       used 20800K, committed 21504K, reserved 491520K
  class space    used 3069K, committed 3392K, reserved 425984K
}
Event: 14.645 GC heap after
{Heap after GC invocations=5 (full 0):
 garbage-first heap   total 126976K, used 24499K [0x0000000080000000, 0x0000000100000000)
  region size 1024K, 7 young (7168K), 7 survivors (7168K)
 Metaspace       used 20800K, committed 21504K, reserved 491520K
  class space    used 3069K, committed 3392K, reserved 425984K
}
Event: 31.562 GC heap before
{Heap before GC invocations=6 (full 0):
 garbage-first heap   total 86016K, used 83891K [0x0000000080000000, 0x0000000100000000)
  region size 1024K, 66 young (67584K), 7 survivors (7168K)
 Metaspace       used 30997K, committed 31936K, reserved 491520K
  class space    used 4480K, committed 4928K, reserved 425984K
}
Event: 31.587 GC heap after
{Heap after GC invocations=7 (full 0):
 garbage-first heap   total 98304K, used 29228K [0x0000000080000000, 0x0000000100000000)
  region size 1024K, 7 young (7168K), 7 survivors (7168K)
 Metaspace       used 30997K, committed 31936K, reserved 491520K
  class space    used 4480K, committed 4928K, reserved 425984K
}
Event: 42.959 GC heap before
{Heap before GC invocations=7 (full 0):
 garbage-first heap   total 98304K, used 81452K [0x0000000080000000, 0x0000000100000000)
  region size 1024K, 57 young (58368K), 7 survivors (7168K)
 Metaspace       used 33986K, committed 35008K, reserved 491520K
  class space    used 4752K, committed 5248K, reserved 425984K
}
Event: 42.978 GC heap after
{Heap after GC invocations=8 (full 0):
 garbage-first heap   total 98304K, used 32647K [0x0000000080000000, 0x0000000100000000)
  region size 1024K, 4 young (4096K), 4 survivors (4096K)
 Metaspace       used 33986K, committed 35008K, reserved 491520K
  class space    used 4752K, committed 5248K, reserved 425984K
}
Event: 57.907 GC heap before
{Heap before GC invocations=8 (full 0):
 garbage-first heap   total 98304K, used 46983K [0x0000000080000000, 0x0000000100000000)
  region size 1024K, 19 young (19456K), 4 survivors (4096K)
 Metaspace       used 34926K, committed 35968K, reserved 491520K
  class space    used 4914K, committed 5440K, reserved 425984K
}
Event: 57.960 GC heap after
{Heap after GC invocations=9 (full 0):
 garbage-first heap   total 98304K, used 31546K [0x0000000080000000, 0x0000000100000000)
  region size 1024K, 3 young (3072K), 3 survivors (3072K)
 Metaspace       used 34926K, committed 35968K, reserved 491520K
  class space    used 4914K, committed 5440K, reserved 425984K
}
Event: 72.129 GC heap before
{Heap before GC invocations=10 (full 0):
 garbage-first heap   total 98304K, used 85818K [0x0000000080000000, 0x0000000100000000)
  region size 1024K, 56 young (57344K), 3 survivors (3072K)
 Metaspace       used 41064K, committed 42496K, reserved 491520K
  class space    used 5954K, committed 6656K, reserved 425984K
}
Event: 72.148 GC heap after
{Heap after GC invocations=11 (full 0):
 garbage-first heap   total 118784K, used 34908K [0x0000000080000000, 0x0000000100000000)
  region size 1024K, 6 young (6144K), 6 survivors (6144K)
 Metaspace       used 41064K, committed 42496K, reserved 491520K
  class space    used 5954K, committed 6656K, reserved 425984K
}
Event: 86.501 GC heap before
{Heap before GC invocations=11 (full 0):
 garbage-first heap   total 118784K, used 99420K [0x0000000080000000, 0x0000000100000000)
  region size 1024K, 69 young (70656K), 6 survivors (6144K)
 Metaspace       used 45697K, committed 47360K, reserved 491520K
  class space    used 6740K, committed 7552K, reserved 425984K
}
Event: 86.519 GC heap after
{Heap after GC invocations=12 (full 0):
 garbage-first heap   total 118784K, used 37227K [0x0000000080000000, 0x0000000100000000)
  region size 1024K, 7 young (7168K), 7 survivors (7168K)
 Metaspace       used 45697K, committed 47360K, reserved 491520K
  class space    used 6740K, committed 7552K, reserved 425984K
}
Event: 106.106 GC heap before
{Heap before GC invocations=12 (full 0):
 garbage-first heap   total 118784K, used 99691K [0x0000000080000000, 0x0000000100000000)
  region size 1024K, 69 young (70656K), 7 survivors (7168K)
 Metaspace       used 49699K, committed 51456K, reserved 491520K
  class space    used 7314K, committed 8192K, reserved 425984K
}
Event: 106.268 GC heap after
{Heap after GC invocations=13 (full 0):
 garbage-first heap   total 118784K, used 40292K [0x0000000080000000, 0x0000000100000000)
  region size 1024K, 6 young (6144K), 6 survivors (6144K)
 Metaspace       used 49699K, committed 51456K, reserved 491520K
  class space    used 7314K, committed 8192K, reserved 425984K
}
Event: 120.314 GC heap before
{Heap before GC invocations=13 (full 0):
 garbage-first heap   total 118784K, used 108900K [0x0000000080000000, 0x0000000100000000)
  region size 1024K, 69 young (70656K), 6 survivors (6144K)
 Metaspace       used 56178K, committed 58048K, reserved 491520K
  class space    used 8315K, committed 9216K, reserved 425984K
}
Event: 120.444 GC heap after
{Heap after GC invocations=14 (full 0):
 garbage-first heap   total 118784K, used 47995K [0x0000000080000000, 0x0000000100000000)
  region size 1024K, 7 young (7168K), 7 survivors (7168K)
 Metaspace       used 56178K, committed 58048K, reserved 491520K
  class space    used 8315K, committed 9216K, reserved 425984K
}
Event: 125.338 GC heap before
{Heap before GC invocations=14 (full 0):
 garbage-first heap   total 118784K, used 63355K [0x0000000080000000, 0x0000000100000000)
  region size 1024K, 23 young (23552K), 7 survivors (7168K)
 Metaspace       used 58249K, committed 60096K, reserved 491520K
  class space    used 8567K, committed 9472K, reserved 425984K
}
Event: 125.367 GC heap after
{Heap after GC invocations=15 (full 0):
 garbage-first heap   total 118784K, used 48366K [0x0000000080000000, 0x0000000100000000)
  region size 1024K, 5 young (5120K), 5 survivors (5120K)
 Metaspace       used 58249K, committed 60096K, reserved 491520K
  class space    used 8567K, committed 9472K, reserved 425984K
}
Event: 138.272 GC heap before
{Heap before GC invocations=16 (full 0):
 garbage-first heap   total 118784K, used 107758K [0x0000000080000000, 0x0000000100000000)
  region size 1024K, 63 young (64512K), 5 survivors (5120K)
 Metaspace       used 62737K, committed 64704K, reserved 491520K
  class space    used 9218K, committed 10176K, reserved 425984K
}
Event: 138.279 GC heap after
{Heap after GC invocations=17 (full 0):
 garbage-first heap   total 118784K, used 50074K [0x0000000080000000, 0x0000000100000000)
  region size 1024K, 6 young (6144K), 6 survivors (6144K)
 Metaspace       used 62737K, committed 64704K, reserved 491520K
  class space    used 9218K, committed 10176K, reserved 425984K
}

