# JRE version: OpenJDK Runtime Environment Temurin-21.0.12.1+1 (21.0.12.1+1) (build 21.0.12.1+1-LTS)
# Java VM: OpenJDK 64-Bit Server VM Temurin-21.0.12.1+1 (21.0.12.1+1-LTS, mixed mode, sharing, tiered, compressed oops, compressed class ptrs, g1 gc, windows-amd64)
GC Precious Log:
 CardTable entry size: 512
 Card Set container configuration: InlinePtr #cards 5 size 8 Array Of Cards #cards 12 size 40 Howl #buckets 4 coarsen threshold 1843 Howl Bitmap #cards 512 size 80 coarsen threshold 460 Card regions per heap region 1 cards per card region 2048
 CPUs: 12 total, 12 available
 Memory: 7832M
 Large Page Support: Disabled
 NUMA Support: Disabled
 Compressed Oops: Enabled (32-bit)
 Heap Region Size: 1M
 Heap Min Capacity: 8M
 Heap Initial Capacity: 124M
 Heap Max Capacity: 2G
 Pre-touch: Disabled
 Parallel Workers: 10
 Concurrent Workers: 3
 Concurrent Refinement Workers: 10
 Periodic GC: Disabled
Heap:
 garbage-first heap   total 118784K, used 89751K [0x0000000080000000, 0x0000000100000000)
  region size 1024K, 66 young (67584K), 7 survivors (7168K)
 Metaspace       used 34260K, committed 35328K, reserved 491520K
  class space    used 4802K, committed 5312K, reserved 425984K
GC Heap History (12 events):
Event: 0.341 GC heap before
{Heap before GC invocations=0 (full 0):
 garbage-first heap   total 126976K, used 22528K [0x0000000080000000, 0x0000000100000000)
  region size 1024K, 23 young (23552K), 0 survivors (0K)
 Metaspace       used 1083K, committed 1216K, reserved 491520K
  class space    used 81K, committed 128K, reserved 425984K
}
Event: 0.345 GC heap after
{Heap after GC invocations=1 (full 0):
 garbage-first heap   total 126976K, used 3836K [0x0000000080000000, 0x0000000100000000)
  region size 1024K, 3 young (3072K), 3 survivors (3072K)
 Metaspace       used 1083K, committed 1216K, reserved 491520K
  class space    used 81K, committed 128K, reserved 425984K
}
Event: 0.904 GC heap before
{Heap before GC invocations=1 (full 0):
 garbage-first heap   total 126976K, used 40700K [0x0000000080000000, 0x0000000100000000)
  region size 1024K, 36 young (36864K), 3 survivors (3072K)
 Metaspace       used 4378K, committed 4608K, reserved 491520K
  class space    used 558K, committed 640K, reserved 425984K
}
Event: 0.912 GC heap after
{Heap after GC invocations=2 (full 0):
 garbage-first heap   total 126976K, used 11279K [0x0000000080000000, 0x0000000100000000)
  region size 1024K, 5 young (5120K), 5 survivors (5120K)
 Metaspace       used 4378K, committed 4608K, reserved 491520K
  class space    used 558K, committed 640K, reserved 425984K
}
Event: 1.356 GC heap before
{Heap before GC invocations=2 (full 0):
 garbage-first heap   total 126976K, used 59407K [0x0000000080000000, 0x0000000100000000)
  region size 1024K, 50 young (51200K), 5 survivors (5120K)
 Metaspace       used 5918K, committed 6144K, reserved 491520K
  class space    used 796K, committed 896K, reserved 425984K
}
Event: 1.366 GC heap after
{Heap after GC invocations=3 (full 0):
 garbage-first heap   total 126976K, used 18249K [0x0000000080000000, 0x0000000100000000)
  region size 1024K, 6 young (6144K), 6 survivors (6144K)
 Metaspace       used 5918K, committed 6144K, reserved 491520K
  class space    used 796K, committed 896K, reserved 425984K
}
Event: 35.121 GC heap before
{Heap before GC invocations=3 (full 0):
 garbage-first heap   total 126976K, used 86857K [0x0000000080000000, 0x0000000100000000)
  region size 1024K, 74 young (75776K), 6 survivors (6144K)
 Metaspace       used 18416K, committed 18944K, reserved 491520K
  class space    used 2645K, committed 2880K, reserved 425984K
}
Event: 35.154 GC heap after
{Heap after GC invocations=4 (full 0):
 garbage-first heap   total 126976K, used 23136K [0x0000000080000000, 0x0000000100000000)
  region size 1024K, 5 young (5120K), 5 survivors (5120K)
 Metaspace       used 18416K, committed 18944K, reserved 491520K
  class space    used 2645K, committed 2880K, reserved 425984K
}
Event: 39.124 GC heap before
{Heap before GC invocations=4 (full 0):
 garbage-first heap   total 126976K, used 42592K [0x0000000080000000, 0x0000000100000000)
  region size 1024K, 25 young (25600K), 5 survivors (5120K)
 Metaspace       used 20846K, committed 21504K, reserved 491520K
  class space    used 3069K, committed 3392K, reserved 425984K
}
Event: 39.302 GC heap after
{Heap after GC invocations=5 (full 0):
 garbage-first heap   total 126976K, used 24699K [0x0000000080000000, 0x0000000100000000)
  region size 1024K, 7 young (7168K), 7 survivors (7168K)
 Metaspace       used 20846K, committed 21504K, reserved 491520K
  class space    used 3069K, committed 3392K, reserved 425984K
}
Event: 44.936 GC heap before
{Heap before GC invocations=6 (full 0):
 garbage-first heap   total 86016K, used 84091K [0x0000000080000000, 0x0000000100000000)
  region size 1024K, 66 young (67584K), 7 survivors (7168K)
 Metaspace       used 31020K, committed 32000K, reserved 491520K
  class space    used 4484K, committed 4928K, reserved 425984K
}
Event: 44.977 GC heap after
{Heap after GC invocations=7 (full 0):
 garbage-first heap   total 118784K, used 29335K [0x0000000080000000, 0x0000000100000000)
  region size 1024K, 7 young (7168K), 7 survivors (7168K)
 Metaspace       used 31020K, committed 32000K, reserved 491520K
  class space    used 4484K, committed 4928K, reserved 425984K
}

