# JRE version: OpenJDK Runtime Environment Temurin-21.0.12.1+1 (21.0.12.1+1) (build 21.0.12.1+1-LTS)
# Java VM: OpenJDK 64-Bit Server VM Temurin-21.0.12.1+1 (21.0.12.1+1-LTS, mixed mode, sharing, tiered, compressed oops, compressed class ptrs, g1 gc, windows-amd64)
GC Precious Log:
 CardTable entry size: 512
 Card Set container configuration: InlinePtr #cards 5 size 8 Array Of Cards #cards 12 size 40 Howl #buckets 4 coarsen threshold 1843 Howl Bitmap #cards 512 size 80 coarsen threshold 460 Card regions per heap region 1 cards per card region 2048
 CPUs: 12 total, 12 available
 Memory: 7832M
 Large Page Support: Disabled
 NUMA Support: Disabled
 Compressed Oops: Enabled (32-bit)
 Heap Region Size: 1M
 Heap Min Capacity: 8M
 Heap Initial Capacity: 124M
 Heap Max Capacity: 2G
 Pre-touch: Disabled
 Parallel Workers: 10
 Concurrent Workers: 3
 Concurrent Refinement Workers: 10
 Periodic GC: Disabled
Heap:
 garbage-first heap   total 115712K, used 102834K [0x0000000080000000, 0x0000000100000000)
  region size 1024K, 40 young (40960K), 3 survivors (3072K)
 Metaspace       used 72450K, committed 74560K, reserved 491520K
  class space    used 10641K, committed 11712K, reserved 425984K
GC Heap History (20 events):
Event: 70.142 GC heap before
{Heap before GC invocations=11 (full 0):
 garbage-first heap   total 112640K, used 94504K [0x0000000080000000, 0x0000000100000000)
  region size 1024K, 64 young (65536K), 6 survivors (6144K)
 Metaspace       used 46000K, committed 47680K, reserved 491520K
  class space    used 6779K, committed 7616K, reserved 425984K
}
Event: 70.153 GC heap after
{Heap after GC invocations=12 (full 0):
 garbage-first heap   total 112640K, used 36756K [0x0000000080000000, 0x0000000100000000)
  region size 1024K, 6 young (6144K), 6 survivors (6144K)
 Metaspace       used 46000K, committed 47680K, reserved 491520K
  class space    used 6779K, committed 7616K, reserved 425984K
}
Event: 101.588 GC heap before
{Heap before GC invocations=12 (full 0):
 garbage-first heap   total 112640K, used 97172K [0x0000000080000000, 0x0000000100000000)
  region size 1024K, 65 young (66560K), 6 survivors (6144K)
 Metaspace       used 49167K, committed 50944K, reserved 491520K
  class space    used 7235K, committed 8128K, reserved 425984K
}
Event: 101.654 GC heap after
{Heap after GC invocations=13 (full 0):
 garbage-first heap   total 112640K, used 42427K [0x0000000080000000, 0x0000000100000000)
  region size 1024K, 8 young (8192K), 8 survivors (8192K)
 Metaspace       used 49167K, committed 50944K, reserved 491520K
  class space    used 7235K, committed 8128K, reserved 425984K
}
Event: 118.432 GC heap before
{Heap before GC invocations=13 (full 0):
 garbage-first heap   total 112640K, used 101819K [0x0000000080000000, 0x0000000100000000)
  region size 1024K, 62 young (63488K), 8 survivors (8192K)
 Metaspace       used 54210K, committed 56128K, reserved 491520K
  class space    used 8066K, committed 9024K, reserved 425984K
}
Event: 118.500 GC heap after
{Heap after GC invocations=14 (full 0):
 garbage-first heap   total 112640K, used 47203K [0x0000000080000000, 0x0000000100000000)
  region size 1024K, 4 young (4096K), 4 survivors (4096K)
 Metaspace       used 54210K, committed 56128K, reserved 491520K
  class space    used 8066K, committed 9024K, reserved 425984K
}
Event: 124.267 GC heap before
{Heap before GC invocations=14 (full 0):
 garbage-first heap   total 112640K, used 79971K [0x0000000080000000, 0x0000000100000000)
  region size 1024K, 37 young (37888K), 4 survivors (4096K)
 Metaspace       used 58303K, committed 60096K, reserved 491520K
  class space    used 8585K, committed 9472K, reserved 425984K
}
Event: 124.287 GC heap after
{Heap after GC invocations=15 (full 0):
 garbage-first heap   total 112640K, used 48067K [0x0000000080000000, 0x0000000100000000)
  region size 1024K, 5 young (5120K), 5 survivors (5120K)
 Metaspace       used 58303K, committed 60096K, reserved 491520K
  class space    used 8585K, committed 9472K, reserved 425984K
}
Event: 129.855 GC heap before
{Heap before GC invocations=16 (full 0):
 garbage-first heap   total 112640K, used 100291K [0x0000000080000000, 0x0000000100000000)
  region size 1024K, 56 young (57344K), 5 survivors (5120K)
 Metaspace       used 62357K, committed 64256K, reserved 491520K
  class space    used 9178K, committed 10112K, reserved 425984K
}
Event: 129.867 GC heap after
{Heap after GC invocations=17 (full 0):
 garbage-first heap   total 112640K, used 49662K [0x0000000080000000, 0x0000000100000000)
  region size 1024K, 3 young (3072K), 3 survivors (3072K)
 Metaspace       used 62357K, committed 64256K, reserved 491520K
  class space    used 9178K, committed 10112K, reserved 425984K
}
Event: 139.367 GC heap before
{Heap before GC invocations=17 (full 0):
 garbage-first heap   total 112640K, used 101886K [0x0000000080000000, 0x0000000100000000)
  region size 1024K, 54 young (55296K), 3 survivors (3072K)
 Metaspace       used 65844K, committed 67776K, reserved 491520K
  class space    used 9669K, committed 10624K, reserved 425984K
}
Event: 139.381 GC heap after
{Heap after GC invocations=18 (full 0):
 garbage-first heap   total 112640K, used 53349K [0x0000000080000000, 0x0000000100000000)
  region size 1024K, 7 young (7168K), 7 survivors (7168K)
 Metaspace       used 65844K, committed 67776K, reserved 491520K
  class space    used 9669K, committed 10624K, reserved 425984K
}
Event: 149.842 GC heap before
{Heap before GC invocations=18 (full 0):
 garbage-first heap   total 112640K, used 100453K [0x0000000080000000, 0x0000000100000000)
  region size 1024K, 54 young (55296K), 7 survivors (7168K)
 Metaspace       used 68886K, committed 70848K, reserved 491520K
  class space    used 10116K, committed 11072K, reserved 425984K
}
Event: 149.863 GC heap after
{Heap after GC invocations=19 (full 0):
 garbage-first heap   total 112640K, used 55229K [0x0000000080000000, 0x0000000100000000)
  region size 1024K, 4 young (4096K), 4 survivors (4096K)
 Metaspace       used 68886K, committed 70848K, reserved 491520K
  class space    used 10116K, committed 11072K, reserved 425984K
}
Event: 164.267 GC heap before
{Heap before GC invocations=19 (full 0):
 garbage-first heap   total 112640K, used 101309K [0x0000000080000000, 0x0000000100000000)
  region size 1024K, 50 young (51200K), 4 survivors (4096K)
 Metaspace       used 71703K, committed 73792K, reserved 491520K
  class space    used 10613K, committed 11648K, reserved 425984K
}
Event: 164.299 GC heap after
{Heap after GC invocations=20 (full 0):
 garbage-first heap   total 112640K, used 57773K [0x0000000080000000, 0x0000000100000000)
  region size 1024K, 6 young (6144K), 6 survivors (6144K)
 Metaspace       used 71703K, committed 73792K, reserved 491520K
  class space    used 10613K, committed 11648K, reserved 425984K
}
Event: 174.255 GC heap before
{Heap before GC invocations=21 (full 0):
 garbage-first heap   total 112640K, used 101805K [0x0000000080000000, 0x0000000100000000)
  region size 1024K, 50 young (51200K), 6 survivors (6144K)
 Metaspace       used 72365K, committed 74496K, reserved 491520K
  class space    used 10639K, committed 11712K, reserved 425984K
}
Event: 174.276 GC heap after
{Heap after GC invocations=22 (full 0):
 garbage-first heap   total 115712K, used 63599K [0x0000000080000000, 0x0000000100000000)
  region size 1024K, 7 young (7168K), 7 survivors (7168K)
 Metaspace       used 72365K, committed 74496K, reserved 491520K
  class space    used 10639K, committed 11712K, reserved 425984K
}
Event: 175.715 GC heap before
{Heap before GC invocations=22 (full 0):
 garbage-first heap   total 115712K, used 102511K [0x0000000080000000, 0x0000000100000000)
  region size 1024K, 46 young (47104K), 7 survivors (7168K)
 Metaspace       used 72446K, committed 74560K, reserved 491520K
  class space    used 10641K, committed 11712K, reserved 425984K
}
Event: 175.739 GC heap after
{Heap after GC invocations=23 (full 0):
 garbage-first heap   total 115712K, used 65970K [0x0000000080000000, 0x0000000100000000)
  region size 1024K, 3 young (3072K), 3 survivors (3072K)
 Metaspace       used 72446K, committed 74560K, reserved 491520K
  class space    used 10641K, committed 11712K, reserved 425984K
}

