# JRE version: OpenJDK Runtime Environment Temurin-21.0.12.1+1 (21.0.12.1+1) (build 21.0.12.1+1-LTS)
# Java VM: OpenJDK 64-Bit Server VM Temurin-21.0.12.1+1 (21.0.12.1+1-LTS, mixed mode, sharing, tiered, compressed oops, compressed class ptrs, g1 gc, windows-amd64)
GC Precious Log:
 CardTable entry size: 512
 Card Set container configuration: InlinePtr #cards 5 size 8 Array Of Cards #cards 12 size 40 Howl #buckets 4 coarsen threshold 1843 Howl Bitmap #cards 512 size 80 coarsen threshold 460 Card regions per heap region 1 cards per card region 2048
 CPUs: 12 total, 12 available
 Memory: 7832M
 Large Page Support: Disabled
 NUMA Support: Disabled
 Compressed Oops: Enabled (32-bit)
 Heap Region Size: 1M
 Heap Min Capacity: 8M
 Heap Initial Capacity: 124M
 Heap Max Capacity: 2G
 Pre-touch: Disabled
 Parallel Workers: 10
 Concurrent Workers: 3
 Concurrent Refinement Workers: 10
 Periodic GC: Disabled
Heap:
 garbage-first heap   total 101376K, used 61527K [0x0000000080000000, 0x0000000100000000)
  region size 1024K, 37 young (37888K), 7 survivors (7168K)
 Metaspace       used 33487K, committed 34560K, reserved 491520K
  class space    used 4688K, committed 5184K, reserved 425984K
GC Heap History (12 events):
Event: 0.275 GC heap before
{Heap before GC invocations=0 (full 0):
 garbage-first heap   total 126976K, used 22528K [0x0000000080000000, 0x0000000100000000)
  region size 1024K, 23 young (23552K), 0 survivors (0K)
 Metaspace       used 1072K, committed 1216K, reserved 491520K
  class space    used 81K, committed 128K, reserved 425984K
}
Event: 0.279 GC heap after
{Heap after GC invocations=1 (full 0):
 garbage-first heap   total 126976K, used 3792K [0x0000000080000000, 0x0000000100000000)
  region size 1024K, 3 young (3072K), 3 survivors (3072K)
 Metaspace       used 1072K, committed 1216K, reserved 491520K
  class space    used 81K, committed 128K, reserved 425984K
}
Event: 0.665 GC heap before
{Heap before GC invocations=1 (full 0):
 garbage-first heap   total 126976K, used 40656K [0x0000000080000000, 0x0000000100000000)
  region size 1024K, 36 young (36864K), 3 survivors (3072K)
 Metaspace       used 4352K, committed 4480K, reserved 491520K
  class space    used 558K, committed 640K, reserved 425984K
}
Event: 0.672 GC heap after
{Heap after GC invocations=2 (full 0):
 garbage-first heap   total 126976K, used 11264K [0x0000000080000000, 0x0000000100000000)
  region size 1024K, 4 young (4096K), 4 survivors (4096K)
 Metaspace       used 4352K, committed 4480K, reserved 491520K
  class space    used 558K, committed 640K, reserved 425984K
}
Event: 1.020 GC heap before
{Heap before GC invocations=2 (full 0):
 garbage-first heap   total 126976K, used 59392K [0x0000000080000000, 0x0000000100000000)
  region size 1024K, 49 young (50176K), 4 survivors (4096K)
 Metaspace       used 5911K, committed 6144K, reserved 491520K
  class space    used 798K, committed 896K, reserved 425984K
}
Event: 1.030 GC heap after
{Heap after GC invocations=3 (full 0):
 garbage-first heap   total 126976K, used 18507K [0x0000000080000000, 0x0000000100000000)
  region size 1024K, 6 young (6144K), 6 survivors (6144K)
 Metaspace       used 5911K, committed 6144K, reserved 491520K
  class space    used 798K, committed 896K, reserved 425984K
}
Event: 4.351 GC heap before
{Heap before GC invocations=3 (full 0):
 garbage-first heap   total 126976K, used 88139K [0x0000000080000000, 0x0000000100000000)
  region size 1024K, 74 young (75776K), 6 survivors (6144K)
 Metaspace       used 18516K, committed 19136K, reserved 491520K
  class space    used 2688K, committed 2944K, reserved 425984K
}
Event: 4.369 GC heap after
{Heap after GC invocations=4 (full 0):
 garbage-first heap   total 126976K, used 23856K [0x0000000080000000, 0x0000000100000000)
  region size 1024K, 6 young (6144K), 6 survivors (6144K)
 Metaspace       used 18516K, committed 19136K, reserved 491520K
  class space    used 2688K, committed 2944K, reserved 425984K
}
Event: 6.118 GC heap before
{Heap before GC invocations=4 (full 0):
 garbage-first heap   total 126976K, used 42288K [0x0000000080000000, 0x0000000100000000)
  region size 1024K, 25 young (25600K), 6 survivors (6144K)
 Metaspace       used 20845K, committed 21504K, reserved 491520K
  class space    used 3080K, committed 3392K, reserved 425984K
}
Event: 6.126 GC heap after
{Heap after GC invocations=5 (full 0):
 garbage-first heap   total 126976K, used 25176K [0x0000000080000000, 0x0000000100000000)
  region size 1024K, 7 young (7168K), 7 survivors (7168K)
 Metaspace       used 20845K, committed 21504K, reserved 491520K
  class space    used 3080K, committed 3392K, reserved 425984K
}
Event: 12.610 GC heap before
{Heap before GC invocations=6 (full 0):
 garbage-first heap   total 89088K, used 86616K [0x0000000080000000, 0x0000000100000000)
  region size 1024K, 68 young (69632K), 7 survivors (7168K)
 Metaspace       used 31486K, committed 32384K, reserved 491520K
  class space    used 4515K, committed 4928K, reserved 425984K
}
Event: 12.625 GC heap after
{Heap after GC invocations=7 (full 0):
 garbage-first heap   total 101376K, used 29783K [0x0000000080000000, 0x0000000100000000)
  region size 1024K, 7 young (7168K), 7 survivors (7168K)
 Metaspace       used 31486K, committed 32384K, reserved 491520K
  class space    used 4515K, committed 4928K, reserved 425984K
}

