# JRE version: OpenJDK Runtime Environment Temurin-21.0.12.1+1 (21.0.12.1+1) (build 21.0.12.1+1-LTS)
# Java VM: OpenJDK 64-Bit Server VM Temurin-21.0.12.1+1 (21.0.12.1+1-LTS, mixed mode, sharing, tiered, compressed oops, compressed class ptrs, g1 gc, windows-amd64)
GC Precious Log:
 CardTable entry size: 512
 Card Set container configuration: InlinePtr #cards 5 size 8 Array Of Cards #cards 12 size 40 Howl #buckets 4 coarsen threshold 1843 Howl Bitmap #cards 512 size 80 coarsen threshold 460 Card regions per heap region 1 cards per card region 2048
 CPUs: 12 total, 12 available
 Memory: 7832M
 Large Page Support: Disabled
 NUMA Support: Disabled
 Compressed Oops: Enabled (32-bit)
 Heap Region Size: 1M
 Heap Min Capacity: 8M
 Heap Initial Capacity: 124M
 Heap Max Capacity: 2G
 Pre-touch: Disabled
 Parallel Workers: 10
 Concurrent Workers: 3
 Concurrent Refinement Workers: 10
 Periodic GC: Disabled
Heap:
 garbage-first heap   total 104448K, used 83879K [0x0000000080000000, 0x0000000100000000)
  region size 1024K, 40 young (40960K), 5 survivors (5120K)
 Metaspace       used 61205K, committed 63040K, reserved 491520K
  class space    used 9008K, committed 9920K, reserved 425984K
GC Heap History (20 events):
Event: 27.338 GC heap before
{Heap before GC invocations=3 (full 0):
 garbage-first heap   total 126976K, used 88060K [0x0000000080000000, 0x0000000100000000)
  region size 1024K, 74 young (75776K), 6 survivors (6144K)
 Metaspace       used 18539K, committed 19136K, reserved 491520K
  class space    used 2676K, committed 2944K, reserved 425984K
}
Event: 27.502 GC heap after
{Heap after GC invocations=4 (full 0):
 garbage-first heap   total 126976K, used 23711K [0x0000000080000000, 0x0000000100000000)
  region size 1024K, 6 young (6144K), 6 survivors (6144K)
 Metaspace       used 18539K, committed 19136K, reserved 491520K
  class space    used 2676K, committed 2944K, reserved 425984K
}
Event: 32.932 GC heap before
{Heap before GC invocations=4 (full 0):
 garbage-first heap   total 126976K, used 42143K [0x0000000080000000, 0x0000000100000000)
  region size 1024K, 25 young (25600K), 6 survivors (6144K)
 Metaspace       used 20824K, committed 21504K, reserved 491520K
  class space    used 3067K, committed 3392K, reserved 425984K
}
Event: 33.056 GC heap after
{Heap after GC invocations=5 (full 0):
 garbage-first heap   total 126976K, used 25108K [0x0000000080000000, 0x0000000100000000)
  region size 1024K, 7 young (7168K), 7 survivors (7168K)
 Metaspace       used 20824K, committed 21504K, reserved 491520K
  class space    used 3067K, committed 3392K, reserved 425984K
}
Event: 51.632 GC heap before
{Heap before GC invocations=6 (full 0):
 garbage-first heap   total 89088K, used 86548K [0x0000000080000000, 0x0000000100000000)
  region size 1024K, 68 young (69632K), 7 survivors (7168K)
 Metaspace       used 31475K, committed 32384K, reserved 491520K
  class space    used 4511K, committed 4928K, reserved 425984K
}
Event: 51.659 GC heap after
{Heap after GC invocations=7 (full 0):
 garbage-first heap   total 101376K, used 30188K [0x0000000080000000, 0x0000000100000000)
  region size 1024K, 7 young (7168K), 7 survivors (7168K)
 Metaspace       used 31475K, committed 32384K, reserved 491520K
  class space    used 4511K, committed 4928K, reserved 425984K
}
Event: 57.825 GC heap before
{Heap before GC invocations=7 (full 0):
 garbage-first heap   total 101376K, used 84460K [0x0000000080000000, 0x0000000100000000)
  region size 1024K, 59 young (60416K), 7 survivors (7168K)
 Metaspace       used 33971K, committed 35008K, reserved 491520K
  class space    used 4748K, committed 5248K, reserved 425984K
}
Event: 57.839 GC heap after
{Heap after GC invocations=8 (full 0):
 garbage-first heap   total 101376K, used 32649K [0x0000000080000000, 0x0000000100000000)
  region size 1024K, 3 young (3072K), 3 survivors (3072K)
 Metaspace       used 33971K, committed 35008K, reserved 491520K
  class space    used 4748K, committed 5248K, reserved 425984K
}
Event: 73.866 GC heap before
{Heap before GC invocations=8 (full 0):
 garbage-first heap   total 101376K, used 43913K [0x0000000080000000, 0x0000000100000000)
  region size 1024K, 15 young (15360K), 3 survivors (3072K)
 Metaspace       used 35042K, committed 36096K, reserved 491520K
  class space    used 4931K, committed 5440K, reserved 425984K
}
Event: 73.882 GC heap after
{Heap after GC invocations=9 (full 0):
 garbage-first heap   total 101376K, used 32768K [0x0000000080000000, 0x0000000100000000)
  region size 1024K, 3 young (3072K), 3 survivors (3072K)
 Metaspace       used 35042K, committed 36096K, reserved 491520K
  class space    used 4931K, committed 5440K, reserved 425984K
}
Event: 91.131 GC heap before
{Heap before GC invocations=10 (full 0):
 garbage-first heap   total 101376K, used 90112K [0x0000000080000000, 0x0000000100000000)
  region size 1024K, 59 young (60416K), 3 survivors (3072K)
 Metaspace       used 41561K, committed 43072K, reserved 491520K
  class space    used 6036K, committed 6784K, reserved 425984K
}
Event: 91.145 GC heap after
{Heap after GC invocations=11 (full 0):
 garbage-first heap   total 101376K, used 35802K [0x0000000080000000, 0x0000000100000000)
  region size 1024K, 6 young (6144K), 6 survivors (6144K)
 Metaspace       used 41561K, committed 43072K, reserved 491520K
  class space    used 6036K, committed 6784K, reserved 425984K
}
Event: 113.251 GC heap before
{Heap before GC invocations=11 (full 0):
 garbage-first heap   total 101376K, used 90074K [0x0000000080000000, 0x0000000100000000)
  region size 1024K, 59 young (60416K), 6 survivors (6144K)
 Metaspace       used 44932K, committed 46592K, reserved 491520K
  class space    used 6622K, committed 7424K, reserved 425984K
}
Event: 113.282 GC heap after
{Heap after GC invocations=12 (full 0):
 garbage-first heap   total 101376K, used 37271K [0x0000000080000000, 0x0000000100000000)
  region size 1024K, 6 young (6144K), 6 survivors (6144K)
 Metaspace       used 44932K, committed 46592K, reserved 491520K
  class space    used 6622K, committed 7424K, reserved 425984K
}
Event: 139.019 GC heap before
{Heap before GC invocations=12 (full 0):
 garbage-first heap   total 101376K, used 91543K [0x0000000080000000, 0x0000000100000000)
  region size 1024K, 59 young (60416K), 6 survivors (6144K)
 Metaspace       used 48869K, committed 50624K, reserved 491520K
  class space    used 7206K, committed 8064K, reserved 425984K
}
Event: 139.072 GC heap after
{Heap after GC invocations=13 (full 0):
 garbage-first heap   total 102400K, used 41169K [0x0000000080000000, 0x0000000100000000)
  region size 1024K, 6 young (6144K), 6 survivors (6144K)
 Metaspace       used 48869K, committed 50624K, reserved 491520K
  class space    used 7206K, committed 8064K, reserved 425984K
}
Event: 156.806 GC heap before
{Heap before GC invocations=13 (full 0):
 garbage-first heap   total 102400K, used 92369K [0x0000000080000000, 0x0000000100000000)
  region size 1024K, 56 young (57344K), 6 survivors (6144K)
 Metaspace       used 52754K, committed 54656K, reserved 491520K
  class space    used 7854K, committed 8768K, reserved 425984K
}
Event: 156.871 GC heap after
{Heap after GC invocations=14 (full 0):
 garbage-first heap   total 102400K, used 42515K [0x0000000080000000, 0x0000000100000000)
  region size 1024K, 6 young (6144K), 6 survivors (6144K)
 Metaspace       used 52754K, committed 54656K, reserved 491520K
  class space    used 7854K, committed 8768K, reserved 425984K
}
Event: 168.961 GC heap before
{Heap before GC invocations=14 (full 0):
 garbage-first heap   total 102400K, used 94739K [0x0000000080000000, 0x0000000100000000)
  region size 1024K, 54 young (55296K), 6 survivors (6144K)
 Metaspace       used 58375K, committed 60288K, reserved 491520K
  class space    used 8580K, committed 9536K, reserved 425984K
}
Event: 168.989 GC heap after
{Heap after GC invocations=15 (full 0):
 garbage-first heap   total 104448K, used 49063K [0x0000000080000000, 0x0000000100000000)
  region size 1024K, 5 young (5120K), 5 survivors (5120K)
 Metaspace       used 58375K, committed 60288K, reserved 491520K
  class space    used 8580K, committed 9536K, reserved 425984K
}

