# JRE version: OpenJDK Runtime Environment Temurin-21.0.12.1+1 (21.0.12.1+1) (build 21.0.12.1+1-LTS)
# Java VM: OpenJDK 64-Bit Server VM Temurin-21.0.12.1+1 (21.0.12.1+1-LTS, mixed mode, sharing, tiered, compressed oops, compressed class ptrs, g1 gc, windows-amd64)
GC Precious Log:
 CardTable entry size: 512
 Card Set container configuration: InlinePtr #cards 5 size 8 Array Of Cards #cards 12 size 40 Howl #buckets 4 coarsen threshold 1843 Howl Bitmap #cards 512 size 80 coarsen threshold 460 Card regions per heap region 1 cards per card region 2048
 CPUs: 12 total, 12 available
 Memory: 7832M
 Large Page Support: Disabled
 NUMA Support: Disabled
 Compressed Oops: Enabled (32-bit)
 Heap Region Size: 1M
 Heap Min Capacity: 8M
 Heap Initial Capacity: 124M
 Heap Max Capacity: 2G
 Pre-touch: Disabled
 Parallel Workers: 10
 Concurrent Workers: 3
 Concurrent Refinement Workers: 10
 Periodic GC: Disabled
Heap:
 garbage-first heap   total 89088K, used 71544K [0x0000000080000000, 0x0000000100000000)
  region size 1024K, 49 young (50176K), 3 survivors (3072K)
 Metaspace       used 27330K, committed 28224K, reserved 491520K
  class space    used 4093K, committed 4544K, reserved 425984K
GC Heap History (10 events):
Event: 3.429 GC heap before
{Heap before GC invocations=0 (full 0):
 garbage-first heap   total 126976K, used 22528K [0x0000000080000000, 0x0000000100000000)
  region size 1024K, 23 young (23552K), 0 survivors (0K)
 Metaspace       used 1102K, committed 1216K, reserved 491520K
  class space    used 81K, committed 128K, reserved 425984K
}
Event: 3.465 GC heap after
{Heap after GC invocations=1 (full 0):
 garbage-first heap   total 126976K, used 3792K [0x0000000080000000, 0x0000000100000000)
  region size 1024K, 3 young (3072K), 3 survivors (3072K)
 Metaspace       used 1102K, committed 1216K, reserved 491520K
  class space    used 81K, committed 128K, reserved 425984K
}
Event: 7.074 GC heap before
{Heap before GC invocations=1 (full 0):
 garbage-first heap   total 126976K, used 40656K [0x0000000080000000, 0x0000000100000000)
  region size 1024K, 36 young (36864K), 3 survivors (3072K)
 Metaspace       used 4398K, committed 4608K, reserved 491520K
  class space    used 558K, committed 640K, reserved 425984K
}
Event: 7.087 GC heap after
{Heap after GC invocations=2 (full 0):
 garbage-first heap   total 126976K, used 11665K [0x0000000080000000, 0x0000000100000000)
  region size 1024K, 5 young (5120K), 5 survivors (5120K)
 Metaspace       used 4398K, committed 4608K, reserved 491520K
  class space    used 558K, committed 640K, reserved 425984K
}
Event: 8.661 GC heap before
{Heap before GC invocations=2 (full 0):
 garbage-first heap   total 126976K, used 57745K [0x0000000080000000, 0x0000000100000000)
  region size 1024K, 48 young (49152K), 5 survivors (5120K)
 Metaspace       used 5635K, committed 5888K, reserved 491520K
  class space    used 764K, committed 896K, reserved 425984K
}
Event: 8.676 GC heap after
{Heap after GC invocations=3 (full 0):
 garbage-first heap   total 126976K, used 17623K [0x0000000080000000, 0x0000000100000000)
  region size 1024K, 5 young (5120K), 5 survivors (5120K)
 Metaspace       used 5635K, committed 5888K, reserved 491520K
  class space    used 764K, committed 896K, reserved 425984K
}
Event: 21.337 GC heap before
{Heap before GC invocations=3 (full 0):
 garbage-first heap   total 126976K, used 87255K [0x0000000080000000, 0x0000000100000000)
  region size 1024K, 74 young (75776K), 5 survivors (5120K)
 Metaspace       used 18285K, committed 18880K, reserved 491520K
  class space    used 2629K, committed 2880K, reserved 425984K
}
Event: 21.346 GC heap after
{Heap after GC invocations=4 (full 0):
 garbage-first heap   total 126976K, used 23117K [0x0000000080000000, 0x0000000100000000)
  region size 1024K, 10 young (10240K), 10 survivors (10240K)
 Metaspace       used 18285K, committed 18880K, reserved 491520K
  class space    used 2629K, committed 2880K, reserved 425984K
}
Event: 23.306 GC heap before
{Heap before GC invocations=4 (full 0):
 garbage-first heap   total 126976K, used 43597K [0x0000000080000000, 0x0000000100000000)
  region size 1024K, 31 young (31744K), 10 survivors (10240K)
 Metaspace       used 20817K, committed 21504K, reserved 491520K
  class space    used 3071K, committed 3392K, reserved 425984K
}
Event: 23.377 GC heap after
{Heap after GC invocations=5 (full 0):
 garbage-first heap   total 126976K, used 25464K [0x0000000080000000, 0x0000000100000000)
  region size 1024K, 3 young (3072K), 3 survivors (3072K)
 Metaspace       used 20817K, committed 21504K, reserved 491520K
  class space    used 3071K, committed 3392K, reserved 425984K
}

