# JRE version: OpenJDK Runtime Environment Temurin-21.0.12.1+1 (21.0.12.1+1) (build 21.0.12.1+1-LTS)
# Java VM: OpenJDK 64-Bit Server VM Temurin-21.0.12.1+1 (21.0.12.1+1-LTS, mixed mode, sharing, tiered, compressed oops, compressed class ptrs, g1 gc, windows-amd64)
GC Precious Log:
 CardTable entry size: 512
 Card Set container configuration: InlinePtr #cards 5 size 8 Array Of Cards #cards 12 size 40 Howl #buckets 4 coarsen threshold 1843 Howl Bitmap #cards 512 size 80 coarsen threshold 460 Card regions per heap region 1 cards per card region 2048
 CPUs: 12 total, 12 available
 Memory: 7832M
 Large Page Support: Disabled
 NUMA Support: Disabled
 Compressed Oops: Enabled (32-bit)
 Heap Region Size: 1M
 Heap Min Capacity: 8M
 Heap Initial Capacity: 124M
 Heap Max Capacity: 2G
 Pre-touch: Disabled
 Parallel Workers: 10
 Concurrent Workers: 3
 Concurrent Refinement Workers: 10
 Periodic GC: Disabled
Heap:
 garbage-first heap   total 96256K, used 45739K [0x0000000080000000, 0x0000000100000000)
  region size 1024K, 10 young (10240K), 5 survivors (5120K)
 Metaspace       used 51570K, committed 53376K, reserved 491520K
  class space    used 7637K, committed 8512K, reserved 425984K
GC Heap History (20 events):
Event: 5.358 GC heap before
{Heap before GC invocations=2 (full 0):
 garbage-first heap   total 126976K, used 56320K [0x0000000080000000, 0x0000000100000000)
  region size 1024K, 46 young (47104K), 4 survivors (4096K)
 Metaspace       used 5173K, committed 5376K, reserved 491520K
  class space    used 692K, committed 832K, reserved 425984K
}
Event: 5.370 GC heap after
{Heap after GC invocations=3 (full 0):
 garbage-first heap   total 126976K, used 17154K [0x0000000080000000, 0x0000000100000000)
  region size 1024K, 5 young (5120K), 5 survivors (5120K)
 Metaspace       used 5173K, committed 5376K, reserved 491520K
  class space    used 692K, committed 832K, reserved 425984K
}
Event: 13.994 GC heap before
{Heap before GC invocations=3 (full 0):
 garbage-first heap   total 126976K, used 87810K [0x0000000080000000, 0x0000000100000000)
  region size 1024K, 74 young (75776K), 5 survivors (5120K)
 Metaspace       used 17971K, committed 18496K, reserved 491520K
  class space    used 2581K, committed 2816K, reserved 425984K
}
Event: 14.033 GC heap after
{Heap after GC invocations=4 (full 0):
 garbage-first heap   total 126976K, used 22866K [0x0000000080000000, 0x0000000100000000)
  region size 1024K, 10 young (10240K), 10 survivors (10240K)
 Metaspace       used 17971K, committed 18496K, reserved 491520K
  class space    used 2581K, committed 2816K, reserved 425984K
}
Event: 14.851 GC heap before
{Heap before GC invocations=4 (full 0):
 garbage-first heap   total 126976K, used 45394K [0x0000000080000000, 0x0000000100000000)
  region size 1024K, 33 young (33792K), 10 survivors (10240K)
 Metaspace       used 20873K, committed 21504K, reserved 491520K
  class space    used 3083K, committed 3392K, reserved 425984K
}
Event: 14.858 GC heap after
{Heap after GC invocations=5 (full 0):
 garbage-first heap   total 126976K, used 25392K [0x0000000080000000, 0x0000000100000000)
  region size 1024K, 3 young (3072K), 3 survivors (3072K)
 Metaspace       used 20873K, committed 21504K, reserved 491520K
  class space    used 3083K, committed 3392K, reserved 425984K
}
Event: 17.038 GC heap before
{Heap before GC invocations=6 (full 0):
 garbage-first heap   total 89088K, used 86832K [0x0000000080000000, 0x0000000100000000)
  region size 1024K, 64 young (65536K), 3 survivors (3072K)
 Metaspace       used 31453K, committed 32384K, reserved 491520K
  class space    used 4508K, committed 4928K, reserved 425984K
}
Event: 17.044 GC heap after
{Heap after GC invocations=7 (full 0):
 garbage-first heap   total 96256K, used 30145K [0x0000000080000000, 0x0000000100000000)
  region size 1024K, 7 young (7168K), 7 survivors (7168K)
 Metaspace       used 31453K, committed 32384K, reserved 491520K
  class space    used 4508K, committed 4928K, reserved 425984K
}
Event: 17.733 GC heap before
{Heap before GC invocations=7 (full 0):
 garbage-first heap   total 96256K, used 81345K [0x0000000080000000, 0x0000000100000000)
  region size 1024K, 56 young (57344K), 7 survivors (7168K)
 Metaspace       used 33866K, committed 34944K, reserved 491520K
  class space    used 4736K, committed 5248K, reserved 425984K
}
Event: 17.739 GC heap after
{Heap after GC invocations=8 (full 0):
 garbage-first heap   total 96256K, used 32325K [0x0000000080000000, 0x0000000100000000)
  region size 1024K, 3 young (3072K), 3 survivors (3072K)
 Metaspace       used 33866K, committed 34944K, reserved 491520K
  class space    used 4736K, committed 5248K, reserved 425984K
}
Event: 23.429 GC heap before
{Heap before GC invocations=8 (full 0):
 garbage-first heap   total 96256K, used 44613K [0x0000000080000000, 0x0000000100000000)
  region size 1024K, 16 young (16384K), 3 survivors (3072K)
 Metaspace       used 34937K, committed 35968K, reserved 491520K
  class space    used 4922K, committed 5440K, reserved 425984K
}
Event: 23.434 GC heap after
{Heap after GC invocations=9 (full 0):
 garbage-first heap   total 96256K, used 32712K [0x0000000080000000, 0x0000000100000000)
  region size 1024K, 3 young (3072K), 3 survivors (3072K)
 Metaspace       used 34937K, committed 35968K, reserved 491520K
  class space    used 4922K, committed 5440K, reserved 425984K
}
Event: 28.774 GC heap before
{Heap before GC invocations=10 (full 0):
 garbage-first heap   total 96256K, used 83912K [0x0000000080000000, 0x0000000100000000)
  region size 1024K, 53 young (54272K), 3 survivors (3072K)
 Metaspace       used 40824K, committed 42368K, reserved 491520K
  class space    used 5912K, committed 6656K, reserved 425984K
}
Event: 28.781 GC heap after
{Heap after GC invocations=11 (full 0):
 garbage-first heap   total 96256K, used 35240K [0x0000000080000000, 0x0000000100000000)
  region size 1024K, 6 young (6144K), 6 survivors (6144K)
 Metaspace       used 40824K, committed 42368K, reserved 491520K
  class space    used 5912K, committed 6656K, reserved 425984K
}
Event: 37.590 GC heap before
{Heap before GC invocations=11 (full 0):
 garbage-first heap   total 96256K, used 84392K [0x0000000080000000, 0x0000000100000000)
  region size 1024K, 54 young (55296K), 6 survivors (6144K)
 Metaspace       used 43929K, committed 45568K, reserved 491520K
  class space    used 6455K, committed 7232K, reserved 425984K
}
Event: 37.600 GC heap after
{Heap after GC invocations=12 (full 0):
 garbage-first heap   total 96256K, used 36497K [0x0000000080000000, 0x0000000100000000)
  region size 1024K, 5 young (5120K), 5 survivors (5120K)
 Metaspace       used 43929K, committed 45568K, reserved 491520K
  class space    used 6455K, committed 7232K, reserved 425984K
}
Event: 48.271 GC heap before
{Heap before GC invocations=12 (full 0):
 garbage-first heap   total 96256K, used 86673K [0x0000000080000000, 0x0000000100000000)
  region size 1024K, 54 young (55296K), 5 survivors (5120K)
 Metaspace       used 48337K, committed 50048K, reserved 491520K
  class space    used 7129K, committed 8000K, reserved 425984K
}
Event: 48.287 GC heap after
{Heap after GC invocations=13 (full 0):
 garbage-first heap   total 96256K, used 39873K [0x0000000080000000, 0x0000000100000000)
  region size 1024K, 6 young (6144K), 6 survivors (6144K)
 Metaspace       used 48337K, committed 50048K, reserved 491520K
  class space    used 7129K, committed 8000K, reserved 425984K
}
Event: 57.536 GC heap before
{Heap before GC invocations=13 (full 0):
 garbage-first heap   total 96256K, used 84929K [0x0000000080000000, 0x0000000100000000)
  region size 1024K, 51 young (52224K), 6 survivors (6144K)
 Metaspace       used 51127K, committed 52928K, reserved 491520K
  class space    used 7564K, committed 8448K, reserved 425984K
}
Event: 57.544 GC heap after
{Heap after GC invocations=14 (full 0):
 garbage-first heap   total 96256K, used 41643K [0x0000000080000000, 0x0000000100000000)
  region size 1024K, 5 young (5120K), 5 survivors (5120K)
 Metaspace       used 51127K, committed 52928K, reserved 491520K
  class space    used 7564K, committed 8448K, reserved 425984K
}

