# JRE version: OpenJDK Runtime Environment Temurin-21.0.12.1+1 (21.0.12.1+1) (build 21.0.12.1+1-LTS)
# Java VM: OpenJDK 64-Bit Server VM Temurin-21.0.12.1+1 (21.0.12.1+1-LTS, mixed mode, sharing, tiered, compressed oops, compressed class ptrs, g1 gc, windows-amd64)
GC Precious Log:
 CardTable entry size: 512
 Card Set container configuration: InlinePtr #cards 5 size 8 Array Of Cards #cards 12 size 40 Howl #buckets 4 coarsen threshold 1843 Howl Bitmap #cards 512 size 80 coarsen threshold 460 Card regions per heap region 1 cards per card region 2048
 CPUs: 12 total, 12 available
 Memory: 7832M
 Large Page Support: Disabled
 NUMA Support: Disabled
 Compressed Oops: Enabled (32-bit)
 Heap Region Size: 1M
 Heap Min Capacity: 8M
 Heap Initial Capacity: 124M
 Heap Max Capacity: 2G
 Pre-touch: Disabled
 Parallel Workers: 10
 Concurrent Workers: 3
 Concurrent Refinement Workers: 10
 Periodic GC: Disabled
Heap:
 garbage-first heap   total 106496K, used 67352K [0x0000000080000000, 0x0000000100000000)
  region size 1024K, 37 young (37888K), 6 survivors (6144K)
 Metaspace       used 47275K, committed 49024K, reserved 491520K
  class space    used 6967K, committed 7808K, reserved 425984K
GC Heap History (20 events):
Event: 0.336 GC heap before
{Heap before GC invocations=0 (full 0):
 garbage-first heap   total 126976K, used 22528K [0x0000000080000000, 0x0000000100000000)
  region size 1024K, 23 young (23552K), 0 survivors (0K)
 Metaspace       used 1081K, committed 1216K, reserved 491520K
  class space    used 81K, committed 128K, reserved 425984K
}
Event: 0.342 GC heap after
{Heap after GC invocations=1 (full 0):
 garbage-first heap   total 126976K, used 3792K [0x0000000080000000, 0x0000000100000000)
  region size 1024K, 3 young (3072K), 3 survivors (3072K)
 Metaspace       used 1081K, committed 1216K, reserved 491520K
  class space    used 81K, committed 128K, reserved 425984K
}
Event: 0.891 GC heap before
{Heap before GC invocations=1 (full 0):
 garbage-first heap   total 126976K, used 40656K [0x0000000080000000, 0x0000000100000000)
  region size 1024K, 36 young (36864K), 3 survivors (3072K)
 Metaspace       used 4384K, committed 4544K, reserved 491520K
  class space    used 558K, committed 640K, reserved 425984K
}
Event: 0.920 GC heap after
{Heap after GC invocations=2 (full 0):
 garbage-first heap   total 126976K, used 11037K [0x0000000080000000, 0x0000000100000000)
  region size 1024K, 4 young (4096K), 4 survivors (4096K)
 Metaspace       used 4384K, committed 4544K, reserved 491520K
  class space    used 558K, committed 640K, reserved 425984K
}
Event: 1.278 GC heap before
{Heap before GC invocations=2 (full 0):
 garbage-first heap   total 126976K, used 56093K [0x0000000080000000, 0x0000000100000000)
  region size 1024K, 46 young (47104K), 4 survivors (4096K)
 Metaspace       used 5305K, committed 5568K, reserved 491520K
  class space    used 721K, committed 832K, reserved 425984K
}
Event: 1.287 GC heap after
{Heap after GC invocations=3 (full 0):
 garbage-first heap   total 126976K, used 17073K [0x0000000080000000, 0x0000000100000000)
  region size 1024K, 5 young (5120K), 5 survivors (5120K)
 Metaspace       used 5305K, committed 5568K, reserved 491520K
  class space    used 721K, committed 832K, reserved 425984K
}
Event: 13.514 GC heap before
{Heap before GC invocations=3 (full 0):
 garbage-first heap   total 126976K, used 87729K [0x0000000080000000, 0x0000000100000000)
  region size 1024K, 74 young (75776K), 5 survivors (5120K)
 Metaspace       used 18055K, committed 18560K, reserved 491520K
  class space    used 2588K, committed 2816K, reserved 425984K
}
Event: 13.553 GC heap after
{Heap after GC invocations=4 (full 0):
 garbage-first heap   total 126976K, used 22567K [0x0000000080000000, 0x0000000100000000)
  region size 1024K, 10 young (10240K), 10 survivors (10240K)
 Metaspace       used 18055K, committed 18560K, reserved 491520K
  class space    used 2588K, committed 2816K, reserved 425984K
}
Event: 17.684 GC heap before
{Heap before GC invocations=4 (full 0):
 garbage-first heap   total 126976K, used 44071K [0x0000000080000000, 0x0000000100000000)
  region size 1024K, 32 young (32768K), 10 survivors (10240K)
 Metaspace       used 20808K, committed 21504K, reserved 491520K
  class space    used 3067K, committed 3392K, reserved 425984K
}
Event: 17.698 GC heap after
{Heap after GC invocations=5 (full 0):
 garbage-first heap   total 126976K, used 24973K [0x0000000080000000, 0x0000000100000000)
  region size 1024K, 3 young (3072K), 3 survivors (3072K)
 Metaspace       used 20808K, committed 21504K, reserved 491520K
  class space    used 3067K, committed 3392K, reserved 425984K
}
Event: 30.031 GC heap before
{Heap before GC invocations=6 (full 0):
 garbage-first heap   total 89088K, used 86413K [0x0000000080000000, 0x0000000100000000)
  region size 1024K, 64 young (65536K), 3 survivors (3072K)
 Metaspace       used 31040K, committed 32000K, reserved 491520K
  class space    used 4490K, committed 4928K, reserved 425984K
}
Event: 30.057 GC heap after
{Heap after GC invocations=7 (full 0):
 garbage-first heap   total 118784K, used 29722K [0x0000000080000000, 0x0000000100000000)
  region size 1024K, 7 young (7168K), 7 survivors (7168K)
 Metaspace       used 31040K, committed 32000K, reserved 491520K
  class space    used 4490K, committed 4928K, reserved 425984K
}
Event: 40.010 GC heap before
{Heap before GC invocations=7 (full 0):
 garbage-first heap   total 118784K, used 94234K [0x0000000080000000, 0x0000000100000000)
  region size 1024K, 69 young (70656K), 7 survivors (7168K)
 Metaspace       used 34870K, committed 35968K, reserved 491520K
  class space    used 4901K, committed 5440K, reserved 425984K
}
Event: 40.021 GC heap after
{Heap after GC invocations=8 (full 0):
 garbage-first heap   total 118784K, used 32160K [0x0000000080000000, 0x0000000100000000)
  region size 1024K, 4 young (4096K), 4 survivors (4096K)
 Metaspace       used 34870K, committed 35968K, reserved 491520K
  class space    used 4901K, committed 5440K, reserved 425984K
}
Event: 40.049 GC heap before
{Heap before GC invocations=8 (full 0):
 garbage-first heap   total 118784K, used 32160K [0x0000000080000000, 0x0000000100000000)
  region size 1024K, 5 young (5120K), 4 survivors (4096K)
 Metaspace       used 34871K, committed 35968K, reserved 491520K
  class space    used 4901K, committed 5440K, reserved 425984K
}
Event: 40.052 GC heap after
{Heap after GC invocations=9 (full 0):
 garbage-first heap   total 118784K, used 31688K [0x0000000080000000, 0x0000000100000000)
  region size 1024K, 3 young (3072K), 3 survivors (3072K)
 Metaspace       used 34871K, committed 35968K, reserved 491520K
  class space    used 4901K, committed 5440K, reserved 425984K
}
Event: 50.850 GC heap before
{Heap before GC invocations=10 (full 0):
 garbage-first heap   total 106496K, used 92104K [0x0000000080000000, 0x0000000100000000)
  region size 1024K, 62 young (63488K), 3 survivors (3072K)
 Metaspace       used 41661K, committed 43264K, reserved 491520K
  class space    used 6060K, committed 6848K, reserved 425984K
}
Event: 50.864 GC heap after
{Heap after GC invocations=11 (full 0):
 garbage-first heap   total 106496K, used 34629K [0x0000000080000000, 0x0000000100000000)
  region size 1024K, 6 young (6144K), 6 survivors (6144K)
 Metaspace       used 41661K, committed 43264K, reserved 491520K
  class space    used 6060K, committed 6848K, reserved 425984K
}
Event: 61.175 GC heap before
{Heap before GC invocations=11 (full 0):
 garbage-first heap   total 106496K, used 91973K [0x0000000080000000, 0x0000000100000000)
  region size 1024K, 62 young (63488K), 6 survivors (6144K)
 Metaspace       used 45465K, committed 47168K, reserved 491520K
  class space    used 6717K, committed 7552K, reserved 425984K
}
Event: 61.191 GC heap after
{Heap after GC invocations=12 (full 0):
 garbage-first heap   total 106496K, used 36632K [0x0000000080000000, 0x0000000100000000)
  region size 1024K, 6 young (6144K), 6 survivors (6144K)
 Metaspace       used 45465K, committed 47168K, reserved 491520K
  class space    used 6717K, committed 7552K, reserved 425984K
}

