# JRE version: OpenJDK Runtime Environment Temurin-21.0.12.1+1 (21.0.12.1+1) (build 21.0.12.1+1-LTS)
# Java VM: OpenJDK 64-Bit Server VM Temurin-21.0.12.1+1 (21.0.12.1+1-LTS, mixed mode, sharing, tiered, compressed oops, compressed class ptrs, g1 gc, windows-amd64)
GC Precious Log:
 CardTable entry size: 512
 Card Set container configuration: InlinePtr #cards 5 size 8 Array Of Cards #cards 12 size 40 Howl #buckets 4 coarsen threshold 1843 Howl Bitmap #cards 512 size 80 coarsen threshold 460 Card regions per heap region 1 cards per card region 2048
 CPUs: 12 total, 12 available
 Memory: 7832M
 Large Page Support: Disabled
 NUMA Support: Disabled
 Compressed Oops: Enabled (32-bit)
 Heap Region Size: 1M
 Heap Min Capacity: 8M
 Heap Initial Capacity: 124M
 Heap Max Capacity: 2G
 Pre-touch: Disabled
 Parallel Workers: 10
 Concurrent Workers: 3
 Concurrent Refinement Workers: 10
 Periodic GC: Disabled
Heap:
 garbage-first heap   total 98304K, used 34372K [0x0000000080000000, 0x0000000100000000)
  region size 1024K, 7 young (7168K), 4 survivors (4096K)
 Metaspace       used 35158K, committed 36224K, reserved 491520K
  class space    used 4977K, committed 5504K, reserved 425984K
GC Heap History (16 events):
Event: 0.359 GC heap before
{Heap before GC invocations=0 (full 0):
 garbage-first heap   total 126976K, used 22528K [0x0000000080000000, 0x0000000100000000)
  region size 1024K, 23 young (23552K), 0 survivors (0K)
 Metaspace       used 1085K, committed 1216K, reserved 491520K
  class space    used 81K, committed 128K, reserved 425984K
}
Event: 0.363 GC heap after
{Heap after GC invocations=1 (full 0):
 garbage-first heap   total 126976K, used 3870K [0x0000000080000000, 0x0000000100000000)
  region size 1024K, 3 young (3072K), 3 survivors (3072K)
 Metaspace       used 1085K, committed 1216K, reserved 491520K
  class space    used 81K, committed 128K, reserved 425984K
}
Event: 1.597 GC heap before
{Heap before GC invocations=1 (full 0):
 garbage-first heap   total 126976K, used 40734K [0x0000000080000000, 0x0000000100000000)
  region size 1024K, 36 young (36864K), 3 survivors (3072K)
 Metaspace       used 4387K, committed 4544K, reserved 491520K
  class space    used 559K, committed 640K, reserved 425984K
}
Event: 1.604 GC heap after
{Heap after GC invocations=2 (full 0):
 garbage-first heap   total 126976K, used 11295K [0x0000000080000000, 0x0000000100000000)
  region size 1024K, 5 young (5120K), 5 survivors (5120K)
 Metaspace       used 4387K, committed 4544K, reserved 491520K
  class space    used 559K, committed 640K, reserved 425984K
}
Event: 1.982 GC heap before
{Heap before GC invocations=2 (full 0):
 garbage-first heap   total 126976K, used 59423K [0x0000000080000000, 0x0000000100000000)
  region size 1024K, 50 young (51200K), 5 survivors (5120K)
 Metaspace       used 5925K, committed 6144K, reserved 491520K
  class space    used 797K, committed 896K, reserved 425984K
}
Event: 1.990 GC heap after
{Heap after GC invocations=3 (full 0):
 garbage-first heap   total 126976K, used 18081K [0x0000000080000000, 0x0000000100000000)
  region size 1024K, 6 young (6144K), 6 survivors (6144K)
 Metaspace       used 5925K, committed 6144K, reserved 491520K
  class space    used 797K, committed 896K, reserved 425984K
}
Event: 7.126 GC heap before
{Heap before GC invocations=3 (full 0):
 garbage-first heap   total 126976K, used 86689K [0x0000000080000000, 0x0000000100000000)
  region size 1024K, 74 young (75776K), 6 survivors (6144K)
 Metaspace       used 18465K, committed 19072K, reserved 491520K
  class space    used 2676K, committed 2944K, reserved 425984K
}
Event: 7.153 GC heap after
{Heap after GC invocations=4 (full 0):
 garbage-first heap   total 126976K, used 23301K [0x0000000080000000, 0x0000000100000000)
  region size 1024K, 6 young (6144K), 6 survivors (6144K)
 Metaspace       used 18465K, committed 19072K, reserved 491520K
  class space    used 2676K, committed 2944K, reserved 425984K
}
Event: 8.038 GC heap before
{Heap before GC invocations=4 (full 0):
 garbage-first heap   total 126976K, used 41733K [0x0000000080000000, 0x0000000100000000)
  region size 1024K, 25 young (25600K), 6 survivors (6144K)
 Metaspace       used 20849K, committed 21504K, reserved 491520K
  class space    used 3084K, committed 3392K, reserved 425984K
}
Event: 8.045 GC heap after
{Heap after GC invocations=5 (full 0):
 garbage-first heap   total 126976K, used 24522K [0x0000000080000000, 0x0000000100000000)
  region size 1024K, 7 young (7168K), 7 survivors (7168K)
 Metaspace       used 20849K, committed 21504K, reserved 491520K
  class space    used 3084K, committed 3392K, reserved 425984K
}
Event: 10.020 GC heap before
{Heap before GC invocations=6 (full 0):
 garbage-first heap   total 86016K, used 83914K [0x0000000080000000, 0x0000000100000000)
  region size 1024K, 66 young (67584K), 7 survivors (7168K)
 Metaspace       used 30881K, committed 31872K, reserved 491520K
  class space    used 4472K, committed 4928K, reserved 425984K
}
Event: 10.035 GC heap after
{Heap after GC invocations=7 (full 0):
 garbage-first heap   total 98304K, used 30083K [0x0000000080000000, 0x0000000100000000)
  region size 1024K, 7 young (7168K), 7 survivors (7168K)
 Metaspace       used 30881K, committed 31872K, reserved 491520K
  class space    used 4472K, committed 4928K, reserved 425984K
}
Event: 11.374 GC heap before
{Heap before GC invocations=7 (full 0):
 garbage-first heap   total 98304K, used 83331K [0x0000000080000000, 0x0000000100000000)
  region size 1024K, 57 young (58368K), 7 survivors (7168K)
 Metaspace       used 33871K, committed 34880K, reserved 491520K
  class space    used 4741K, committed 5248K, reserved 425984K
}
Event: 11.383 GC heap after
{Heap after GC invocations=8 (full 0):
 garbage-first heap   total 98304K, used 31863K [0x0000000080000000, 0x0000000100000000)
  region size 1024K, 3 young (3072K), 3 survivors (3072K)
 Metaspace       used 33871K, committed 34880K, reserved 491520K
  class space    used 4741K, committed 5248K, reserved 425984K
}
Event: 13.312 GC heap before
{Heap before GC invocations=8 (full 0):
 garbage-first heap   total 98304K, used 45175K [0x0000000080000000, 0x0000000100000000)
  region size 1024K, 17 young (17408K), 3 survivors (3072K)
 Metaspace       used 34965K, committed 35968K, reserved 491520K
  class space    used 4931K, committed 5440K, reserved 425984K
}
Event: 13.316 GC heap after
{Heap after GC invocations=9 (full 0):
 garbage-first heap   total 98304K, used 32324K [0x0000000080000000, 0x0000000100000000)
  region size 1024K, 4 young (4096K), 4 survivors (4096K)
 Metaspace       used 34965K, committed 35968K, reserved 491520K
  class space    used 4931K, committed 5440K, reserved 425984K
}

