# JRE version: OpenJDK Runtime Environment Temurin-21.0.12.1+1 (21.0.12.1+1) (build 21.0.12.1+1-LTS)
# Java VM: OpenJDK 64-Bit Server VM Temurin-21.0.12.1+1 (21.0.12.1+1-LTS, mixed mode, sharing, tiered, compressed oops, compressed class ptrs, g1 gc, windows-amd64)
GC Precious Log:
 CardTable entry size: 512
 Card Set container configuration: InlinePtr #cards 5 size 8 Array Of Cards #cards 12 size 40 Howl #buckets 4 coarsen threshold 1843 Howl Bitmap #cards 512 size 80 coarsen threshold 460 Card regions per heap region 1 cards per card region 2048
 CPUs: 12 total, 12 available
 Memory: 7832M
 Large Page Support: Disabled
 NUMA Support: Disabled
 Compressed Oops: Enabled (32-bit)
 Heap Region Size: 1M
 Heap Min Capacity: 8M
 Heap Initial Capacity: 124M
 Heap Max Capacity: 2G
 Pre-touch: Disabled
 Parallel Workers: 10
 Concurrent Workers: 3
 Concurrent Refinement Workers: 10
 Periodic GC: Disabled
Heap:
 garbage-first heap   total 157696K, used 113609K [0x0000000080000000, 0x0000000100000000)
  region size 1024K, 24 young (24576K), 4 survivors (4096K)
 Metaspace       used 90408K, committed 92672K, reserved 557056K
  class space    used 12840K, committed 13952K, reserved 425984K
GC Heap History (20 events):
Event: 282.704 GC heap before
{Heap before GC invocations=19 (full 0):
 garbage-first heap   total 115712K, used 104542K [0x0000000080000000, 0x0000000100000000)
  region size 1024K, 55 young (56320K), 6 survivors (6144K)
 Metaspace       used 71943K, committed 73984K, reserved 491520K
  class space    used 10617K, committed 11648K, reserved 425984K
}
Event: 282.801 GC heap after
{Heap after GC invocations=20 (full 0):
 garbage-first heap   total 116736K, used 59447K [0x0000000080000000, 0x0000000100000000)
  region size 1024K, 7 young (7168K), 7 survivors (7168K)
 Metaspace       used 71943K, committed 73984K, reserved 491520K
  class space    used 10617K, committed 11648K, reserved 425984K
}
Event: 302.018 GC heap before
{Heap before GC invocations=21 (full 0):
 garbage-first heap   total 116736K, used 105527K [0x0000000080000000, 0x0000000100000000)
  region size 1024K, 53 young (54272K), 7 survivors (7168K)
 Metaspace       used 72461K, committed 74496K, reserved 491520K
  class space    used 10630K, committed 11648K, reserved 425984K
}
Event: 302.056 GC heap after
{Heap after GC invocations=22 (full 0):
 garbage-first heap   total 117760K, used 62740K [0x0000000080000000, 0x0000000100000000)
  region size 1024K, 4 young (4096K), 4 survivors (4096K)
 Metaspace       used 72461K, committed 74496K, reserved 491520K
  class space    used 10630K, committed 11648K, reserved 425984K
}
Event: 303.755 GC heap before
{Heap before GC invocations=22 (full 0):
 garbage-first heap   total 117760K, used 106772K [0x0000000080000000, 0x0000000100000000)
  region size 1024K, 48 young (49152K), 4 survivors (4096K)
 Metaspace       used 72499K, committed 74560K, reserved 491520K
  class space    used 10631K, committed 11648K, reserved 425984K
}
Event: 303.798 GC heap after
{Heap after GC invocations=23 (full 0):
 garbage-first heap   total 117760K, used 64858K [0x0000000080000000, 0x0000000100000000)
  region size 1024K, 3 young (3072K), 3 survivors (3072K)
 Metaspace       used 72499K, committed 74560K, reserved 491520K
  class space    used 10631K, committed 11648K, reserved 425984K
}
Event: 313.278 GC heap before
{Heap before GC invocations=23 (full 0):
 garbage-first heap   total 117760K, used 107866K [0x0000000080000000, 0x0000000100000000)
  region size 1024K, 46 young (47104K), 3 survivors (3072K)
 Metaspace       used 72756K, committed 74816K, reserved 491520K
  class space    used 10666K, committed 11712K, reserved 425984K
}
Event: 313.291 GC heap after
{Heap after GC invocations=24 (full 0):
 garbage-first heap   total 117760K, used 65413K [0x0000000080000000, 0x0000000100000000)
  region size 1024K, 4 young (4096K), 4 survivors (4096K)
 Metaspace       used 72756K, committed 74816K, reserved 491520K
  class space    used 10666K, committed 11712K, reserved 425984K
}
Event: 326.545 GC heap before
{Heap before GC invocations=25 (full 0):
 garbage-first heap   total 117760K, used 115589K [0x0000000080000000, 0x0000000100000000)
  region size 1024K, 44 young (45056K), 4 survivors (4096K)
 Metaspace       used 74770K, committed 76928K, reserved 491520K
  class space    used 10953K, committed 12032K, reserved 425984K
}
Event: 326.631 GC heap after
{Heap after GC invocations=26 (full 0):
 garbage-first heap   total 128000K, used 81823K [0x0000000080000000, 0x0000000100000000)
  region size 1024K, 6 young (6144K), 6 survivors (6144K)
 Metaspace       used 74770K, committed 76928K, reserved 491520K
  class space    used 10953K, committed 12032K, reserved 425984K
}
Event: 334.762 GC heap before
{Heap before GC invocations=26 (full 0):
 garbage-first heap   total 128000K, used 116639K [0x0000000080000000, 0x0000000100000000)
  region size 1024K, 40 young (40960K), 6 survivors (6144K)
 Metaspace       used 77734K, committed 79808K, reserved 557056K
  class space    used 11246K, committed 12288K, reserved 425984K
}
Event: 334.803 GC heap after
{Heap after GC invocations=27 (full 0):
 garbage-first heap   total 128000K, used 84313K [0x0000000080000000, 0x0000000100000000)
  region size 1024K, 2 young (2048K), 2 survivors (2048K)
 Metaspace       used 77734K, committed 79808K, reserved 557056K
  class space    used 11246K, committed 12288K, reserved 425984K
}
Event: 342.081 GC heap before
{Heap before GC invocations=27 (full 0):
 garbage-first heap   total 128000K, used 117081K [0x0000000080000000, 0x0000000100000000)
  region size 1024K, 34 young (34816K), 2 survivors (2048K)
 Metaspace       used 80854K, committed 82944K, reserved 557056K
  class space    used 11573K, committed 12608K, reserved 425984K
}
Event: 342.258 GC heap after
{Heap after GC invocations=28 (full 0):
 garbage-first heap   total 128000K, used 85049K [0x0000000080000000, 0x0000000100000000)
  region size 1024K, 3 young (3072K), 3 survivors (3072K)
 Metaspace       used 80854K, committed 82944K, reserved 557056K
  class space    used 11573K, committed 12608K, reserved 425984K
}
Event: 348.390 GC heap before
{Heap before GC invocations=29 (full 0):
 garbage-first heap   total 143360K, used 123961K [0x0000000080000000, 0x0000000100000000)
  region size 1024K, 36 young (36864K), 3 survivors (3072K)
 Metaspace       used 83269K, committed 85376K, reserved 557056K
  class space    used 11879K, committed 12928K, reserved 425984K
}
Event: 348.398 GC heap after
{Heap after GC invocations=30 (full 0):
 garbage-first heap   total 143360K, used 90535K [0x0000000080000000, 0x0000000100000000)
  region size 1024K, 5 young (5120K), 5 survivors (5120K)
 Metaspace       used 83269K, committed 85376K, reserved 557056K
  class space    used 11879K, committed 12928K, reserved 425984K
}
Event: 358.194 GC heap before
{Heap before GC invocations=30 (full 0):
 garbage-first heap   total 143360K, used 130471K [0x0000000080000000, 0x0000000100000000)
  region size 1024K, 44 young (45056K), 5 survivors (5120K)
 Metaspace       used 86157K, committed 88320K, reserved 557056K
  class space    used 12248K, committed 13312K, reserved 425984K
}
Event: 358.219 GC heap after
{Heap after GC invocations=31 (full 0):
 garbage-first heap   total 143360K, used 92287K [0x0000000080000000, 0x0000000100000000)
  region size 1024K, 5 young (5120K), 5 survivors (5120K)
 Metaspace       used 86157K, committed 88320K, reserved 557056K
  class space    used 12248K, committed 13312K, reserved 425984K
}
Event: 368.648 GC heap before
{Heap before GC invocations=31 (full 0):
 garbage-first heap   total 143360K, used 132223K [0x0000000080000000, 0x0000000100000000)
  region size 1024K, 44 young (45056K), 5 survivors (5120K)
 Metaspace       used 89396K, committed 91520K, reserved 557056K
  class space    used 12679K, committed 13760K, reserved 425984K
}
Event: 368.672 GC heap after
{Heap after GC invocations=32 (full 0):
 garbage-first heap   total 143360K, used 94153K [0x0000000080000000, 0x0000000100000000)
  region size 1024K, 4 young (4096K), 4 survivors (4096K)
 Metaspace       used 89396K, committed 91520K, reserved 557056K
  class space    used 12679K, committed 13760K, reserved 425984K
}

