# JRE version: OpenJDK Runtime Environment Temurin-21.0.12.1+1 (21.0.12.1+1) (build 21.0.12.1+1-LTS)
# Java VM: OpenJDK 64-Bit Server VM Temurin-21.0.12.1+1 (21.0.12.1+1-LTS, mixed mode, sharing, tiered, compressed oops, compressed class ptrs, g1 gc, windows-amd64)
GC Precious Log:
 CardTable entry size: 512
 Card Set container configuration: InlinePtr #cards 5 size 8 Array Of Cards #cards 12 size 40 Howl #buckets 4 coarsen threshold 1843 Howl Bitmap #cards 512 size 80 coarsen threshold 460 Card regions per heap region 1 cards per card region 2048
 CPUs: 12 total, 12 available
 Memory: 7832M
 Large Page Support: Disabled
 NUMA Support: Disabled
 Compressed Oops: Enabled (32-bit)
 Heap Region Size: 1M
 Heap Min Capacity: 8M
 Heap Initial Capacity: 124M
 Heap Max Capacity: 2G
 Pre-touch: Disabled
 Parallel Workers: 10
 Concurrent Workers: 3
 Concurrent Refinement Workers: 10
 Periodic GC: Disabled
Heap:
 garbage-first heap   total 97280K, used 85649K [0x0000000080000000, 0x0000000100000000)
  region size 1024K, 39 young (39936K), 6 survivors (6144K)
 Metaspace       used 68674K, committed 70656K, reserved 491520K
  class space    used 10089K, committed 11072K, reserved 425984K
GC Heap History (20 events):
Event: 54.829 GC heap before
{Heap before GC invocations=8 (full 0):
 garbage-first heap   total 93184K, used 46806K [0x0000000080000000, 0x0000000100000000)
  region size 1024K, 19 young (19456K), 3 survivors (3072K)
 Metaspace       used 34950K, committed 35968K, reserved 491520K
  class space    used 4920K, committed 5440K, reserved 425984K
}
Event: 54.833 GC heap after
{Heap after GC invocations=9 (full 0):
 garbage-first heap   total 93184K, used 32173K [0x0000000080000000, 0x0000000100000000)
  region size 1024K, 4 young (4096K), 4 survivors (4096K)
 Metaspace       used 34950K, committed 35968K, reserved 491520K
  class space    used 4920K, committed 5440K, reserved 425984K
}
Event: 57.107 GC heap before
{Heap before GC invocations=10 (full 0):
 garbage-first heap   total 93184K, used 80301K [0x0000000080000000, 0x0000000100000000)
  region size 1024K, 51 young (52224K), 4 survivors (4096K)
 Metaspace       used 40314K, committed 41856K, reserved 491520K
  class space    used 5841K, committed 6592K, reserved 425984K
}
Event: 57.112 GC heap after
{Heap after GC invocations=11 (full 0):
 garbage-first heap   total 93184K, used 33911K [0x0000000080000000, 0x0000000100000000)
  region size 1024K, 6 young (6144K), 6 survivors (6144K)
 Metaspace       used 40314K, committed 41856K, reserved 491520K
  class space    used 5841K, committed 6592K, reserved 425984K
}
Event: 68.191 GC heap before
{Heap before GC invocations=11 (full 0):
 garbage-first heap   total 93184K, used 81015K [0x0000000080000000, 0x0000000100000000)
  region size 1024K, 52 young (53248K), 6 survivors (6144K)
 Metaspace       used 43158K, committed 44800K, reserved 491520K
  class space    used 6318K, committed 7104K, reserved 425984K
}
Event: 68.207 GC heap after
{Heap after GC invocations=12 (full 0):
 garbage-first heap   total 93184K, used 35375K [0x0000000080000000, 0x0000000100000000)
  region size 1024K, 5 young (5120K), 5 survivors (5120K)
 Metaspace       used 43158K, committed 44800K, reserved 491520K
  class space    used 6318K, committed 7104K, reserved 425984K
}
Event: 76.240 GC heap before
{Heap before GC invocations=12 (full 0):
 garbage-first heap   total 93184K, used 83503K [0x0000000080000000, 0x0000000100000000)
  region size 1024K, 52 young (53248K), 5 survivors (5120K)
 Metaspace       used 47822K, committed 49536K, reserved 491520K
  class space    used 7054K, committed 7872K, reserved 425984K
}
Event: 76.251 GC heap after
{Heap after GC invocations=13 (full 0):
 garbage-first heap   total 93184K, used 38400K [0x0000000080000000, 0x0000000100000000)
  region size 1024K, 5 young (5120K), 5 survivors (5120K)
 Metaspace       used 47822K, committed 49536K, reserved 491520K
  class space    used 7054K, committed 7872K, reserved 425984K
}
Event: 91.725 GC heap before
{Heap before GC invocations=13 (full 0):
 garbage-first heap   total 93184K, used 82432K [0x0000000080000000, 0x0000000100000000)
  region size 1024K, 49 young (50176K), 5 survivors (5120K)
 Metaspace       used 50319K, committed 52096K, reserved 491520K
  class space    used 7427K, committed 8320K, reserved 425984K
}
Event: 91.737 GC heap after
{Heap after GC invocations=14 (full 0):
 garbage-first heap   total 93184K, used 39987K [0x0000000080000000, 0x0000000100000000)
  region size 1024K, 5 young (5120K), 5 survivors (5120K)
 Metaspace       used 50319K, committed 52096K, reserved 491520K
  class space    used 7427K, committed 8320K, reserved 425984K
}
Event: 98.705 GC heap before
{Heap before GC invocations=14 (full 0):
 garbage-first heap   total 93184K, used 88115K [0x0000000080000000, 0x0000000100000000)
  region size 1024K, 48 young (49152K), 5 survivors (5120K)
 Metaspace       used 54400K, committed 56320K, reserved 491520K
  class space    used 8079K, committed 9024K, reserved 425984K
}
Event: 98.715 GC heap after
{Heap after GC invocations=15 (full 0):
 garbage-first heap   total 96256K, used 46567K [0x0000000080000000, 0x0000000100000000)
  region size 1024K, 5 young (5120K), 5 survivors (5120K)
 Metaspace       used 54400K, committed 56320K, reserved 491520K
  class space    used 8079K, committed 9024K, reserved 425984K
}
Event: 99.928 GC heap before
{Heap before GC invocations=15 (full 0):
 garbage-first heap   total 96256K, used 76263K [0x0000000080000000, 0x0000000100000000)
  region size 1024K, 35 young (35840K), 5 survivors (5120K)
 Metaspace       used 58178K, committed 60096K, reserved 491520K
  class space    used 8553K, committed 9472K, reserved 425984K
}
Event: 99.939 GC heap after
{Heap after GC invocations=16 (full 0):
 garbage-first heap   total 96256K, used 47642K [0x0000000080000000, 0x0000000100000000)
  region size 1024K, 4 young (4096K), 4 survivors (4096K)
 Metaspace       used 58178K, committed 60096K, reserved 491520K
  class space    used 8553K, committed 9472K, reserved 425984K
}
Event: 101.603 GC heap before
{Heap before GC invocations=17 (full 0):
 garbage-first heap   total 96256K, used 88602K [0x0000000080000000, 0x0000000100000000)
  region size 1024K, 44 young (45056K), 4 survivors (4096K)
 Metaspace       used 61457K, committed 63424K, reserved 491520K
  class space    used 9047K, committed 9984K, reserved 425984K
}
Event: 101.611 GC heap after
{Heap after GC invocations=18 (full 0):
 garbage-first heap   total 96256K, used 49379K [0x0000000080000000, 0x0000000100000000)
  region size 1024K, 3 young (3072K), 3 survivors (3072K)
 Metaspace       used 61457K, committed 63424K, reserved 491520K
  class space    used 9047K, committed 9984K, reserved 425984K
}
Event: 103.168 GC heap before
{Heap before GC invocations=18 (full 0):
 garbage-first heap   total 96256K, used 89315K [0x0000000080000000, 0x0000000100000000)
  region size 1024K, 42 young (43008K), 3 survivors (3072K)
 Metaspace       used 64058K, committed 65984K, reserved 491520K
  class space    used 9407K, committed 10368K, reserved 425984K
}
Event: 103.174 GC heap after
{Heap after GC invocations=19 (full 0):
 garbage-first heap   total 96256K, used 50622K [0x0000000080000000, 0x0000000100000000)
  region size 1024K, 4 young (4096K), 4 survivors (4096K)
 Metaspace       used 64058K, committed 65984K, reserved 491520K
  class space    used 9407K, committed 10368K, reserved 425984K
}
Event: 107.678 GC heap before
{Heap before GC invocations=19 (full 0):
 garbage-first heap   total 96256K, used 89534K [0x0000000080000000, 0x0000000100000000)
  region size 1024K, 42 young (43008K), 4 survivors (4096K)
 Metaspace       used 66323K, committed 68288K, reserved 491520K
  class space    used 9736K, committed 10688K, reserved 425984K
}
Event: 107.686 GC heap after
{Heap after GC invocations=20 (full 0):
 garbage-first heap   total 97280K, used 52881K [0x0000000080000000, 0x0000000100000000)
  region size 1024K, 6 young (6144K), 6 survivors (6144K)
 Metaspace       used 66323K, committed 68288K, reserved 491520K
  class space    used 9736K, committed 10688K, reserved 425984K
}

