# JRE version: OpenJDK Runtime Environment Temurin-21.0.12.1+1 (21.0.12.1+1) (build 21.0.12.1+1-LTS)
# Java VM: OpenJDK 64-Bit Server VM Temurin-21.0.12.1+1 (21.0.12.1+1-LTS, mixed mode, sharing, tiered, compressed oops, compressed class ptrs, g1 gc, windows-amd64)
GC Precious Log:
 CardTable entry size: 512
 Card Set container configuration: InlinePtr #cards 5 size 8 Array Of Cards #cards 12 size 40 Howl #buckets 4 coarsen threshold 1843 Howl Bitmap #cards 512 size 80 coarsen threshold 460 Card regions per heap region 1 cards per card region 2048
 CPUs: 12 total, 12 available
 Memory: 7832M
 Large Page Support: Disabled
 NUMA Support: Disabled
 Compressed Oops: Enabled (32-bit)
 Heap Region Size: 1M
 Heap Min Capacity: 8M
 Heap Initial Capacity: 124M
 Heap Max Capacity: 2G
 Pre-touch: Disabled
 Parallel Workers: 10
 Concurrent Workers: 3
 Concurrent Refinement Workers: 10
 Periodic GC: Disabled
Heap:
 garbage-first heap   total 118784K, used 43406K [0x0000000080000000, 0x0000000100000000)
  region size 1024K, 14 young (14336K), 6 survivors (6144K)
 Metaspace       used 46675K, committed 48384K, reserved 491520K
  class space    used 6897K, committed 7744K, reserved 425984K
GC Heap History (20 events):
Event: 0.741 GC heap before
{Heap before GC invocations=0 (full 0):
 garbage-first heap   total 126976K, used 22528K [0x0000000080000000, 0x0000000100000000)
  region size 1024K, 23 young (23552K), 0 survivors (0K)
 Metaspace       used 1077K, committed 1216K, reserved 491520K
  class space    used 81K, committed 128K, reserved 425984K
}
Event: 0.747 GC heap after
{Heap after GC invocations=1 (full 0):
 garbage-first heap   total 126976K, used 3892K [0x0000000080000000, 0x0000000100000000)
  region size 1024K, 3 young (3072K), 3 survivors (3072K)
 Metaspace       used 1077K, committed 1216K, reserved 491520K
  class space    used 81K, committed 128K, reserved 425984K
}
Event: 1.766 GC heap before
{Heap before GC invocations=1 (full 0):
 garbage-first heap   total 126976K, used 40756K [0x0000000080000000, 0x0000000100000000)
  region size 1024K, 36 young (36864K), 3 survivors (3072K)
 Metaspace       used 4383K, committed 4544K, reserved 491520K
  class space    used 558K, committed 640K, reserved 425984K
}
Event: 1.777 GC heap after
{Heap after GC invocations=2 (full 0):
 garbage-first heap   total 126976K, used 11360K [0x0000000080000000, 0x0000000100000000)
  region size 1024K, 5 young (5120K), 5 survivors (5120K)
 Metaspace       used 4383K, committed 4544K, reserved 491520K
  class space    used 558K, committed 640K, reserved 425984K
}
Event: 2.571 GC heap before
{Heap before GC invocations=2 (full 0):
 garbage-first heap   total 126976K, used 59488K [0x0000000080000000, 0x0000000100000000)
  region size 1024K, 50 young (51200K), 5 survivors (5120K)
 Metaspace       used 5972K, committed 6208K, reserved 491520K
  class space    used 801K, committed 896K, reserved 425984K
}
Event: 2.587 GC heap after
{Heap after GC invocations=3 (full 0):
 garbage-first heap   total 126976K, used 18681K [0x0000000080000000, 0x0000000100000000)
  region size 1024K, 6 young (6144K), 6 survivors (6144K)
 Metaspace       used 5972K, committed 6208K, reserved 491520K
  class space    used 801K, committed 896K, reserved 425984K
}
Event: 9.842 GC heap before
{Heap before GC invocations=3 (full 0):
 garbage-first heap   total 126976K, used 87289K [0x0000000080000000, 0x0000000100000000)
  region size 1024K, 74 young (75776K), 6 survivors (6144K)
 Metaspace       used 18455K, committed 19072K, reserved 491520K
  class space    used 2674K, committed 2944K, reserved 425984K
}
Event: 9.859 GC heap after
{Heap after GC invocations=4 (full 0):
 garbage-first heap   total 126976K, used 23966K [0x0000000080000000, 0x0000000100000000)
  region size 1024K, 6 young (6144K), 6 survivors (6144K)
 Metaspace       used 18455K, committed 19072K, reserved 491520K
  class space    used 2674K, committed 2944K, reserved 425984K
}
Event: 10.905 GC heap before
{Heap before GC invocations=4 (full 0):
 garbage-first heap   total 126976K, used 43422K [0x0000000080000000, 0x0000000100000000)
  region size 1024K, 26 young (26624K), 6 survivors (6144K)
 Metaspace       used 20851K, committed 21504K, reserved 491520K
  class space    used 3084K, committed 3392K, reserved 425984K
}
Event: 10.912 GC heap after
{Heap after GC invocations=5 (full 0):
 garbage-first heap   total 126976K, used 24935K [0x0000000080000000, 0x0000000100000000)
  region size 1024K, 7 young (7168K), 7 survivors (7168K)
 Metaspace       used 20851K, committed 21504K, reserved 491520K
  class space    used 3084K, committed 3392K, reserved 425984K
}
Event: 14.588 GC heap before
{Heap before GC invocations=6 (full 0):
 garbage-first heap   total 86016K, used 84327K [0x0000000080000000, 0x0000000100000000)
  region size 1024K, 66 young (67584K), 7 survivors (7168K)
 Metaspace       used 30962K, committed 31872K, reserved 491520K
  class space    used 4485K, committed 4928K, reserved 425984K
}
Event: 14.603 GC heap after
{Heap after GC invocations=7 (full 0):
 garbage-first heap   total 98304K, used 29861K [0x0000000080000000, 0x0000000100000000)
  region size 1024K, 7 young (7168K), 7 survivors (7168K)
 Metaspace       used 30962K, committed 31872K, reserved 491520K
  class space    used 4485K, committed 4928K, reserved 425984K
}
Event: 15.774 GC heap before
{Heap before GC invocations=7 (full 0):
 garbage-first heap   total 98304K, used 82085K [0x0000000080000000, 0x0000000100000000)
  region size 1024K, 57 young (58368K), 7 survivors (7168K)
 Metaspace       used 33945K, committed 35008K, reserved 491520K
  class space    used 4756K, committed 5248K, reserved 425984K
}
Event: 15.783 GC heap after
{Heap after GC invocations=8 (full 0):
 garbage-first heap   total 98304K, used 32446K [0x0000000080000000, 0x0000000100000000)
  region size 1024K, 4 young (4096K), 4 survivors (4096K)
 Metaspace       used 33945K, committed 35008K, reserved 491520K
  class space    used 4756K, committed 5248K, reserved 425984K
}
Event: 17.421 GC heap before
{Heap before GC invocations=8 (full 0):
 garbage-first heap   total 98304K, used 46782K [0x0000000080000000, 0x0000000100000000)
  region size 1024K, 19 young (19456K), 4 survivors (4096K)
 Metaspace       used 35050K, committed 36096K, reserved 491520K
  class space    used 4956K, committed 5440K, reserved 425984K
}
Event: 17.426 GC heap after
{Heap after GC invocations=9 (full 0):
 garbage-first heap   total 98304K, used 31885K [0x0000000080000000, 0x0000000100000000)
  region size 1024K, 3 young (3072K), 3 survivors (3072K)
 Metaspace       used 35050K, committed 36096K, reserved 491520K
  class space    used 4956K, committed 5440K, reserved 425984K
}
Event: 21.038 GC heap before
{Heap before GC invocations=10 (full 0):
 garbage-first heap   total 98304K, used 86157K [0x0000000080000000, 0x0000000100000000)
  region size 1024K, 56 young (57344K), 3 survivors (3072K)
 Metaspace       used 41181K, committed 42752K, reserved 491520K
  class space    used 5994K, committed 6720K, reserved 425984K
}
Event: 21.045 GC heap after
{Heap after GC invocations=11 (full 0):
 garbage-first heap   total 118784K, used 34228K [0x0000000080000000, 0x0000000100000000)
  region size 1024K, 6 young (6144K), 6 survivors (6144K)
 Metaspace       used 41181K, committed 42752K, reserved 491520K
  class space    used 5994K, committed 6720K, reserved 425984K
}
Event: 27.253 GC heap before
{Heap before GC invocations=11 (full 0):
 garbage-first heap   total 118784K, used 98740K [0x0000000080000000, 0x0000000100000000)
  region size 1024K, 69 young (70656K), 6 survivors (6144K)
 Metaspace       used 45785K, committed 47488K, reserved 491520K
  class space    used 6774K, committed 7616K, reserved 425984K
}
Event: 27.263 GC heap after
{Heap after GC invocations=12 (full 0):
 garbage-first heap   total 118784K, used 36238K [0x0000000080000000, 0x0000000100000000)
  region size 1024K, 6 young (6144K), 6 survivors (6144K)
 Metaspace       used 45785K, committed 47488K, reserved 491520K
  class space    used 6774K, committed 7616K, reserved 425984K
}

