# JRE version: OpenJDK Runtime Environment Temurin-21.0.12.1+1 (21.0.12.1+1) (build 21.0.12.1+1-LTS)
# Java VM: OpenJDK 64-Bit Server VM Temurin-21.0.12.1+1 (21.0.12.1+1-LTS, mixed mode, sharing, tiered, compressed oops, compressed class ptrs, g1 gc, windows-amd64)
GC Precious Log:
 CardTable entry size: 512
 Card Set container configuration: InlinePtr #cards 5 size 8 Array Of Cards #cards 12 size 40 Howl #buckets 4 coarsen threshold 1843 Howl Bitmap #cards 512 size 80 coarsen threshold 460 Card regions per heap region 1 cards per card region 2048
 CPUs: 12 total, 12 available
 Memory: 7832M
 Large Page Support: Disabled
 NUMA Support: Disabled
 Compressed Oops: Enabled (32-bit)
 Heap Region Size: 1M
 Heap Min Capacity: 8M
 Heap Initial Capacity: 124M
 Heap Max Capacity: 2G
 Pre-touch: Disabled
 Parallel Workers: 10
 Concurrent Workers: 3
 Concurrent Refinement Workers: 10
 Periodic GC: Disabled
Heap:
 garbage-first heap   total 147456K, used 90081K [0x0000000080000000, 0x0000000100000000)
  region size 1024K, 6 young (6144K), 6 survivors (6144K)
 Metaspace       used 82185K, committed 84288K, reserved 557056K
  class space    used 11697K, committed 12736K, reserved 425984K
GC Heap History (20 events):
Event: 128.906 GC heap before
{Heap before GC invocations=16 (full 0):
 garbage-first heap   total 112640K, used 100123K [0x0000000080000000, 0x0000000100000000)
  region size 1024K, 56 young (57344K), 5 survivors (5120K)
 Metaspace       used 62263K, committed 64128K, reserved 491520K
  class space    used 9137K, committed 10048K, reserved 425984K
}
Event: 128.921 GC heap after
{Heap after GC invocations=17 (full 0):
 garbage-first heap   total 112640K, used 49787K [0x0000000080000000, 0x0000000100000000)
  region size 1024K, 4 young (4096K), 4 survivors (4096K)
 Metaspace       used 62263K, committed 64128K, reserved 491520K
  class space    used 9137K, committed 10048K, reserved 425984K
}
Event: 142.043 GC heap before
{Heap before GC invocations=17 (full 0):
 garbage-first heap   total 112640K, used 100987K [0x0000000080000000, 0x0000000100000000)
  region size 1024K, 54 young (55296K), 4 survivors (4096K)
 Metaspace       used 65744K, committed 67648K, reserved 491520K
  class space    used 9626K, committed 10560K, reserved 425984K
}
Event: 142.055 GC heap after
{Heap after GC invocations=18 (full 0):
 garbage-first heap   total 112640K, used 52211K [0x0000000080000000, 0x0000000100000000)
  region size 1024K, 6 young (6144K), 6 survivors (6144K)
 Metaspace       used 65744K, committed 67648K, reserved 491520K
  class space    used 9626K, committed 10560K, reserved 425984K
}
Event: 151.660 GC heap before
{Heap before GC invocations=18 (full 0):
 garbage-first heap   total 112640K, used 101363K [0x0000000080000000, 0x0000000100000000)
  region size 1024K, 55 young (56320K), 6 survivors (6144K)
 Metaspace       used 68730K, committed 70656K, reserved 491520K
  class space    used 10063K, committed 11008K, reserved 425984K
}
Event: 151.692 GC heap after
{Heap after GC invocations=19 (full 0):
 garbage-first heap   total 112640K, used 55053K [0x0000000080000000, 0x0000000100000000)
  region size 1024K, 6 young (6144K), 6 survivors (6144K)
 Metaspace       used 68730K, committed 70656K, reserved 491520K
  class space    used 10063K, committed 11008K, reserved 425984K
}
Event: 474.060 GC heap before
{Heap before GC invocations=19 (full 0):
 garbage-first heap   total 112640K, used 102157K [0x0000000080000000, 0x0000000100000000)
  region size 1024K, 52 young (53248K), 6 survivors (6144K)
 Metaspace       used 70918K, committed 73024K, reserved 491520K
  class space    used 10455K, committed 11456K, reserved 425984K
}
Event: 474.119 GC heap after
{Heap after GC invocations=20 (full 0):
 garbage-first heap   total 112640K, used 56829K [0x0000000080000000, 0x0000000100000000)
  region size 1024K, 5 young (5120K), 5 survivors (5120K)
 Metaspace       used 70918K, committed 73024K, reserved 491520K
  class space    used 10455K, committed 11456K, reserved 425984K
}
Event: 483.029 GC heap before
{Heap before GC invocations=21 (full 0):
 garbage-first heap   total 112640K, used 103933K [0x0000000080000000, 0x0000000100000000)
  region size 1024K, 51 young (52224K), 5 survivors (5120K)
 Metaspace       used 72187K, committed 74304K, reserved 491520K
  class space    used 10597K, committed 11648K, reserved 425984K
}
Event: 483.051 GC heap after
{Heap after GC invocations=22 (full 0):
 garbage-first heap   total 114688K, used 62309K [0x0000000080000000, 0x0000000100000000)
  region size 1024K, 7 young (7168K), 7 survivors (7168K)
 Metaspace       used 72187K, committed 74304K, reserved 491520K
  class space    used 10597K, committed 11648K, reserved 425984K
}
Event: 484.354 GC heap before
{Heap before GC invocations=22 (full 0):
 garbage-first heap   total 114688K, used 103269K [0x0000000080000000, 0x0000000100000000)
  region size 1024K, 48 young (49152K), 7 survivors (7168K)
 Metaspace       used 72383K, committed 74496K, reserved 491520K
  class space    used 10599K, committed 11648K, reserved 425984K
}
Event: 484.379 GC heap after
{Heap after GC invocations=23 (full 0):
 garbage-first heap   total 115712K, used 65059K [0x0000000080000000, 0x0000000100000000)
  region size 1024K, 3 young (3072K), 3 survivors (3072K)
 Metaspace       used 72383K, committed 74496K, reserved 491520K
  class space    used 10599K, committed 11648K, reserved 425984K
}
Event: 484.959 GC heap before
{Heap before GC invocations=23 (full 0):
 garbage-first heap   total 115712K, used 104995K [0x0000000080000000, 0x0000000100000000)
  region size 1024K, 43 young (44032K), 3 survivors (3072K)
 Metaspace       used 72392K, committed 74496K, reserved 491520K
  class space    used 10599K, committed 11648K, reserved 425984K
}
Event: 484.967 GC heap after
{Heap after GC invocations=24 (full 0):
 garbage-first heap   total 139264K, used 66285K [0x0000000080000000, 0x0000000100000000)
  region size 1024K, 4 young (4096K), 4 survivors (4096K)
 Metaspace       used 72392K, committed 74496K, reserved 491520K
  class space    used 10599K, committed 11648K, reserved 425984K
}
Event: 491.332 GC heap before
{Heap before GC invocations=25 (full 0):
 garbage-first heap   total 139264K, used 134893K [0x0000000080000000, 0x0000000100000000)
  region size 1024K, 63 young (64512K), 4 survivors (4096K)
 Metaspace       used 73886K, committed 75968K, reserved 491520K
  class space    used 10795K, committed 11840K, reserved 425984K
}
Event: 491.345 GC heap after
{Heap after GC invocations=26 (full 0):
 garbage-first heap   total 147456K, used 81884K [0x0000000080000000, 0x0000000100000000)
  region size 1024K, 8 young (8192K), 8 survivors (8192K)
 Metaspace       used 73886K, committed 75968K, reserved 491520K
  class space    used 10795K, committed 11840K, reserved 425984K
}
Event: 494.554 GC heap before
{Heap before GC invocations=26 (full 0):
 garbage-first heap   total 147456K, used 133084K [0x0000000080000000, 0x0000000100000000)
  region size 1024K, 57 young (58368K), 8 survivors (8192K)
 Metaspace       used 78113K, committed 80256K, reserved 557056K
  class space    used 11275K, committed 12352K, reserved 425984K
}
Event: 494.563 GC heap after
{Heap after GC invocations=27 (full 0):
 garbage-first heap   total 147456K, used 86519K [0x0000000080000000, 0x0000000100000000)
  region size 1024K, 3 young (3072K), 3 survivors (3072K)
 Metaspace       used 78113K, committed 80256K, reserved 557056K
  class space    used 11275K, committed 12352K, reserved 425984K
}
Event: 497.627 GC heap before
{Heap before GC invocations=27 (full 0):
 garbage-first heap   total 147456K, used 121335K [0x0000000080000000, 0x0000000100000000)
  region size 1024K, 38 young (38912K), 3 survivors (3072K)
 Metaspace       used 82185K, committed 84288K, reserved 557056K
  class space    used 11697K, committed 12736K, reserved 425984K
}
Event: 497.633 GC heap after
{Heap after GC invocations=28 (full 0):
 garbage-first heap   total 147456K, used 89057K [0x0000000080000000, 0x0000000100000000)
  region size 1024K, 6 young (6144K), 6 survivors (6144K)
 Metaspace       used 82185K, committed 84288K, reserved 557056K
  class space    used 11697K, committed 12736K, reserved 425984K
}

