# JRE version: OpenJDK Runtime Environment Temurin-21.0.12.1+1 (21.0.12.1+1) (build 21.0.12.1+1-LTS)
# Java VM: OpenJDK 64-Bit Server VM Temurin-21.0.12.1+1 (21.0.12.1+1-LTS, mixed mode, sharing, tiered, compressed oops, compressed class ptrs, g1 gc, windows-amd64)
GC Precious Log:
 CardTable entry size: 512
 Card Set container configuration: InlinePtr #cards 5 size 8 Array Of Cards #cards 12 size 40 Howl #buckets 4 coarsen threshold 1843 Howl Bitmap #cards 512 size 80 coarsen threshold 460 Card regions per heap region 1 cards per card region 2048
 CPUs: 12 total, 12 available
 Memory: 7832M
 Large Page Support: Disabled
 NUMA Support: Disabled
 Compressed Oops: Enabled (32-bit)
 Heap Region Size: 1M
 Heap Min Capacity: 8M
 Heap Initial Capacity: 124M
 Heap Max Capacity: 2G
 Pre-touch: Disabled
 Parallel Workers: 10
 Concurrent Workers: 3
 Concurrent Refinement Workers: 10
 Periodic GC: Disabled
Heap:
 garbage-first heap   total 150528K, used 98346K [0x0000000080000000, 0x0000000100000000)
  region size 1024K, 15 young (15360K), 5 survivors (5120K)
 Metaspace       used 81924K, committed 84032K, reserved 557056K
  class space    used 11716K, committed 12736K, reserved 425984K
GC Heap History (20 events):
Event: 155.524 GC heap before
{Heap before GC invocations=19 (full 0):
 garbage-first heap   total 118784K, used 109540K [0x0000000080000000, 0x0000000100000000)
  region size 1024K, 64 young (65536K), 4 survivors (4096K)
 Metaspace       used 62772K, committed 64640K, reserved 491520K
  class space    used 9226K, committed 10176K, reserved 425984K
}
Event: 155.543 GC heap after
{Heap after GC invocations=20 (full 0):
 garbage-first heap   total 118784K, used 49950K [0x0000000080000000, 0x0000000100000000)
  region size 1024K, 5 young (5120K), 5 survivors (5120K)
 Metaspace       used 62772K, committed 64640K, reserved 491520K
  class space    used 9226K, committed 10176K, reserved 425984K
}
Event: 169.057 GC heap before
{Heap before GC invocations=20 (full 0):
 garbage-first heap   total 118784K, used 111390K [0x0000000080000000, 0x0000000100000000)
  region size 1024K, 65 young (66560K), 5 survivors (5120K)
 Metaspace       used 66498K, committed 68416K, reserved 491520K
  class space    used 9748K, committed 10688K, reserved 425984K
}
Event: 169.080 GC heap after
{Heap after GC invocations=21 (full 0):
 garbage-first heap   total 119808K, used 52210K [0x0000000080000000, 0x0000000100000000)
  region size 1024K, 6 young (6144K), 6 survivors (6144K)
 Metaspace       used 66498K, committed 68416K, reserved 491520K
  class space    used 9748K, committed 10688K, reserved 425984K
}
Event: 280.249 GC heap before
{Heap before GC invocations=21 (full 0):
 garbage-first heap   total 119808K, used 111602K [0x0000000080000000, 0x0000000100000000)
  region size 1024K, 64 young (65536K), 6 survivors (6144K)
 Metaspace       used 69748K, committed 71808K, reserved 491520K
  class space    used 10231K, committed 11264K, reserved 425984K
}
Event: 280.321 GC heap after
{Heap after GC invocations=22 (full 0):
 garbage-first heap   total 121856K, used 55405K [0x0000000080000000, 0x0000000100000000)
  region size 1024K, 7 young (7168K), 7 survivors (7168K)
 Metaspace       used 69748K, committed 71808K, reserved 491520K
  class space    used 10231K, committed 11264K, reserved 425984K
}
Event: 349.735 GC heap before
{Heap before GC invocations=22 (full 0):
 garbage-first heap   total 121856K, used 112749K [0x0000000080000000, 0x0000000100000000)
  region size 1024K, 63 young (64512K), 7 survivors (7168K)
 Metaspace       used 71323K, committed 73472K, reserved 491520K
  class space    used 10449K, committed 11520K, reserved 425984K
}
Event: 349.849 GC heap after
{Heap after GC invocations=23 (full 0):
 garbage-first heap   total 124928K, used 59704K [0x0000000080000000, 0x0000000100000000)
  region size 1024K, 8 young (8192K), 8 survivors (8192K)
 Metaspace       used 71323K, committed 73472K, reserved 491520K
  class space    used 10449K, committed 11520K, reserved 425984K
}
Event: 373.220 GC heap before
{Heap before GC invocations=24 (full 0):
 garbage-first heap   total 124928K, used 113976K [0x0000000080000000, 0x0000000100000000)
  region size 1024K, 62 young (63488K), 8 survivors (8192K)
 Metaspace       used 73256K, committed 75328K, reserved 491520K
  class space    used 10739K, committed 11776K, reserved 425984K
}
Event: 373.310 GC heap after
{Heap after GC invocations=25 (full 0):
 garbage-first heap   total 130048K, used 65587K [0x0000000080000000, 0x0000000100000000)
  region size 1024K, 8 young (8192K), 8 survivors (8192K)
 Metaspace       used 73256K, committed 75328K, reserved 491520K
  class space    used 10739K, committed 11776K, reserved 425984K
}
Event: 375.868 GC heap before
{Heap before GC invocations=25 (full 0):
 garbage-first heap   total 130048K, used 115763K [0x0000000080000000, 0x0000000100000000)
  region size 1024K, 58 young (59392K), 8 survivors (8192K)
 Metaspace       used 73435K, committed 75520K, reserved 491520K
  class space    used 10741K, committed 11776K, reserved 425984K
}
Event: 375.891 GC heap after
{Heap after GC invocations=26 (full 0):
 garbage-first heap   total 131072K, used 69374K [0x0000000080000000, 0x0000000100000000)
  region size 1024K, 4 young (4096K), 4 survivors (4096K)
 Metaspace       used 73435K, committed 75520K, reserved 491520K
  class space    used 10741K, committed 11776K, reserved 425984K
}
Event: 377.806 GC heap before
{Heap before GC invocations=26 (full 0):
 garbage-first heap   total 131072K, used 118526K [0x0000000080000000, 0x0000000100000000)
  region size 1024K, 53 young (54272K), 4 survivors (4096K)
 Metaspace       used 73442K, committed 75520K, reserved 491520K
  class space    used 10741K, committed 11776K, reserved 425984K
}
Event: 377.937 GC heap after
{Heap after GC invocations=27 (full 0):
 garbage-first heap   total 131072K, used 70900K [0x0000000080000000, 0x0000000100000000)
  region size 1024K, 6 young (6144K), 6 survivors (6144K)
 Metaspace       used 73442K, committed 75520K, reserved 491520K
  class space    used 10741K, committed 11776K, reserved 425984K
}
Event: 390.631 GC heap before
{Heap before GC invocations=28 (full 0):
 garbage-first heap   total 131072K, used 127220K [0x0000000080000000, 0x0000000100000000)
  region size 1024K, 55 young (56320K), 6 survivors (6144K)
 Metaspace       used 74651K, committed 76736K, reserved 491520K
  class space    used 10891K, committed 11904K, reserved 425984K
}
Event: 390.643 GC heap after
{Heap after GC invocations=29 (full 0):
 garbage-first heap   total 140288K, used 82287K [0x0000000080000000, 0x0000000100000000)
  region size 1024K, 7 young (7168K), 7 survivors (7168K)
 Metaspace       used 74651K, committed 76736K, reserved 491520K
  class space    used 10891K, committed 11904K, reserved 425984K
}
Event: 399.741 GC heap before
{Heap before GC invocations=29 (full 0):
 garbage-first heap   total 140288K, used 130415K [0x0000000080000000, 0x0000000100000000)
  region size 1024K, 51 young (52224K), 7 survivors (7168K)
 Metaspace       used 77062K, committed 79232K, reserved 557056K
  class space    used 11215K, committed 12288K, reserved 425984K
}
Event: 399.753 GC heap after
{Heap after GC invocations=30 (full 0):
 garbage-first heap   total 143360K, used 87696K [0x0000000080000000, 0x0000000100000000)
  region size 1024K, 3 young (3072K), 3 survivors (3072K)
 Metaspace       used 77062K, committed 79232K, reserved 557056K
  class space    used 11215K, committed 12288K, reserved 425984K
}
Event: 405.234 GC heap before
{Heap before GC invocations=30 (full 0):
 garbage-first heap   total 143360K, used 129680K [0x0000000080000000, 0x0000000100000000)
  region size 1024K, 45 young (46080K), 3 survivors (3072K)
 Metaspace       used 81372K, committed 83520K, reserved 557056K
  class space    used 11626K, committed 12672K, reserved 425984K
}
Event: 405.245 GC heap after
{Heap after GC invocations=31 (full 0):
 garbage-first heap   total 143360K, used 89130K [0x0000000080000000, 0x0000000100000000)
  region size 1024K, 5 young (5120K), 5 survivors (5120K)
 Metaspace       used 81372K, committed 83520K, reserved 557056K
  class space    used 11626K, committed 12672K, reserved 425984K
}

